[0.011s] Invoking command in '/home/ani/blitz_ws/build/robot_interfaces': CMAKE_PREFIX_PATH=${CMAKE_PREFIX_PATH}:/opt/ros/jazzy DEBUGINFOD_URLS=https://debuginfod.ubuntu.com /usr/bin/cmake /home/ani/blitz_ws/src/blitz_ros/robot_interfaces -DCMAKE_INSTALL_PREFIX=/home/ani/blitz_ws/install/robot_interfaces
[0.171s] -- The C compiler identification is GNU 13.3.0
[0.295s] -- The CXX compiler identification is GNU 13.3.0
[0.325s] -- Detecting C compiler ABI info
[0.457s] -- Detecting C compiler ABI info - done
[0.473s] -- Check for working C compiler: /usr/bin/cc - skipped
[0.473s] -- Detecting C compile features
[0.474s] -- Detecting C compile features - done
[0.488s] -- Detecting CXX compiler ABI info
[0.629s] -- Detecting CXX compiler ABI info - done
[0.644s] -- Check for working CXX compiler: /usr/bin/c++ - skipped
[0.644s] -- Detecting CXX compile features
[0.645s] -- Detecting CXX compile features - done
[0.651s] -- Found ament_cmake: 2.5.4 (/opt/ros/jazzy/share/ament_cmake/cmake)
[0.858s] -- Found Python3: /usr/bin/python3 (found version "3.12.3") found components: Interpreter 
[1.012s] -- Found rosidl_default_generators: 1.6.0 (/opt/ros/jazzy/share/rosidl_default_generators/cmake)
[1.023s] -- Using all available rosidl_typesupport_c: rosidl_typesupport_fastrtps_c;rosidl_typesupport_introspection_c
[1.095s] -- Using all available rosidl_typesupport_cpp: rosidl_typesupport_fastrtps_cpp;rosidl_typesupport_introspection_cpp
[1.158s] -- Found rosidl_adapter: 4.6.6 (/opt/ros/jazzy/share/rosidl_adapter/cmake)
[1.895s] -- Found ament_cmake_ros: 0.12.0 (/opt/ros/jazzy/share/ament_cmake_ros/cmake)
[2.406s] -- Using all available rosidl_typesupport_c: rosidl_typesupport_fastrtps_c;rosidl_typesupport_introspection_c
[3.038s] -- Using all available rosidl_typesupport_cpp: rosidl_typesupport_fastrtps_cpp;rosidl_typesupport_introspection_cpp
[3.041s] -- Found python_cmake_module: 0.11.1 (/opt/ros/jazzy/share/python_cmake_module/cmake)
[3.196s] -- Found PythonExtra: /usr/bin/python3  
[3.759s] -- Found Python3: /usr/bin/python3 (found version "3.12.3") found components: Interpreter Development NumPy Development.Module Development.Embed 
[3.801s] -- Configuring done (3.8s)
[3.839s] -- Generating done (0.0s)
[3.850s] -- Build files have been written to: /home/ani/blitz_ws/build/robot_interfaces
[3.856s] Invoked command in '/home/ani/blitz_ws/build/robot_interfaces' returned '0': CMAKE_PREFIX_PATH=${CMAKE_PREFIX_PATH}:/opt/ros/jazzy DEBUGINFOD_URLS=https://debuginfod.ubuntu.com /usr/bin/cmake /home/ani/blitz_ws/src/blitz_ros/robot_interfaces -DCMAKE_INSTALL_PREFIX=/home/ani/blitz_ws/install/robot_interfaces
[3.857s] Invoking command in '/home/ani/blitz_ws/build/robot_interfaces': CMAKE_PREFIX_PATH=${CMAKE_PREFIX_PATH}:/opt/ros/jazzy DEBUGINFOD_URLS=https://debuginfod.ubuntu.com /usr/bin/cmake --build /home/ani/blitz_ws/build/robot_interfaces -- -j32 -l32
[3.917s] [  1%] [34m[1mGenerating type hashes for ROS interfaces[0m
[3.926s] [  1%] Built target ament_cmake_python_copy_robot_interfaces
[4.185s] running egg_info
[4.186s] creating robot_interfaces.egg-info
[4.202s] [  1%] Built target robot_interfaces__rosidl_generator_type_description
[4.210s] writing robot_interfaces.egg-info/PKG-INFO
[4.210s] writing dependency_links to robot_interfaces.egg-info/dependency_links.txt
[4.211s] writing top-level names to robot_interfaces.egg-info/top_level.txt
[4.211s] writing manifest file 'robot_interfaces.egg-info/SOURCES.txt'
[4.217s] [  3%] [34m[1mGenerating C code for ROS interfaces[0m
[4.234s] [  4%] [34m[1mGenerating C++ code for ROS interfaces[0m
[4.283s] reading manifest file 'robot_interfaces.egg-info/SOURCES.txt'
[4.283s] writing manifest file 'robot_interfaces.egg-info/SOURCES.txt'
[4.324s] [  4%] Built target ament_cmake_python_build_robot_interfaces_egg
[4.645s] [  4%] Built target robot_interfaces__cpp
[4.729s] [  6%] [32mBuilding C object CMakeFiles/robot_interfaces__rosidl_generator_c.dir/rosidl_generator_c/robot_interfaces/msg/detail/speed__description.c.o[0m
[4.729s] [  7%] [32mBuilding C object CMakeFiles/robot_interfaces__rosidl_generator_c.dir/rosidl_generator_c/robot_interfaces/msg/detail/counter__description.c.o[0m
[4.730s] [  9%] [32mBuilding C object CMakeFiles/robot_interfaces__rosidl_generator_c.dir/rosidl_generator_c/robot_interfaces/msg/detail/speed__functions.c.o[0m
[4.730s] [ 10%] [32mBuilding C object CMakeFiles/robot_interfaces__rosidl_generator_c.dir/rosidl_generator_c/robot_interfaces/msg/detail/counter__functions.c.o[0m
[4.730s] [ 15%] [32mBuilding C object CMakeFiles/robot_interfaces__rosidl_generator_c.dir/rosidl_generator_c/robot_interfaces/msg/detail/counter__type_support.c.o[0m
[4.730s] [ 15%] [32mBuilding C object CMakeFiles/robot_interfaces__rosidl_generator_c.dir/rosidl_generator_c/robot_interfaces/msg/detail/custom__description.c.o[0m
[4.731s] [ 15%] [32mBuilding C object CMakeFiles/robot_interfaces__rosidl_generator_c.dir/rosidl_generator_c/robot_interfaces/msg/detail/pwm__functions.c.o[0m
[4.731s] [ 18%] [32mBuilding C object CMakeFiles/robot_interfaces__rosidl_generator_c.dir/rosidl_generator_c/robot_interfaces/msg/detail/custom__functions.c.o[0m
[4.732s] [ 18%] [32mBuilding C object CMakeFiles/robot_interfaces__rosidl_generator_c.dir/rosidl_generator_c/robot_interfaces/msg/detail/custom__type_support.c.o[0m
[4.733s] [ 20%] [32mBuilding C object CMakeFiles/robot_interfaces__rosidl_generator_c.dir/rosidl_generator_c/robot_interfaces/msg/detail/pwm__description.c.o[0m
[4.733s] [ 21%] [32mBuilding C object CMakeFiles/robot_interfaces__rosidl_generator_c.dir/rosidl_generator_c/robot_interfaces/msg/detail/pwm__type_support.c.o[0m
[4.733s] [ 23%] [32mBuilding C object CMakeFiles/robot_interfaces__rosidl_generator_c.dir/rosidl_generator_c/robot_interfaces/msg/detail/speed__type_support.c.o[0m
[4.820s] [ 25%] [32m[1mLinking C shared library librobot_interfaces__rosidl_generator_c.so[0m
[4.871s] [ 25%] Built target robot_interfaces__rosidl_generator_c
[4.886s] [ 26%] [34m[1mGenerating C++ introspection for ROS interfaces[0m
[4.887s] [ 28%] [34m[1mGenerating C type support for eProsima Fast-RTPS[0m
[4.888s] [ 31%] [34m[1mGenerating C++ type support dispatch for ROS interfaces[0m
[4.888s] [ 31%] [34m[1mGenerating C introspection for ROS interfaces[0m
[4.888s] [ 32%] [34m[1mGenerating C type support dispatch for ROS interfaces[0m
[4.889s] [ 34%] [34m[1mGenerating C++ type support for eProsima Fast-RTPS[0m
[5.285s] [ 37%] [32mBuilding CXX object CMakeFiles/robot_interfaces__rosidl_typesupport_c.dir/rosidl_typesupport_c/robot_interfaces/msg/counter__type_support.cpp.o[0m
[5.286s] [ 37%] [32mBuilding CXX object CMakeFiles/robot_interfaces__rosidl_typesupport_c.dir/rosidl_typesupport_c/robot_interfaces/msg/speed__type_support.cpp.o[0m
[5.286s] [ 39%] [32mBuilding CXX object CMakeFiles/robot_interfaces__rosidl_typesupport_c.dir/rosidl_typesupport_c/robot_interfaces/msg/custom__type_support.cpp.o[0m
[5.286s] [ 40%] [32mBuilding CXX object CMakeFiles/robot_interfaces__rosidl_typesupport_c.dir/rosidl_typesupport_c/robot_interfaces/msg/pwm__type_support.cpp.o[0m
[5.294s] [ 42%] [32mBuilding CXX object CMakeFiles/robot_interfaces__rosidl_typesupport_cpp.dir/rosidl_typesupport_cpp/robot_interfaces/msg/counter__type_support.cpp.o[0m
[5.294s] [ 43%] [32mBuilding CXX object CMakeFiles/robot_interfaces__rosidl_typesupport_cpp.dir/rosidl_typesupport_cpp/robot_interfaces/msg/pwm__type_support.cpp.o[0m
[5.296s] [ 45%] [32mBuilding CXX object CMakeFiles/robot_interfaces__rosidl_typesupport_cpp.dir/rosidl_typesupport_cpp/robot_interfaces/msg/custom__type_support.cpp.o[0m
[5.296s] [ 46%] [32mBuilding CXX object CMakeFiles/robot_interfaces__rosidl_typesupport_cpp.dir/rosidl_typesupport_cpp/robot_interfaces/msg/speed__type_support.cpp.o[0m
[5.324s] [ 48%] [32mBuilding CXX object CMakeFiles/robot_interfaces__rosidl_typesupport_introspection_cpp.dir/rosidl_typesupport_introspection_cpp/robot_interfaces/msg/detail/pwm__type_support.cpp.o[0m
[5.325s] [ 50%] [32mBuilding CXX object CMakeFiles/robot_interfaces__rosidl_typesupport_introspection_cpp.dir/rosidl_typesupport_introspection_cpp/robot_interfaces/msg/detail/counter__type_support.cpp.o[0m
[5.326s] [ 51%] [32mBuilding CXX object CMakeFiles/robot_interfaces__rosidl_typesupport_introspection_cpp.dir/rosidl_typesupport_introspection_cpp/robot_interfaces/msg/detail/custom__type_support.cpp.o[0m
[5.327s] [ 53%] [32mBuilding CXX object CMakeFiles/robot_interfaces__rosidl_typesupport_introspection_cpp.dir/rosidl_typesupport_introspection_cpp/robot_interfaces/msg/detail/speed__type_support.cpp.o[0m
[5.329s] [ 54%] [32mBuilding C object CMakeFiles/robot_interfaces__rosidl_typesupport_introspection_c.dir/rosidl_typesupport_introspection_c/robot_interfaces/msg/detail/custom__type_support.c.o[0m
[5.330s] [ 56%] [32mBuilding C object CMakeFiles/robot_interfaces__rosidl_typesupport_introspection_c.dir/rosidl_typesupport_introspection_c/robot_interfaces/msg/detail/pwm__type_support.c.o[0m
[5.331s] [ 57%] [32mBuilding C object CMakeFiles/robot_interfaces__rosidl_typesupport_introspection_c.dir/rosidl_typesupport_introspection_c/robot_interfaces/msg/detail/speed__type_support.c.o[0m
[5.332s] [ 59%] [32mBuilding C object CMakeFiles/robot_interfaces__rosidl_typesupport_introspection_c.dir/rosidl_typesupport_introspection_c/robot_interfaces/msg/detail/counter__type_support.c.o[0m
[5.375s] [ 60%] [32m[1mLinking CXX shared library librobot_interfaces__rosidl_typesupport_c.so[0m
[5.401s] [ 62%] [32m[1mLinking C shared library librobot_interfaces__rosidl_typesupport_introspection_c.so[0m
[5.414s] [ 64%] [32mBuilding CXX object CMakeFiles/robot_interfaces__rosidl_typesupport_fastrtps_cpp.dir/rosidl_typesupport_fastrtps_cpp/robot_interfaces/msg/detail/dds_fastrtps/custom__type_support.cpp.o[0m
[5.415s] [ 67%] [32mBuilding CXX object CMakeFiles/robot_interfaces__rosidl_typesupport_fastrtps_cpp.dir/rosidl_typesupport_fastrtps_cpp/robot_interfaces/msg/detail/dds_fastrtps/speed__type_support.cpp.o[0m
[5.415s] [ 67%] [32mBuilding CXX object CMakeFiles/robot_interfaces__rosidl_typesupport_fastrtps_cpp.dir/rosidl_typesupport_fastrtps_cpp/robot_interfaces/msg/detail/dds_fastrtps/counter__type_support.cpp.o[0m
[5.415s] [ 68%] [32mBuilding CXX object CMakeFiles/robot_interfaces__rosidl_typesupport_fastrtps_cpp.dir/rosidl_typesupport_fastrtps_cpp/robot_interfaces/msg/detail/dds_fastrtps/pwm__type_support.cpp.o[0m
[5.439s] [ 70%] [32mBuilding CXX object CMakeFiles/robot_interfaces__rosidl_typesupport_fastrtps_c.dir/rosidl_typesupport_fastrtps_c/robot_interfaces/msg/detail/pwm__type_support_c.cpp.o[0m
[5.439s] [ 71%] [32mBuilding CXX object CMakeFiles/robot_interfaces__rosidl_typesupport_fastrtps_c.dir/rosidl_typesupport_fastrtps_c/robot_interfaces/msg/detail/counter__type_support_c.cpp.o[0m
[5.441s] [ 73%] [32mBuilding CXX object CMakeFiles/robot_interfaces__rosidl_typesupport_fastrtps_c.dir/rosidl_typesupport_fastrtps_c/robot_interfaces/msg/detail/custom__type_support_c.cpp.o[0m
[5.442s] [ 75%] [32mBuilding CXX object CMakeFiles/robot_interfaces__rosidl_typesupport_fastrtps_c.dir/rosidl_typesupport_fastrtps_c/robot_interfaces/msg/detail/speed__type_support_c.cpp.o[0m
[5.445s] [ 75%] Built target robot_interfaces__rosidl_typesupport_c
[5.450s] [ 75%] Built target robot_interfaces__rosidl_typesupport_introspection_c
[5.987s] [ 76%] [32m[1mLinking CXX shared library librobot_interfaces__rosidl_typesupport_cpp.so[0m
[6.020s] [ 78%] [32m[1mLinking CXX shared library librobot_interfaces__rosidl_typesupport_introspection_cpp.so[0m
[6.065s] [ 78%] Built target robot_interfaces__rosidl_typesupport_cpp
[6.095s] [ 78%] Built target robot_interfaces__rosidl_typesupport_introspection_cpp
[6.144s] [ 79%] [32m[1mLinking CXX shared library librobot_interfaces__rosidl_typesupport_fastrtps_c.so[0m
[6.222s] [ 79%] Built target robot_interfaces__rosidl_typesupport_fastrtps_c
[6.288s] [ 81%] [32m[1mLinking CXX shared library librobot_interfaces__rosidl_typesupport_fastrtps_cpp.so[0m
[6.344s] [ 81%] Built target robot_interfaces__rosidl_typesupport_fastrtps_cpp
[6.368s] [ 81%] Built target robot_interfaces
[6.392s] [ 82%] [34m[1mGenerating Python code for ROS interfaces[0m
[6.867s] [ 82%] Built target robot_interfaces__py
[6.898s] [ 84%] [32mBuilding C object CMakeFiles/robot_interfaces__rosidl_generator_py.dir/rosidl_generator_py/robot_interfaces/msg/_speed_s.c.o[0m
[6.898s] [ 85%] [32mBuilding C object CMakeFiles/robot_interfaces__rosidl_generator_py.dir/rosidl_generator_py/robot_interfaces/msg/_counter_s.c.o[0m
[6.899s] [ 87%] [32mBuilding C object CMakeFiles/robot_interfaces__rosidl_generator_py.dir/rosidl_generator_py/robot_interfaces/msg/_custom_s.c.o[0m
[6.899s] [ 89%] [32mBuilding C object CMakeFiles/robot_interfaces__rosidl_generator_py.dir/rosidl_generator_py/robot_interfaces/msg/_pwm_s.c.o[0m
[7.086s] [ 90%] [32m[1mLinking C shared library librobot_interfaces__rosidl_generator_py.so[0m
[7.145s] [ 90%] Built target robot_interfaces__rosidl_generator_py
[7.169s] [ 92%] [32mBuilding C object CMakeFiles/robot_interfaces_s__rosidl_typesupport_introspection_c.dir/rosidl_generator_py/robot_interfaces/_robot_interfaces_s.ep.rosidl_typesupport_introspection_c.c.o[0m
[7.173s] [ 93%] [32mBuilding C object CMakeFiles/robot_interfaces_s__rosidl_typesupport_fastrtps_c.dir/rosidl_generator_py/robot_interfaces/_robot_interfaces_s.ep.rosidl_typesupport_fastrtps_c.c.o[0m
[7.173s] [ 95%] [32mBuilding C object CMakeFiles/robot_interfaces_s__rosidl_typesupport_c.dir/rosidl_generator_py/robot_interfaces/_robot_interfaces_s.ep.rosidl_typesupport_c.c.o[0m
[7.315s] [ 96%] [32m[1mLinking C shared module rosidl_generator_py/robot_interfaces/robot_interfaces_s__rosidl_typesupport_introspection_c.so[0m
[7.319s] [ 98%] [32m[1mLinking C shared module rosidl_generator_py/robot_interfaces/robot_interfaces_s__rosidl_typesupport_fastrtps_c.so[0m
[7.320s] [100%] [32m[1mLinking C shared module rosidl_generator_py/robot_interfaces/robot_interfaces_s__rosidl_typesupport_c.so[0m
[7.359s] [100%] Built target robot_interfaces_s__rosidl_typesupport_introspection_c
[7.362s] [100%] Built target robot_interfaces_s__rosidl_typesupport_c
[7.363s] [100%] Built target robot_interfaces_s__rosidl_typesupport_fastrtps_c
[7.379s] Invoked command in '/home/ani/blitz_ws/build/robot_interfaces' returned '0': CMAKE_PREFIX_PATH=${CMAKE_PREFIX_PATH}:/opt/ros/jazzy DEBUGINFOD_URLS=https://debuginfod.ubuntu.com /usr/bin/cmake --build /home/ani/blitz_ws/build/robot_interfaces -- -j32 -l32
[7.381s] Invoking command in '/home/ani/blitz_ws/build/robot_interfaces': CMAKE_PREFIX_PATH=${CMAKE_PREFIX_PATH}:/opt/ros/jazzy DEBUGINFOD_URLS=https://debuginfod.ubuntu.com /usr/bin/cmake --install /home/ani/blitz_ws/build/robot_interfaces
[7.390s] -- Install configuration: ""
[7.391s] -- Installing: /home/ani/blitz_ws/install/robot_interfaces/share/ament_index/resource_index/rosidl_interfaces/robot_interfaces
[7.391s] -- Installing: /home/ani/blitz_ws/install/robot_interfaces/share/robot_interfaces/msg/Counter.json
[7.391s] -- Installing: /home/ani/blitz_ws/install/robot_interfaces/share/robot_interfaces/msg/Custom.json
[7.391s] -- Installing: /home/ani/blitz_ws/install/robot_interfaces/share/robot_interfaces/msg/Speed.json
[7.392s] -- Installing: /home/ani/blitz_ws/install/robot_interfaces/share/robot_interfaces/msg/Pwm.json
[7.392s] -- Installing: /home/ani/blitz_ws/install/robot_interfaces/include/robot_interfaces/robot_interfaces
[7.392s] -- Installing: /home/ani/blitz_ws/install/robot_interfaces/include/robot_interfaces/robot_interfaces/msg
[7.392s] -- Installing: /home/ani/blitz_ws/install/robot_interfaces/include/robot_interfaces/robot_interfaces/msg/speed.h
[7.392s] -- Installing: /home/ani/blitz_ws/install/robot_interfaces/include/robot_interfaces/robot_interfaces/msg/pwm.h
[7.392s] -- Installing: /home/ani/blitz_ws/install/robot_interfaces/include/robot_interfaces/robot_interfaces/msg/custom.h
[7.392s] -- Installing: /home/ani/blitz_ws/install/robot_interfaces/include/robot_interfaces/robot_interfaces/msg/detail
[7.392s] -- Installing: /home/ani/blitz_ws/install/robot_interfaces/include/robot_interfaces/robot_interfaces/msg/detail/pwm__struct.h
[7.392s] -- Installing: /home/ani/blitz_ws/install/robot_interfaces/include/robot_interfaces/robot_interfaces/msg/detail/pwm__type_support.c
[7.393s] -- Installing: /home/ani/blitz_ws/install/robot_interfaces/include/robot_interfaces/robot_interfaces/msg/detail/pwm__type_support.h
[7.393s] -- Installing: /home/ani/blitz_ws/install/robot_interfaces/include/robot_interfaces/robot_interfaces/msg/detail/speed__functions.c
[7.393s] -- Installing: /home/ani/blitz_ws/install/robot_interfaces/include/robot_interfaces/robot_interfaces/msg/detail/custom__type_support.h
[7.393s] -- Installing: /home/ani/blitz_ws/install/robot_interfaces/include/robot_interfaces/robot_interfaces/msg/detail/counter__type_support.h
[7.393s] -- Installing: /home/ani/blitz_ws/install/robot_interfaces/include/robot_interfaces/robot_interfaces/msg/detail/counter__functions.c
[7.393s] -- Installing: /home/ani/blitz_ws/install/robot_interfaces/include/robot_interfaces/robot_interfaces/msg/detail/custom__functions.h
[7.393s] -- Installing: /home/ani/blitz_ws/install/robot_interfaces/include/robot_interfaces/robot_interfaces/msg/detail/custom__description.c
[7.393s] -- Installing: /home/ani/blitz_ws/install/robot_interfaces/include/robot_interfaces/robot_interfaces/msg/detail/pwm__functions.h
[7.393s] -- Installing: /home/ani/blitz_ws/install/robot_interfaces/include/robot_interfaces/robot_interfaces/msg/detail/speed__type_support.h
[7.393s] -- Installing: /home/ani/blitz_ws/install/robot_interfaces/include/robot_interfaces/robot_interfaces/msg/detail/speed__struct.h
[7.394s] -- Installing: /home/ani/blitz_ws/install/robot_interfaces/include/robot_interfaces/robot_interfaces/msg/detail/custom__type_support.c
[7.394s] -- Installing: /home/ani/blitz_ws/install/robot_interfaces/include/robot_interfaces/robot_interfaces/msg/detail/speed__description.c
[7.394s] -- Installing: /home/ani/blitz_ws/install/robot_interfaces/include/robot_interfaces/robot_interfaces/msg/detail/pwm__description.c
[7.394s] -- Installing: /home/ani/blitz_ws/install/robot_interfaces/include/robot_interfaces/robot_interfaces/msg/detail/counter__functions.h
[7.394s] -- Installing: /home/ani/blitz_ws/install/robot_interfaces/include/robot_interfaces/robot_interfaces/msg/detail/counter__type_support.c
[7.395s] -- Installing: /home/ani/blitz_ws/install/robot_interfaces/include/robot_interfaces/robot_interfaces/msg/detail/custom__struct.h
[7.395s] -- Installing: /home/ani/blitz_ws/install/robot_interfaces/include/robot_interfaces/robot_interfaces/msg/detail/speed__type_support.c
[7.395s] -- Installing: /home/ani/blitz_ws/install/robot_interfaces/include/robot_interfaces/robot_interfaces/msg/detail/speed__functions.h
[7.395s] -- Installing: /home/ani/blitz_ws/install/robot_interfaces/include/robot_interfaces/robot_interfaces/msg/detail/counter__struct.h
[7.395s] -- Installing: /home/ani/blitz_ws/install/robot_interfaces/include/robot_interfaces/robot_interfaces/msg/detail/counter__description.c
[7.395s] -- Installing: /home/ani/blitz_ws/install/robot_interfaces/include/robot_interfaces/robot_interfaces/msg/detail/custom__functions.c
[7.396s] -- Installing: /home/ani/blitz_ws/install/robot_interfaces/include/robot_interfaces/robot_interfaces/msg/detail/pwm__functions.c
[7.396s] -- Installing: /home/ani/blitz_ws/install/robot_interfaces/include/robot_interfaces/robot_interfaces/msg/counter.h
[7.396s] -- Installing: /home/ani/blitz_ws/install/robot_interfaces/include/robot_interfaces/robot_interfaces/msg/rosidl_generator_c__visibility_control.h
[7.396s] -- Installing: /home/ani/blitz_ws/install/robot_interfaces/share/robot_interfaces/environment/library_path.sh
[7.396s] -- Installing: /home/ani/blitz_ws/install/robot_interfaces/share/robot_interfaces/environment/library_path.dsv
[7.396s] -- Installing: /home/ani/blitz_ws/install/robot_interfaces/lib/librobot_interfaces__rosidl_generator_c.so
[7.396s] -- Set non-toolchain portion of runtime path of "/home/ani/blitz_ws/install/robot_interfaces/lib/librobot_interfaces__rosidl_generator_c.so" to ""
[7.397s] -- Up-to-date: /home/ani/blitz_ws/install/robot_interfaces/include/robot_interfaces/robot_interfaces
[7.397s] -- Up-to-date: /home/ani/blitz_ws/install/robot_interfaces/include/robot_interfaces/robot_interfaces/msg
[7.397s] -- Installing: /home/ani/blitz_ws/install/robot_interfaces/include/robot_interfaces/robot_interfaces/msg/rosidl_typesupport_fastrtps_c__visibility_control.h
[7.397s] -- Up-to-date: /home/ani/blitz_ws/install/robot_interfaces/include/robot_interfaces/robot_interfaces/msg/detail
[7.397s] -- Installing: /home/ani/blitz_ws/install/robot_interfaces/include/robot_interfaces/robot_interfaces/msg/detail/speed__rosidl_typesupport_fastrtps_c.h
[7.398s] -- Installing: /home/ani/blitz_ws/install/robot_interfaces/include/robot_interfaces/robot_interfaces/msg/detail/counter__rosidl_typesupport_fastrtps_c.h
[7.398s] -- Installing: /home/ani/blitz_ws/install/robot_interfaces/include/robot_interfaces/robot_interfaces/msg/detail/pwm__rosidl_typesupport_fastrtps_c.h
[7.398s] -- Installing: /home/ani/blitz_ws/install/robot_interfaces/include/robot_interfaces/robot_interfaces/msg/detail/custom__rosidl_typesupport_fastrtps_c.h
[7.398s] -- Installing: /home/ani/blitz_ws/install/robot_interfaces/lib/librobot_interfaces__rosidl_typesupport_fastrtps_c.so
[7.398s] -- Set non-toolchain portion of runtime path of "/home/ani/blitz_ws/install/robot_interfaces/lib/librobot_interfaces__rosidl_typesupport_fastrtps_c.so" to ""
[7.398s] -- Up-to-date: /home/ani/blitz_ws/install/robot_interfaces/include/robot_interfaces/robot_interfaces
[7.398s] -- Up-to-date: /home/ani/blitz_ws/install/robot_interfaces/include/robot_interfaces/robot_interfaces/msg
[7.398s] -- Up-to-date: /home/ani/blitz_ws/install/robot_interfaces/include/robot_interfaces/robot_interfaces/msg/detail
[7.398s] -- Installing: /home/ani/blitz_ws/install/robot_interfaces/include/robot_interfaces/robot_interfaces/msg/detail/pwm__type_support.c
[7.398s] -- Installing: /home/ani/blitz_ws/install/robot_interfaces/include/robot_interfaces/robot_interfaces/msg/detail/custom__rosidl_typesupport_introspection_c.h
[7.398s] -- Installing: /home/ani/blitz_ws/install/robot_interfaces/include/robot_interfaces/robot_interfaces/msg/detail/custom__type_support.c
[7.399s] -- Installing: /home/ani/blitz_ws/install/robot_interfaces/include/robot_interfaces/robot_interfaces/msg/detail/counter__type_support.c
[7.399s] -- Installing: /home/ani/blitz_ws/install/robot_interfaces/include/robot_interfaces/robot_interfaces/msg/detail/speed__type_support.c
[7.399s] -- Installing: /home/ani/blitz_ws/install/robot_interfaces/include/robot_interfaces/robot_interfaces/msg/detail/counter__rosidl_typesupport_introspection_c.h
[7.399s] -- Installing: /home/ani/blitz_ws/install/robot_interfaces/include/robot_interfaces/robot_interfaces/msg/detail/pwm__rosidl_typesupport_introspection_c.h
[7.399s] -- Installing: /home/ani/blitz_ws/install/robot_interfaces/include/robot_interfaces/robot_interfaces/msg/detail/speed__rosidl_typesupport_introspection_c.h
[7.399s] -- Installing: /home/ani/blitz_ws/install/robot_interfaces/include/robot_interfaces/robot_interfaces/msg/rosidl_typesupport_introspection_c__visibility_control.h
[7.399s] -- Installing: /home/ani/blitz_ws/install/robot_interfaces/lib/librobot_interfaces__rosidl_typesupport_introspection_c.so
[7.399s] -- Set non-toolchain portion of runtime path of "/home/ani/blitz_ws/install/robot_interfaces/lib/librobot_interfaces__rosidl_typesupport_introspection_c.so" to ""
[7.399s] -- Installing: /home/ani/blitz_ws/install/robot_interfaces/lib/librobot_interfaces__rosidl_typesupport_c.so
[7.400s] -- Set non-toolchain portion of runtime path of "/home/ani/blitz_ws/install/robot_interfaces/lib/librobot_interfaces__rosidl_typesupport_c.so" to ""
[7.400s] -- Up-to-date: /home/ani/blitz_ws/install/robot_interfaces/include/robot_interfaces/robot_interfaces
[7.400s] -- Up-to-date: /home/ani/blitz_ws/install/robot_interfaces/include/robot_interfaces/robot_interfaces/msg
[7.400s] -- Installing: /home/ani/blitz_ws/install/robot_interfaces/include/robot_interfaces/robot_interfaces/msg/counter.hpp
[7.400s] -- Installing: /home/ani/blitz_ws/install/robot_interfaces/include/robot_interfaces/robot_interfaces/msg/rosidl_generator_cpp__visibility_control.hpp
[7.400s] -- Installing: /home/ani/blitz_ws/install/robot_interfaces/include/robot_interfaces/robot_interfaces/msg/pwm.hpp
[7.400s] -- Up-to-date: /home/ani/blitz_ws/install/robot_interfaces/include/robot_interfaces/robot_interfaces/msg/detail
[7.400s] -- Installing: /home/ani/blitz_ws/install/robot_interfaces/include/robot_interfaces/robot_interfaces/msg/detail/pwm__builder.hpp
[7.400s] -- Installing: /home/ani/blitz_ws/install/robot_interfaces/include/robot_interfaces/robot_interfaces/msg/detail/counter__struct.hpp
[7.400s] -- Installing: /home/ani/blitz_ws/install/robot_interfaces/include/robot_interfaces/robot_interfaces/msg/detail/custom__traits.hpp
[7.400s] -- Installing: /home/ani/blitz_ws/install/robot_interfaces/include/robot_interfaces/robot_interfaces/msg/detail/counter__traits.hpp
[7.400s] -- Installing: /home/ani/blitz_ws/install/robot_interfaces/include/robot_interfaces/robot_interfaces/msg/detail/custom__type_support.hpp
[7.401s] -- Installing: /home/ani/blitz_ws/install/robot_interfaces/include/robot_interfaces/robot_interfaces/msg/detail/custom__struct.hpp
[7.401s] -- Installing: /home/ani/blitz_ws/install/robot_interfaces/include/robot_interfaces/robot_interfaces/msg/detail/speed__type_support.hpp
[7.401s] -- Installing: /home/ani/blitz_ws/install/robot_interfaces/include/robot_interfaces/robot_interfaces/msg/detail/custom__builder.hpp
[7.401s] -- Installing: /home/ani/blitz_ws/install/robot_interfaces/include/robot_interfaces/robot_interfaces/msg/detail/speed__builder.hpp
[7.401s] -- Installing: /home/ani/blitz_ws/install/robot_interfaces/include/robot_interfaces/robot_interfaces/msg/detail/speed__struct.hpp
[7.401s] -- Installing: /home/ani/blitz_ws/install/robot_interfaces/include/robot_interfaces/robot_interfaces/msg/detail/speed__traits.hpp
[7.401s] -- Installing: /home/ani/blitz_ws/install/robot_interfaces/include/robot_interfaces/robot_interfaces/msg/detail/pwm__struct.hpp
[7.401s] -- Installing: /home/ani/blitz_ws/install/robot_interfaces/include/robot_interfaces/robot_interfaces/msg/detail/counter__builder.hpp
[7.401s] -- Installing: /home/ani/blitz_ws/install/robot_interfaces/include/robot_interfaces/robot_interfaces/msg/detail/pwm__traits.hpp
[7.401s] -- Installing: /home/ani/blitz_ws/install/robot_interfaces/include/robot_interfaces/robot_interfaces/msg/detail/pwm__type_support.hpp
[7.401s] -- Installing: /home/ani/blitz_ws/install/robot_interfaces/include/robot_interfaces/robot_interfaces/msg/detail/counter__type_support.hpp
[7.401s] -- Installing: /home/ani/blitz_ws/install/robot_interfaces/include/robot_interfaces/robot_interfaces/msg/speed.hpp
[7.402s] -- Installing: /home/ani/blitz_ws/install/robot_interfaces/include/robot_interfaces/robot_interfaces/msg/custom.hpp
[7.402s] -- Up-to-date: /home/ani/blitz_ws/install/robot_interfaces/include/robot_interfaces/robot_interfaces
[7.402s] -- Up-to-date: /home/ani/blitz_ws/install/robot_interfaces/include/robot_interfaces/robot_interfaces/msg
[7.402s] -- Installing: /home/ani/blitz_ws/install/robot_interfaces/include/robot_interfaces/robot_interfaces/msg/rosidl_typesupport_fastrtps_cpp__visibility_control.h
[7.402s] -- Up-to-date: /home/ani/blitz_ws/install/robot_interfaces/include/robot_interfaces/robot_interfaces/msg/detail
[7.402s] -- Installing: /home/ani/blitz_ws/install/robot_interfaces/include/robot_interfaces/robot_interfaces/msg/detail/dds_fastrtps
[7.402s] -- Installing: /home/ani/blitz_ws/install/robot_interfaces/include/robot_interfaces/robot_interfaces/msg/detail/speed__rosidl_typesupport_fastrtps_cpp.hpp
[7.402s] -- Installing: /home/ani/blitz_ws/install/robot_interfaces/include/robot_interfaces/robot_interfaces/msg/detail/counter__rosidl_typesupport_fastrtps_cpp.hpp
[7.402s] -- Installing: /home/ani/blitz_ws/install/robot_interfaces/include/robot_interfaces/robot_interfaces/msg/detail/custom__rosidl_typesupport_fastrtps_cpp.hpp
[7.402s] -- Installing: /home/ani/blitz_ws/install/robot_interfaces/include/robot_interfaces/robot_interfaces/msg/detail/pwm__rosidl_typesupport_fastrtps_cpp.hpp
[7.402s] -- Installing: /home/ani/blitz_ws/install/robot_interfaces/lib/librobot_interfaces__rosidl_typesupport_fastrtps_cpp.so
[7.403s] -- Set non-toolchain portion of runtime path of "/home/ani/blitz_ws/install/robot_interfaces/lib/librobot_interfaces__rosidl_typesupport_fastrtps_cpp.so" to ""
[7.403s] -- Up-to-date: /home/ani/blitz_ws/install/robot_interfaces/include/robot_interfaces/robot_interfaces
[7.403s] -- Up-to-date: /home/ani/blitz_ws/install/robot_interfaces/include/robot_interfaces/robot_interfaces/msg
[7.403s] -- Up-to-date: /home/ani/blitz_ws/install/robot_interfaces/include/robot_interfaces/robot_interfaces/msg/detail
[7.403s] -- Installing: /home/ani/blitz_ws/install/robot_interfaces/include/robot_interfaces/robot_interfaces/msg/detail/counter__type_support.cpp
[7.403s] -- Installing: /home/ani/blitz_ws/install/robot_interfaces/include/robot_interfaces/robot_interfaces/msg/detail/speed__rosidl_typesupport_introspection_cpp.hpp
[7.403s] -- Installing: /home/ani/blitz_ws/install/robot_interfaces/include/robot_interfaces/robot_interfaces/msg/detail/custom__rosidl_typesupport_introspection_cpp.hpp
[7.403s] -- Installing: /home/ani/blitz_ws/install/robot_interfaces/include/robot_interfaces/robot_interfaces/msg/detail/counter__rosidl_typesupport_introspection_cpp.hpp
[7.403s] -- Installing: /home/ani/blitz_ws/install/robot_interfaces/include/robot_interfaces/robot_interfaces/msg/detail/pwm__rosidl_typesupport_introspection_cpp.hpp
[7.403s] -- Installing: /home/ani/blitz_ws/install/robot_interfaces/include/robot_interfaces/robot_interfaces/msg/detail/custom__type_support.cpp
[7.403s] -- Installing: /home/ani/blitz_ws/install/robot_interfaces/include/robot_interfaces/robot_interfaces/msg/detail/pwm__type_support.cpp
[7.403s] -- Installing: /home/ani/blitz_ws/install/robot_interfaces/include/robot_interfaces/robot_interfaces/msg/detail/speed__type_support.cpp
[7.403s] -- Installing: /home/ani/blitz_ws/install/robot_interfaces/lib/librobot_interfaces__rosidl_typesupport_introspection_cpp.so
[7.404s] -- Set non-toolchain portion of runtime path of "/home/ani/blitz_ws/install/robot_interfaces/lib/librobot_interfaces__rosidl_typesupport_introspection_cpp.so" to ""
[7.404s] -- Installing: /home/ani/blitz_ws/install/robot_interfaces/lib/librobot_interfaces__rosidl_typesupport_cpp.so
[7.404s] -- Set non-toolchain portion of runtime path of "/home/ani/blitz_ws/install/robot_interfaces/lib/librobot_interfaces__rosidl_typesupport_cpp.so" to ""
[7.404s] -- Installing: /home/ani/blitz_ws/install/robot_interfaces/share/robot_interfaces/environment/pythonpath.sh
[7.404s] -- Installing: /home/ani/blitz_ws/install/robot_interfaces/share/robot_interfaces/environment/pythonpath.dsv
[7.404s] -- Installing: /home/ani/blitz_ws/install/robot_interfaces/lib/python3.12/site-packages/robot_interfaces-0.0.0-py3.12.egg-info
[7.404s] -- Installing: /home/ani/blitz_ws/install/robot_interfaces/lib/python3.12/site-packages/robot_interfaces-0.0.0-py3.12.egg-info/SOURCES.txt
[7.404s] -- Installing: /home/ani/blitz_ws/install/robot_interfaces/lib/python3.12/site-packages/robot_interfaces-0.0.0-py3.12.egg-info/top_level.txt
[7.404s] -- Installing: /home/ani/blitz_ws/install/robot_interfaces/lib/python3.12/site-packages/robot_interfaces-0.0.0-py3.12.egg-info/dependency_links.txt
[7.404s] -- Installing: /home/ani/blitz_ws/install/robot_interfaces/lib/python3.12/site-packages/robot_interfaces-0.0.0-py3.12.egg-info/PKG-INFO
[7.404s] -- Installing: /home/ani/blitz_ws/install/robot_interfaces/lib/python3.12/site-packages/robot_interfaces
[7.404s] -- Installing: /home/ani/blitz_ws/install/robot_interfaces/lib/python3.12/site-packages/robot_interfaces/_robot_interfaces_s.ep.rosidl_typesupport_fastrtps_c.c
[7.404s] -- Installing: /home/ani/blitz_ws/install/robot_interfaces/lib/python3.12/site-packages/robot_interfaces/_robot_interfaces_s.ep.rosidl_typesupport_introspection_c.c
[7.404s] -- Installing: /home/ani/blitz_ws/install/robot_interfaces/lib/python3.12/site-packages/robot_interfaces/msg
[7.405s] -- Installing: /home/ani/blitz_ws/install/robot_interfaces/lib/python3.12/site-packages/robot_interfaces/msg/_counter.py
[7.405s] -- Installing: /home/ani/blitz_ws/install/robot_interfaces/lib/python3.12/site-packages/robot_interfaces/msg/_speed_s.c
[7.405s] -- Installing: /home/ani/blitz_ws/install/robot_interfaces/lib/python3.12/site-packages/robot_interfaces/msg/_speed.py
[7.405s] -- Installing: /home/ani/blitz_ws/install/robot_interfaces/lib/python3.12/site-packages/robot_interfaces/msg/__init__.py
[7.405s] -- Installing: /home/ani/blitz_ws/install/robot_interfaces/lib/python3.12/site-packages/robot_interfaces/msg/_custom_s.c
[7.405s] -- Installing: /home/ani/blitz_ws/install/robot_interfaces/lib/python3.12/site-packages/robot_interfaces/msg/_pwm.py
[7.405s] -- Installing: /home/ani/blitz_ws/install/robot_interfaces/lib/python3.12/site-packages/robot_interfaces/msg/_counter_s.c
[7.405s] -- Installing: /home/ani/blitz_ws/install/robot_interfaces/lib/python3.12/site-packages/robot_interfaces/msg/_custom.py
[7.405s] -- Installing: /home/ani/blitz_ws/install/robot_interfaces/lib/python3.12/site-packages/robot_interfaces/msg/_pwm_s.c
[7.405s] -- Installing: /home/ani/blitz_ws/install/robot_interfaces/lib/python3.12/site-packages/robot_interfaces/_robot_interfaces_s.ep.rosidl_typesupport_c.c
[7.405s] -- Installing: /home/ani/blitz_ws/install/robot_interfaces/lib/python3.12/site-packages/robot_interfaces/robot_interfaces_s__rosidl_typesupport_c.so
[7.405s] -- Installing: /home/ani/blitz_ws/install/robot_interfaces/lib/python3.12/site-packages/robot_interfaces/__init__.py
[7.405s] -- Installing: /home/ani/blitz_ws/install/robot_interfaces/lib/python3.12/site-packages/robot_interfaces/robot_interfaces_s__rosidl_typesupport_fastrtps_c.so
[7.405s] -- Installing: /home/ani/blitz_ws/install/robot_interfaces/lib/python3.12/site-packages/robot_interfaces/robot_interfaces_s__rosidl_typesupport_introspection_c.so
[7.458s] Listing '/home/ani/blitz_ws/install/robot_interfaces/lib/python3.12/site-packages/robot_interfaces'...
[7.458s] Compiling '/home/ani/blitz_ws/install/robot_interfaces/lib/python3.12/site-packages/robot_interfaces/__init__.py'...
[7.458s] Listing '/home/ani/blitz_ws/install/robot_interfaces/lib/python3.12/site-packages/robot_interfaces/msg'...
[7.458s] Compiling '/home/ani/blitz_ws/install/robot_interfaces/lib/python3.12/site-packages/robot_interfaces/msg/__init__.py'...
[7.458s] Compiling '/home/ani/blitz_ws/install/robot_interfaces/lib/python3.12/site-packages/robot_interfaces/msg/_counter.py'...
[7.458s] Compiling '/home/ani/blitz_ws/install/robot_interfaces/lib/python3.12/site-packages/robot_interfaces/msg/_custom.py'...
[7.458s] Compiling '/home/ani/blitz_ws/install/robot_interfaces/lib/python3.12/site-packages/robot_interfaces/msg/_pwm.py'...
[7.458s] Compiling '/home/ani/blitz_ws/install/robot_interfaces/lib/python3.12/site-packages/robot_interfaces/msg/_speed.py'...
[7.463s] -- Installing: /home/ani/blitz_ws/install/robot_interfaces/lib/python3.12/site-packages/robot_interfaces/robot_interfaces_s__rosidl_typesupport_fastrtps_c.so
[7.463s] -- Set non-toolchain portion of runtime path of "/home/ani/blitz_ws/install/robot_interfaces/lib/python3.12/site-packages/robot_interfaces/robot_interfaces_s__rosidl_typesupport_fastrtps_c.so" to ""
[7.463s] -- Installing: /home/ani/blitz_ws/install/robot_interfaces/lib/python3.12/site-packages/robot_interfaces/robot_interfaces_s__rosidl_typesupport_introspection_c.so
[7.464s] -- Set non-toolchain portion of runtime path of "/home/ani/blitz_ws/install/robot_interfaces/lib/python3.12/site-packages/robot_interfaces/robot_interfaces_s__rosidl_typesupport_introspection_c.so" to ""
[7.464s] -- Installing: /home/ani/blitz_ws/install/robot_interfaces/lib/python3.12/site-packages/robot_interfaces/robot_interfaces_s__rosidl_typesupport_c.so
[7.464s] -- Set non-toolchain portion of runtime path of "/home/ani/blitz_ws/install/robot_interfaces/lib/python3.12/site-packages/robot_interfaces/robot_interfaces_s__rosidl_typesupport_c.so" to ""
[7.464s] -- Installing: /home/ani/blitz_ws/install/robot_interfaces/lib/librobot_interfaces__rosidl_generator_py.so
[7.464s] -- Set non-toolchain portion of runtime path of "/home/ani/blitz_ws/install/robot_interfaces/lib/librobot_interfaces__rosidl_generator_py.so" to ""
[7.464s] -- Installing: /home/ani/blitz_ws/install/robot_interfaces/share/robot_interfaces/msg/Counter.idl
[7.464s] -- Installing: /home/ani/blitz_ws/install/robot_interfaces/share/robot_interfaces/msg/Custom.idl
[7.464s] -- Installing: /home/ani/blitz_ws/install/robot_interfaces/share/robot_interfaces/msg/Speed.idl
[7.464s] -- Installing: /home/ani/blitz_ws/install/robot_interfaces/share/robot_interfaces/msg/Pwm.idl
[7.464s] -- Installing: /home/ani/blitz_ws/install/robot_interfaces/share/robot_interfaces/msg/Counter.msg
[7.465s] -- Installing: /home/ani/blitz_ws/install/robot_interfaces/share/robot_interfaces/msg/Custom.msg
[7.465s] -- Installing: /home/ani/blitz_ws/install/robot_interfaces/share/robot_interfaces/msg/Speed.msg
[7.465s] -- Installing: /home/ani/blitz_ws/install/robot_interfaces/share/robot_interfaces/msg/Pwm.msg
[7.465s] -- Installing: /home/ani/blitz_ws/install/robot_interfaces/share/ament_index/resource_index/package_run_dependencies/robot_interfaces
[7.465s] -- Installing: /home/ani/blitz_ws/install/robot_interfaces/share/ament_index/resource_index/parent_prefix_path/robot_interfaces
[7.465s] -- Installing: /home/ani/blitz_ws/install/robot_interfaces/share/robot_interfaces/environment/ament_prefix_path.sh
[7.465s] -- Installing: /home/ani/blitz_ws/install/robot_interfaces/share/robot_interfaces/environment/ament_prefix_path.dsv
[7.465s] -- Installing: /home/ani/blitz_ws/install/robot_interfaces/share/robot_interfaces/environment/path.sh
[7.465s] -- Installing: /home/ani/blitz_ws/install/robot_interfaces/share/robot_interfaces/environment/path.dsv
[7.465s] -- Installing: /home/ani/blitz_ws/install/robot_interfaces/share/robot_interfaces/local_setup.bash
[7.465s] -- Installing: /home/ani/blitz_ws/install/robot_interfaces/share/robot_interfaces/local_setup.sh
[7.465s] -- Installing: /home/ani/blitz_ws/install/robot_interfaces/share/robot_interfaces/local_setup.zsh
[7.465s] -- Installing: /home/ani/blitz_ws/install/robot_interfaces/share/robot_interfaces/local_setup.dsv
[7.465s] -- Installing: /home/ani/blitz_ws/install/robot_interfaces/share/robot_interfaces/package.dsv
[7.465s] -- Installing: /home/ani/blitz_ws/install/robot_interfaces/share/ament_index/resource_index/packages/robot_interfaces
[7.466s] -- Installing: /home/ani/blitz_ws/install/robot_interfaces/share/robot_interfaces/cmake/export_robot_interfaces__rosidl_generator_cExport.cmake
[7.466s] -- Installing: /home/ani/blitz_ws/install/robot_interfaces/share/robot_interfaces/cmake/export_robot_interfaces__rosidl_generator_cExport-noconfig.cmake
[7.466s] -- Installing: /home/ani/blitz_ws/install/robot_interfaces/share/robot_interfaces/cmake/export_robot_interfaces__rosidl_typesupport_fastrtps_cExport.cmake
[7.466s] -- Installing: /home/ani/blitz_ws/install/robot_interfaces/share/robot_interfaces/cmake/export_robot_interfaces__rosidl_typesupport_fastrtps_cExport-noconfig.cmake
[7.466s] -- Installing: /home/ani/blitz_ws/install/robot_interfaces/share/robot_interfaces/cmake/robot_interfaces__rosidl_typesupport_introspection_cExport.cmake
[7.466s] -- Installing: /home/ani/blitz_ws/install/robot_interfaces/share/robot_interfaces/cmake/robot_interfaces__rosidl_typesupport_introspection_cExport-noconfig.cmake
[7.466s] -- Installing: /home/ani/blitz_ws/install/robot_interfaces/share/robot_interfaces/cmake/robot_interfaces__rosidl_typesupport_cExport.cmake
[7.466s] -- Installing: /home/ani/blitz_ws/install/robot_interfaces/share/robot_interfaces/cmake/robot_interfaces__rosidl_typesupport_cExport-noconfig.cmake
[7.466s] -- Installing: /home/ani/blitz_ws/install/robot_interfaces/share/robot_interfaces/cmake/export_robot_interfaces__rosidl_generator_cppExport.cmake
[7.466s] -- Installing: /home/ani/blitz_ws/install/robot_interfaces/share/robot_interfaces/cmake/export_robot_interfaces__rosidl_typesupport_fastrtps_cppExport.cmake
[7.466s] -- Installing: /home/ani/blitz_ws/install/robot_interfaces/share/robot_interfaces/cmake/export_robot_interfaces__rosidl_typesupport_fastrtps_cppExport-noconfig.cmake
[7.467s] -- Installing: /home/ani/blitz_ws/install/robot_interfaces/share/robot_interfaces/cmake/robot_interfaces__rosidl_typesupport_introspection_cppExport.cmake
[7.467s] -- Installing: /home/ani/blitz_ws/install/robot_interfaces/share/robot_interfaces/cmake/robot_interfaces__rosidl_typesupport_introspection_cppExport-noconfig.cmake
[7.467s] -- Installing: /home/ani/blitz_ws/install/robot_interfaces/share/robot_interfaces/cmake/robot_interfaces__rosidl_typesupport_cppExport.cmake
[7.467s] -- Installing: /home/ani/blitz_ws/install/robot_interfaces/share/robot_interfaces/cmake/robot_interfaces__rosidl_typesupport_cppExport-noconfig.cmake
[7.467s] -- Installing: /home/ani/blitz_ws/install/robot_interfaces/share/robot_interfaces/cmake/export_robot_interfaces__rosidl_generator_pyExport.cmake
[7.467s] -- Installing: /home/ani/blitz_ws/install/robot_interfaces/share/robot_interfaces/cmake/export_robot_interfaces__rosidl_generator_pyExport-noconfig.cmake
[7.467s] -- Installing: /home/ani/blitz_ws/install/robot_interfaces/share/robot_interfaces/cmake/rosidl_cmake-extras.cmake
[7.467s] -- Installing: /home/ani/blitz_ws/install/robot_interfaces/share/robot_interfaces/cmake/ament_cmake_export_include_directories-extras.cmake
[7.467s] -- Installing: /home/ani/blitz_ws/install/robot_interfaces/share/robot_interfaces/cmake/ament_cmake_export_libraries-extras.cmake
[7.467s] -- Installing: /home/ani/blitz_ws/install/robot_interfaces/share/robot_interfaces/cmake/ament_cmake_export_targets-extras.cmake
[7.467s] -- Installing: /home/ani/blitz_ws/install/robot_interfaces/share/robot_interfaces/cmake/rosidl_cmake_export_typesupport_targets-extras.cmake
[7.467s] -- Installing: /home/ani/blitz_ws/install/robot_interfaces/share/robot_interfaces/cmake/ament_cmake_export_dependencies-extras.cmake
[7.467s] -- Installing: /home/ani/blitz_ws/install/robot_interfaces/share/robot_interfaces/cmake/rosidl_cmake_export_typesupport_libraries-extras.cmake
[7.468s] -- Installing: /home/ani/blitz_ws/install/robot_interfaces/share/robot_interfaces/cmake/robot_interfacesConfig.cmake
[7.468s] -- Installing: /home/ani/blitz_ws/install/robot_interfaces/share/robot_interfaces/cmake/robot_interfacesConfig-version.cmake
[7.468s] -- Installing: /home/ani/blitz_ws/install/robot_interfaces/share/robot_interfaces/package.xml
[7.470s] Invoked command in '/home/ani/blitz_ws/build/robot_interfaces' returned '0': CMAKE_PREFIX_PATH=${CMAKE_PREFIX_PATH}:/opt/ros/jazzy DEBUGINFOD_URLS=https://debuginfod.ubuntu.com /usr/bin/cmake --install /home/ani/blitz_ws/build/robot_interfaces
