-- Install configuration: ""
-- Up-to-date: /home/ani/blitz_ws/install/blitz/share/blitz//blitz
-- Up-to-date: /home/ani/blitz_ws/install/blitz/share/blitz//blitz/convert.py
-- Up-to-date: /home/ani/blitz_ws/install/blitz/share/blitz//blitz/tester.py
-- Up-to-date: /home/ani/blitz_ws/install/blitz/share/blitz//blitz/interfaces.py
-- Up-to-date: /home/ani/blitz_ws/install/blitz/share/blitz//blitz/blitz.py
-- Installing: /home/ani/blitz_ws/install/blitz/share/blitz//blitz/parser.py
-- Installing: /home/ani/blitz_ws/install/blitz/share/blitz//blitz/packer.py
-- Up-to-date: /home/ani/blitz_ws/install/blitz/share/blitz//blitz/__pycache__
-- Up-to-date: /home/ani/blitz_ws/install/blitz/share/blitz//blitz/__pycache__/interfaces.cpython-310.pyc
-- Up-to-date: /home/ani/blitz_ws/install/blitz/share/blitz//blitz/__pycache__/blitz.cpython-310.pyc
-- Up-to-date: /home/ani/blitz_ws/install/blitz/share/blitz//demo
-- Up-to-date: /home/ani/blitz_ws/install/blitz/share/blitz//demo/blitz_demo.py
-- Up-to-date: /home/ani/blitz_ws/install/blitz/share/blitz//launch
-- Up-to-date: /home/ani/blitz_ws/install/blitz/share/blitz//launch/blitz.launch.py
-- Installing: /home/ani/blitz_ws/install/blitz/lib/blitz/packer.py
-- Installing: /home/ani/blitz_ws/install/blitz/lib/blitz/parser.py
-- Up-to-date: /home/ani/blitz_ws/install/blitz/lib/blitz/blitz.py
-- Up-to-date: /home/ani/blitz_ws/install/blitz/lib/blitz/interfaces.py
-- Up-to-date: /home/ani/blitz_ws/install/blitz/lib/blitz/convert.py
-- Up-to-date: /home/ani/blitz_ws/install/blitz/lib/blitz/blitz_demo.py
-- Up-to-date: /home/ani/blitz_ws/install/blitz/share/ament_index/resource_index/package_run_dependencies/blitz
-- Up-to-date: /home/ani/blitz_ws/install/blitz/share/ament_index/resource_index/parent_prefix_path/blitz
-- Up-to-date: /home/ani/blitz_ws/install/blitz/share/blitz/environment/ament_prefix_path.sh
-- Up-to-date: /home/ani/blitz_ws/install/blitz/share/blitz/environment/ament_prefix_path.dsv
-- Up-to-date: /home/ani/blitz_ws/install/blitz/share/blitz/environment/path.sh
-- Up-to-date: /home/ani/blitz_ws/install/blitz/share/blitz/environment/path.dsv
-- Up-to-date: /home/ani/blitz_ws/install/blitz/share/blitz/local_setup.bash
-- Up-to-date: /home/ani/blitz_ws/install/blitz/share/blitz/local_setup.sh
-- Up-to-date: /home/ani/blitz_ws/install/blitz/share/blitz/local_setup.zsh
-- Up-to-date: /home/ani/blitz_ws/install/blitz/share/blitz/local_setup.dsv
-- Installing: /home/ani/blitz_ws/install/blitz/share/blitz/package.dsv
-- Up-to-date: /home/ani/blitz_ws/install/blitz/share/ament_index/resource_index/packages/blitz
-- Up-to-date: /home/ani/blitz_ws/install/blitz/share/blitz/cmake/blitzConfig.cmake
-- Up-to-date: /home/ani/blitz_ws/install/blitz/share/blitz/cmake/blitzConfig-version.cmake
-- Up-to-date: /home/ani/blitz_ws/install/blitz/share/blitz/package.xml
