[0.011s] Invoking command in '/home/ani/blitz_ws/build/blitz': CMAKE_PREFIX_PATH=${CMAKE_PREFIX_PATH}:/opt/ros/jazzy DEBUGINFOD_URLS=https://debuginfod.ubuntu.com /usr/bin/cmake --build /home/ani/blitz_ws/build/blitz -- -j32 -l32
[0.057s] Invoked command in '/home/ani/blitz_ws/build/blitz' returned '0': CMAKE_PREFIX_PATH=${CMAKE_PREFIX_PATH}:/opt/ros/jazzy DEBUGINFOD_URLS=https://debuginfod.ubuntu.com /usr/bin/cmake --build /home/ani/blitz_ws/build/blitz -- -j32 -l32
[0.072s] Invoking command in '/home/ani/blitz_ws/build/blitz': CMAKE_PREFIX_PATH=${CMAKE_PREFIX_PATH}:/opt/ros/jazzy DEBUGINFOD_URLS=https://debuginfod.ubuntu.com /usr/bin/cmake --install /home/ani/blitz_ws/build/blitz
[0.083s] -- Install configuration: ""
[0.083s] -- Up-to-date: /home/ani/blitz_ws/install/blitz/share/blitz//blitz
[0.083s] -- Up-to-date: /home/ani/blitz_ws/install/blitz/share/blitz//blitz/convert.py
[0.083s] -- Up-to-date: /home/ani/blitz_ws/install/blitz/share/blitz//blitz/tester.py
[0.084s] -- Up-to-date: /home/ani/blitz_ws/install/blitz/share/blitz//blitz/interfaces.py
[0.084s] -- Up-to-date: /home/ani/blitz_ws/install/blitz/share/blitz//blitz/blitz.py
[0.084s] -- Installing: /home/ani/blitz_ws/install/blitz/share/blitz//blitz/parser.py
[0.084s] -- Installing: /home/ani/blitz_ws/install/blitz/share/blitz//blitz/packer.py
[0.084s] -- Up-to-date: /home/ani/blitz_ws/install/blitz/share/blitz//blitz/__pycache__
[0.084s] -- Up-to-date: /home/ani/blitz_ws/install/blitz/share/blitz//blitz/__pycache__/interfaces.cpython-310.pyc
[0.084s] -- Up-to-date: /home/ani/blitz_ws/install/blitz/share/blitz//blitz/__pycache__/blitz.cpython-310.pyc
[0.085s] -- Up-to-date: /home/ani/blitz_ws/install/blitz/share/blitz//demo
[0.085s] -- Up-to-date: /home/ani/blitz_ws/install/blitz/share/blitz//demo/blitz_demo.py
[0.085s] -- Up-to-date: /home/ani/blitz_ws/install/blitz/share/blitz//launch
[0.085s] -- Up-to-date: /home/ani/blitz_ws/install/blitz/share/blitz//launch/blitz.launch.py
[0.085s] -- Installing: /home/ani/blitz_ws/install/blitz/lib/blitz/packer.py
[0.086s] -- Installing: /home/ani/blitz_ws/install/blitz/lib/blitz/parser.py
[0.086s] -- Up-to-date: /home/ani/blitz_ws/install/blitz/lib/blitz/blitz.py
[0.086s] -- Up-to-date: /home/ani/blitz_ws/install/blitz/lib/blitz/interfaces.py
[0.086s] -- Up-to-date: /home/ani/blitz_ws/install/blitz/lib/blitz/convert.py
[0.086s] -- Up-to-date: /home/ani/blitz_ws/install/blitz/lib/blitz/blitz_demo.py
[0.086s] -- Up-to-date: /home/ani/blitz_ws/install/blitz/share/ament_index/resource_index/package_run_dependencies/blitz
[0.087s] -- Up-to-date: /home/ani/blitz_ws/install/blitz/share/ament_index/resource_index/parent_prefix_path/blitz
[0.087s] -- Up-to-date: /home/ani/blitz_ws/install/blitz/share/blitz/environment/ament_prefix_path.sh
[0.087s] -- Up-to-date: /home/ani/blitz_ws/install/blitz/share/blitz/environment/ament_prefix_path.dsv
[0.087s] -- Up-to-date: /home/ani/blitz_ws/install/blitz/share/blitz/environment/path.sh
[0.087s] -- Up-to-date: /home/ani/blitz_ws/install/blitz/share/blitz/environment/path.dsv
[0.087s] -- Up-to-date: /home/ani/blitz_ws/install/blitz/share/blitz/local_setup.bash
[0.087s] -- Up-to-date: /home/ani/blitz_ws/install/blitz/share/blitz/local_setup.sh
[0.088s] -- Up-to-date: /home/ani/blitz_ws/install/blitz/share/blitz/local_setup.zsh
[0.088s] -- Up-to-date: /home/ani/blitz_ws/install/blitz/share/blitz/local_setup.dsv
[0.088s] -- Installing: /home/ani/blitz_ws/install/blitz/share/blitz/package.dsv
[0.088s] -- Up-to-date: /home/ani/blitz_ws/install/blitz/share/ament_index/resource_index/packages/blitz
[0.088s] -- Up-to-date: /home/ani/blitz_ws/install/blitz/share/blitz/cmake/blitzConfig.cmake
[0.088s] -- Up-to-date: /home/ani/blitz_ws/install/blitz/share/blitz/cmake/blitzConfig-version.cmake
[0.088s] -- Up-to-date: /home/ani/blitz_ws/install/blitz/share/blitz/package.xml
[0.090s] Invoked command in '/home/ani/blitz_ws/build/blitz' returned '0': CMAKE_PREFIX_PATH=${CMAKE_PREFIX_PATH}:/opt/ros/jazzy DEBUGINFOD_URLS=https://debuginfod.ubuntu.com /usr/bin/cmake --install /home/ani/blitz_ws/build/blitz
