[0.195s] DEBUG:colcon:Command line arguments: ['/usr/bin/colcon', 'build']
[0.195s] DEBUG:colcon:Parsed command line arguments: Namespace(log_base=None, log_level=None, verb_name='build', build_base='build', install_base='install', merge_install=False, symlink_install=False, test_result_base=None, continue_on_error=False, executor='parallel', parallel_workers=32, event_handlers=None, ignore_user_meta=False, metas=['./colcon.meta'], base_paths=['.'], packages_ignore=None, packages_ignore_regex=None, paths=None, packages_up_to=None, packages_up_to_regex=None, packages_above=None, packages_above_and_dependencies=None, packages_above_depth=None, packages_select_by_dep=None, packages_skip_by_dep=None, packages_skip_up_to=None, packages_select_build_failed=False, packages_skip_build_finished=False, packages_select_test_failures=False, packages_skip_test_passed=False, packages_select=None, packages_skip=None, packages_select_regex=None, packages_skip_regex=None, packages_start=None, packages_end=None, allow_overriding=[], cmake_args=None, cmake_target=None, cmake_target_skip_unavailable=False, cmake_clean_cache=False, cmake_clean_first=False, cmake_force_configure=False, ament_cmake_args=None, catkin_cmake_args=None, catkin_skip_building_tests=False, mixin_files=None, mixin=None, verb_parser=<colcon_mixin.mixin.mixin_argument.MixinArgumentDecorator object at 0x72f59b884b30>, verb_extension=<colcon_core.verb.build.BuildVerb object at 0x72f59b9acda0>, main=<bound method BuildVerb.main of <colcon_core.verb.build.BuildVerb object at 0x72f59b9acda0>>, mixin_verb=('build',))
[0.253s] Level 1:colcon.colcon_core.package_discovery:discover_packages(colcon_meta) check parameters
[0.253s] Level 1:colcon.colcon_core.package_discovery:discover_packages(recursive) check parameters
[0.253s] Level 1:colcon.colcon_core.package_discovery:discover_packages(ignore) check parameters
[0.253s] Level 1:colcon.colcon_core.package_discovery:discover_packages(path) check parameters
[0.253s] Level 1:colcon.colcon_core.package_discovery:discover_packages(colcon_meta) discover
[0.253s] Level 1:colcon.colcon_core.package_discovery:discover_packages(recursive) discover
[0.253s] INFO:colcon.colcon_core.package_discovery:Crawling recursively for packages in '/home/ani/blitz_ws'
[0.253s] Level 1:colcon.colcon_core.package_identification:_identify(.) by extensions ['ignore', 'ignore_ament_install']
[0.254s] Level 1:colcon.colcon_core.package_identification:_identify(.) by extension 'ignore'
[0.254s] Level 1:colcon.colcon_core.package_identification:_identify(.) by extension 'ignore_ament_install'
[0.254s] Level 1:colcon.colcon_core.package_identification:_identify(.) by extensions ['colcon_pkg']
[0.254s] Level 1:colcon.colcon_core.package_identification:_identify(.) by extension 'colcon_pkg'
[0.254s] Level 1:colcon.colcon_core.package_identification:_identify(.) by extensions ['colcon_meta']
[0.254s] Level 1:colcon.colcon_core.package_identification:_identify(.) by extension 'colcon_meta'
[0.254s] Level 1:colcon.colcon_core.package_identification:_identify(.) by extensions ['ros']
[0.254s] Level 1:colcon.colcon_core.package_identification:_identify(.) by extension 'ros'
[0.287s] Level 1:colcon.colcon_core.package_identification:_identify(.) by extensions ['cmake', 'python']
[0.287s] Level 1:colcon.colcon_core.package_identification:_identify(.) by extension 'cmake'
[0.287s] Level 1:colcon.colcon_core.package_identification:_identify(.) by extension 'python'
[0.287s] Level 1:colcon.colcon_core.package_identification:_identify(.) by extensions ['python_setup_py']
[0.287s] Level 1:colcon.colcon_core.package_identification:_identify(.) by extension 'python_setup_py'
[0.288s] Level 1:colcon.colcon_core.package_identification:_identify(build) by extensions ['ignore', 'ignore_ament_install']
[0.288s] Level 1:colcon.colcon_core.package_identification:_identify(build) by extension 'ignore'
[0.288s] Level 1:colcon.colcon_core.package_identification:_identify(build) ignored
[0.288s] Level 1:colcon.colcon_core.package_identification:_identify(install) by extensions ['ignore', 'ignore_ament_install']
[0.288s] Level 1:colcon.colcon_core.package_identification:_identify(install) by extension 'ignore'
[0.288s] Level 1:colcon.colcon_core.package_identification:_identify(install) ignored
[0.288s] Level 1:colcon.colcon_core.package_identification:_identify(log) by extensions ['ignore', 'ignore_ament_install']
[0.288s] Level 1:colcon.colcon_core.package_identification:_identify(log) by extension 'ignore'
[0.288s] Level 1:colcon.colcon_core.package_identification:_identify(log) ignored
[0.288s] Level 1:colcon.colcon_core.package_identification:_identify(src) by extensions ['ignore', 'ignore_ament_install']
[0.288s] Level 1:colcon.colcon_core.package_identification:_identify(src) by extension 'ignore'
[0.288s] Level 1:colcon.colcon_core.package_identification:_identify(src) by extension 'ignore_ament_install'
[0.288s] Level 1:colcon.colcon_core.package_identification:_identify(src) by extensions ['colcon_pkg']
[0.288s] Level 1:colcon.colcon_core.package_identification:_identify(src) by extension 'colcon_pkg'
[0.288s] Level 1:colcon.colcon_core.package_identification:_identify(src) by extensions ['colcon_meta']
[0.288s] Level 1:colcon.colcon_core.package_identification:_identify(src) by extension 'colcon_meta'
[0.288s] Level 1:colcon.colcon_core.package_identification:_identify(src) by extensions ['ros']
[0.288s] Level 1:colcon.colcon_core.package_identification:_identify(src) by extension 'ros'
[0.289s] Level 1:colcon.colcon_core.package_identification:_identify(src) by extensions ['cmake', 'python']
[0.289s] Level 1:colcon.colcon_core.package_identification:_identify(src) by extension 'cmake'
[0.289s] Level 1:colcon.colcon_core.package_identification:_identify(src) by extension 'python'
[0.289s] Level 1:colcon.colcon_core.package_identification:_identify(src) by extensions ['python_setup_py']
[0.289s] Level 1:colcon.colcon_core.package_identification:_identify(src) by extension 'python_setup_py'
[0.289s] Level 1:colcon.colcon_core.package_identification:_identify(src/blitz_ros) by extensions ['ignore', 'ignore_ament_install']
[0.289s] Level 1:colcon.colcon_core.package_identification:_identify(src/blitz_ros) by extension 'ignore'
[0.289s] Level 1:colcon.colcon_core.package_identification:_identify(src/blitz_ros) by extension 'ignore_ament_install'
[0.289s] Level 1:colcon.colcon_core.package_identification:_identify(src/blitz_ros) by extensions ['colcon_pkg']
[0.289s] Level 1:colcon.colcon_core.package_identification:_identify(src/blitz_ros) by extension 'colcon_pkg'
[0.289s] Level 1:colcon.colcon_core.package_identification:_identify(src/blitz_ros) by extensions ['colcon_meta']
[0.289s] Level 1:colcon.colcon_core.package_identification:_identify(src/blitz_ros) by extension 'colcon_meta'
[0.289s] Level 1:colcon.colcon_core.package_identification:_identify(src/blitz_ros) by extensions ['ros']
[0.289s] Level 1:colcon.colcon_core.package_identification:_identify(src/blitz_ros) by extension 'ros'
[0.289s] Level 1:colcon.colcon_core.package_identification:_identify(src/blitz_ros) by extensions ['cmake', 'python']
[0.289s] Level 1:colcon.colcon_core.package_identification:_identify(src/blitz_ros) by extension 'cmake'
[0.289s] Level 1:colcon.colcon_core.package_identification:_identify(src/blitz_ros) by extension 'python'
[0.289s] Level 1:colcon.colcon_core.package_identification:_identify(src/blitz_ros) by extensions ['python_setup_py']
[0.289s] Level 1:colcon.colcon_core.package_identification:_identify(src/blitz_ros) by extension 'python_setup_py'
[0.289s] Level 1:colcon.colcon_core.package_identification:_identify(src/blitz_ros/blitz) by extensions ['ignore', 'ignore_ament_install']
[0.289s] Level 1:colcon.colcon_core.package_identification:_identify(src/blitz_ros/blitz) by extension 'ignore'
[0.289s] Level 1:colcon.colcon_core.package_identification:_identify(src/blitz_ros/blitz) by extension 'ignore_ament_install'
[0.289s] Level 1:colcon.colcon_core.package_identification:_identify(src/blitz_ros/blitz) by extensions ['colcon_pkg']
[0.289s] Level 1:colcon.colcon_core.package_identification:_identify(src/blitz_ros/blitz) by extension 'colcon_pkg'
[0.290s] Level 1:colcon.colcon_core.package_identification:_identify(src/blitz_ros/blitz) by extensions ['colcon_meta']
[0.290s] Level 1:colcon.colcon_core.package_identification:_identify(src/blitz_ros/blitz) by extension 'colcon_meta'
[0.290s] Level 1:colcon.colcon_core.package_identification:_identify(src/blitz_ros/blitz) by extensions ['ros']
[0.290s] Level 1:colcon.colcon_core.package_identification:_identify(src/blitz_ros/blitz) by extension 'ros'
[0.293s] DEBUG:colcon.colcon_core.package_identification:Package 'src/blitz_ros/blitz' with type 'ros.ament_cmake' and name 'blitz'
[0.293s] Level 1:colcon.colcon_core.package_identification:_identify(src/blitz_ros/robot_interfaces) by extensions ['ignore', 'ignore_ament_install']
[0.293s] Level 1:colcon.colcon_core.package_identification:_identify(src/blitz_ros/robot_interfaces) by extension 'ignore'
[0.293s] Level 1:colcon.colcon_core.package_identification:_identify(src/blitz_ros/robot_interfaces) by extension 'ignore_ament_install'
[0.293s] Level 1:colcon.colcon_core.package_identification:_identify(src/blitz_ros/robot_interfaces) by extensions ['colcon_pkg']
[0.293s] Level 1:colcon.colcon_core.package_identification:_identify(src/blitz_ros/robot_interfaces) by extension 'colcon_pkg'
[0.293s] Level 1:colcon.colcon_core.package_identification:_identify(src/blitz_ros/robot_interfaces) by extensions ['colcon_meta']
[0.293s] Level 1:colcon.colcon_core.package_identification:_identify(src/blitz_ros/robot_interfaces) by extension 'colcon_meta'
[0.293s] Level 1:colcon.colcon_core.package_identification:_identify(src/blitz_ros/robot_interfaces) by extensions ['ros']
[0.293s] Level 1:colcon.colcon_core.package_identification:_identify(src/blitz_ros/robot_interfaces) by extension 'ros'
[0.294s] DEBUG:colcon.colcon_core.package_identification:Package 'src/blitz_ros/robot_interfaces' with type 'ros.ament_cmake' and name 'robot_interfaces'
[0.294s] Level 1:colcon.colcon_core.package_discovery:discover_packages(recursive) using defaults
[0.294s] Level 1:colcon.colcon_core.package_discovery:discover_packages(ignore) discover
[0.294s] Level 1:colcon.colcon_core.package_discovery:discover_packages(ignore) using defaults
[0.294s] Level 1:colcon.colcon_core.package_discovery:discover_packages(path) discover
[0.294s] Level 1:colcon.colcon_core.package_discovery:discover_packages(path) using defaults
[0.324s] Level 1:colcon.colcon_core.package_discovery:discover_packages(prefix_path) check parameters
[0.324s] Level 1:colcon.colcon_core.package_discovery:discover_packages(prefix_path) discover
[0.328s] DEBUG:colcon.colcon_installed_package_information.package_discovery:Found 285 installed packages in /opt/ros/jazzy
[0.329s] Level 1:colcon.colcon_core.package_discovery:discover_packages(prefix_path) using defaults
[0.365s] Level 5:colcon.colcon_core.verb:set package 'blitz' build argument 'cmake_args' from command line to 'None'
[0.365s] Level 5:colcon.colcon_core.verb:set package 'blitz' build argument 'cmake_target' from command line to 'None'
[0.365s] Level 5:colcon.colcon_core.verb:set package 'blitz' build argument 'cmake_target_skip_unavailable' from command line to 'False'
[0.365s] Level 5:colcon.colcon_core.verb:set package 'blitz' build argument 'cmake_clean_cache' from command line to 'False'
[0.365s] Level 5:colcon.colcon_core.verb:set package 'blitz' build argument 'cmake_clean_first' from command line to 'False'
[0.365s] Level 5:colcon.colcon_core.verb:set package 'blitz' build argument 'cmake_force_configure' from command line to 'False'
[0.365s] Level 5:colcon.colcon_core.verb:set package 'blitz' build argument 'ament_cmake_args' from command line to 'None'
[0.365s] Level 5:colcon.colcon_core.verb:set package 'blitz' build argument 'catkin_cmake_args' from command line to 'None'
[0.365s] Level 5:colcon.colcon_core.verb:set package 'blitz' build argument 'catkin_skip_building_tests' from command line to 'False'
[0.366s] DEBUG:colcon.colcon_core.verb:Building package 'blitz' with the following arguments: {'ament_cmake_args': None, 'build_base': '/home/ani/blitz_ws/build/blitz', 'catkin_cmake_args': None, 'catkin_skip_building_tests': False, 'cmake_args': None, 'cmake_clean_cache': False, 'cmake_clean_first': False, 'cmake_force_configure': False, 'cmake_target': None, 'cmake_target_skip_unavailable': False, 'install_base': '/home/ani/blitz_ws/install/blitz', 'merge_install': False, 'path': '/home/ani/blitz_ws/src/blitz_ros/blitz', 'symlink_install': False, 'test_result_base': None}
[0.366s] Level 5:colcon.colcon_core.verb:set package 'robot_interfaces' build argument 'cmake_args' from command line to 'None'
[0.366s] Level 5:colcon.colcon_core.verb:set package 'robot_interfaces' build argument 'cmake_target' from command line to 'None'
[0.366s] Level 5:colcon.colcon_core.verb:set package 'robot_interfaces' build argument 'cmake_target_skip_unavailable' from command line to 'False'
[0.366s] Level 5:colcon.colcon_core.verb:set package 'robot_interfaces' build argument 'cmake_clean_cache' from command line to 'False'
[0.366s] Level 5:colcon.colcon_core.verb:set package 'robot_interfaces' build argument 'cmake_clean_first' from command line to 'False'
[0.366s] Level 5:colcon.colcon_core.verb:set package 'robot_interfaces' build argument 'cmake_force_configure' from command line to 'False'
[0.366s] Level 5:colcon.colcon_core.verb:set package 'robot_interfaces' build argument 'ament_cmake_args' from command line to 'None'
[0.366s] Level 5:colcon.colcon_core.verb:set package 'robot_interfaces' build argument 'catkin_cmake_args' from command line to 'None'
[0.366s] Level 5:colcon.colcon_core.verb:set package 'robot_interfaces' build argument 'catkin_skip_building_tests' from command line to 'False'
[0.366s] DEBUG:colcon.colcon_core.verb:Building package 'robot_interfaces' with the following arguments: {'ament_cmake_args': None, 'build_base': '/home/ani/blitz_ws/build/robot_interfaces', 'catkin_cmake_args': None, 'catkin_skip_building_tests': False, 'cmake_args': None, 'cmake_clean_cache': False, 'cmake_clean_first': False, 'cmake_force_configure': False, 'cmake_target': None, 'cmake_target_skip_unavailable': False, 'install_base': '/home/ani/blitz_ws/install/robot_interfaces', 'merge_install': False, 'path': '/home/ani/blitz_ws/src/blitz_ros/robot_interfaces', 'symlink_install': False, 'test_result_base': None}
[0.366s] INFO:colcon.colcon_core.executor:Executing jobs using 'parallel' executor
[0.367s] DEBUG:colcon.colcon_parallel_executor.executor.parallel:run_until_complete
[0.367s] INFO:colcon.colcon_ros.task.ament_cmake.build:Building ROS package in '/home/ani/blitz_ws/src/blitz_ros/blitz' with build type 'ament_cmake'
[0.367s] INFO:colcon.colcon_cmake.task.cmake.build:Building CMake package in '/home/ani/blitz_ws/src/blitz_ros/blitz'
[0.372s] INFO:colcon.colcon_core.plugin_system:Skipping extension 'colcon_core.shell.bat': Not used on non-Windows systems
[0.372s] INFO:colcon.colcon_core.shell:Skip shell extension 'powershell' for command environment: Not usable outside of PowerShell
[0.372s] DEBUG:colcon.colcon_core.shell:Skip shell extension 'dsv' for command environment
[0.376s] INFO:colcon.colcon_ros.task.ament_cmake.build:Building ROS package in '/home/ani/blitz_ws/src/blitz_ros/robot_interfaces' with build type 'ament_cmake'
[0.376s] INFO:colcon.colcon_cmake.task.cmake.build:Building CMake package in '/home/ani/blitz_ws/src/blitz_ros/robot_interfaces'
[0.376s] INFO:colcon.colcon_core.shell:Skip shell extension 'powershell' for command environment: Not usable outside of PowerShell
[0.376s] DEBUG:colcon.colcon_core.shell:Skip shell extension 'dsv' for command environment
[0.383s] DEBUG:colcon.colcon_core.event_handler.log_command:Invoking command in '/home/ani/blitz_ws/build/blitz': CMAKE_PREFIX_PATH=${CMAKE_PREFIX_PATH}:/opt/ros/jazzy DEBUGINFOD_URLS=https://debuginfod.ubuntu.com /usr/bin/cmake --build /home/ani/blitz_ws/build/blitz -- -j32 -l32
[0.387s] DEBUG:colcon.colcon_core.event_handler.log_command:Invoking command in '/home/ani/blitz_ws/build/robot_interfaces': CMAKE_PREFIX_PATH=${CMAKE_PREFIX_PATH}:/opt/ros/jazzy DEBUGINFOD_URLS=https://debuginfod.ubuntu.com /usr/bin/cmake --build /home/ani/blitz_ws/build/robot_interfaces -- -j32 -l32
[0.439s] DEBUG:colcon.colcon_core.event_handler.log_command:Invoked command in '/home/ani/blitz_ws/build/blitz' returned '0': CMAKE_PREFIX_PATH=${CMAKE_PREFIX_PATH}:/opt/ros/jazzy DEBUGINFOD_URLS=https://debuginfod.ubuntu.com /usr/bin/cmake --build /home/ani/blitz_ws/build/blitz -- -j32 -l32
[0.454s] DEBUG:colcon.colcon_core.event_handler.log_command:Invoking command in '/home/ani/blitz_ws/build/blitz': CMAKE_PREFIX_PATH=${CMAKE_PREFIX_PATH}:/opt/ros/jazzy DEBUGINFOD_URLS=https://debuginfod.ubuntu.com /usr/bin/cmake --install /home/ani/blitz_ws/build/blitz
[0.471s] Level 1:colcon.colcon_core.environment:create_environment_scripts_only(blitz)
[0.471s] DEBUG:colcon.colcon_core.event_handler.log_command:Invoked command in '/home/ani/blitz_ws/build/blitz' returned '0': CMAKE_PREFIX_PATH=${CMAKE_PREFIX_PATH}:/opt/ros/jazzy DEBUGINFOD_URLS=https://debuginfod.ubuntu.com /usr/bin/cmake --install /home/ani/blitz_ws/build/blitz
[0.478s] Level 1:colcon.colcon_core.environment:checking '/home/ani/blitz_ws/install/blitz' for CMake module files
[0.479s] Level 1:colcon.colcon_core.environment:checking '/home/ani/blitz_ws/install/blitz' for CMake config files
[0.479s] Level 1:colcon.colcon_core.shell:create_environment_hook('blitz', 'cmake_prefix_path')
[0.479s] INFO:colcon.colcon_core.shell:Creating environment hook '/home/ani/blitz_ws/install/blitz/share/blitz/hook/cmake_prefix_path.ps1'
[0.480s] INFO:colcon.colcon_core.shell:Creating environment descriptor '/home/ani/blitz_ws/install/blitz/share/blitz/hook/cmake_prefix_path.dsv'
[0.481s] INFO:colcon.colcon_core.shell:Creating environment hook '/home/ani/blitz_ws/install/blitz/share/blitz/hook/cmake_prefix_path.sh'
[0.483s] Level 1:colcon.colcon_core.environment:checking '/home/ani/blitz_ws/install/blitz/lib'
[0.483s] Level 1:colcon.colcon_core.environment:checking '/home/ani/blitz_ws/install/blitz/bin'
[0.483s] Level 1:colcon.colcon_core.environment:checking '/home/ani/blitz_ws/install/blitz/lib/pkgconfig/blitz.pc'
[0.483s] Level 1:colcon.colcon_core.environment:checking '/home/ani/blitz_ws/install/blitz/lib/python3.12/site-packages'
[0.484s] Level 1:colcon.colcon_core.environment:checking '/home/ani/blitz_ws/install/blitz/bin'
[0.484s] INFO:colcon.colcon_core.shell:Creating package script '/home/ani/blitz_ws/install/blitz/share/blitz/package.ps1'
[0.485s] INFO:colcon.colcon_core.shell:Creating package descriptor '/home/ani/blitz_ws/install/blitz/share/blitz/package.dsv'
[0.486s] INFO:colcon.colcon_core.shell:Creating package script '/home/ani/blitz_ws/install/blitz/share/blitz/package.sh'
[0.487s] INFO:colcon.colcon_core.shell:Creating package script '/home/ani/blitz_ws/install/blitz/share/blitz/package.bash'
[0.488s] INFO:colcon.colcon_core.shell:Creating package script '/home/ani/blitz_ws/install/blitz/share/blitz/package.zsh'
[0.490s] Level 1:colcon.colcon_core.environment:create_file_with_runtime_dependencies(/home/ani/blitz_ws/install/blitz/share/colcon-core/packages/blitz)
[0.490s] Level 1:colcon.colcon_core.environment:create_environment_scripts_only(blitz)
[0.491s] Level 1:colcon.colcon_core.environment:checking '/home/ani/blitz_ws/install/blitz' for CMake module files
[0.491s] Level 1:colcon.colcon_core.environment:checking '/home/ani/blitz_ws/install/blitz' for CMake config files
[0.492s] Level 1:colcon.colcon_core.shell:create_environment_hook('blitz', 'cmake_prefix_path')
[0.492s] INFO:colcon.colcon_core.shell:Creating environment hook '/home/ani/blitz_ws/install/blitz/share/blitz/hook/cmake_prefix_path.ps1'
[0.493s] INFO:colcon.colcon_core.shell:Creating environment descriptor '/home/ani/blitz_ws/install/blitz/share/blitz/hook/cmake_prefix_path.dsv'
[0.493s] INFO:colcon.colcon_core.shell:Creating environment hook '/home/ani/blitz_ws/install/blitz/share/blitz/hook/cmake_prefix_path.sh'
[0.494s] Level 1:colcon.colcon_core.environment:checking '/home/ani/blitz_ws/install/blitz/lib'
[0.494s] Level 1:colcon.colcon_core.environment:checking '/home/ani/blitz_ws/install/blitz/bin'
[0.495s] Level 1:colcon.colcon_core.environment:checking '/home/ani/blitz_ws/install/blitz/lib/pkgconfig/blitz.pc'
[0.495s] Level 1:colcon.colcon_core.environment:checking '/home/ani/blitz_ws/install/blitz/lib/python3.12/site-packages'
[0.495s] Level 1:colcon.colcon_core.environment:checking '/home/ani/blitz_ws/install/blitz/bin'
[0.496s] INFO:colcon.colcon_core.shell:Creating package script '/home/ani/blitz_ws/install/blitz/share/blitz/package.ps1'
[0.496s] INFO:colcon.colcon_core.shell:Creating package descriptor '/home/ani/blitz_ws/install/blitz/share/blitz/package.dsv'
[0.497s] INFO:colcon.colcon_core.shell:Creating package script '/home/ani/blitz_ws/install/blitz/share/blitz/package.sh'
[0.498s] INFO:colcon.colcon_core.shell:Creating package script '/home/ani/blitz_ws/install/blitz/share/blitz/package.bash'
[0.499s] INFO:colcon.colcon_core.shell:Creating package script '/home/ani/blitz_ws/install/blitz/share/blitz/package.zsh'
[0.499s] Level 1:colcon.colcon_core.environment:create_file_with_runtime_dependencies(/home/ani/blitz_ws/install/blitz/share/colcon-core/packages/blitz)
[0.842s] DEBUG:colcon.colcon_core.event_handler.log_command:Invoked command in '/home/ani/blitz_ws/build/robot_interfaces' returned '0': CMAKE_PREFIX_PATH=${CMAKE_PREFIX_PATH}:/opt/ros/jazzy DEBUGINFOD_URLS=https://debuginfod.ubuntu.com /usr/bin/cmake --build /home/ani/blitz_ws/build/robot_interfaces -- -j32 -l32
[0.844s] DEBUG:colcon.colcon_core.event_handler.log_command:Invoking command in '/home/ani/blitz_ws/build/robot_interfaces': CMAKE_PREFIX_PATH=${CMAKE_PREFIX_PATH}:/opt/ros/jazzy DEBUGINFOD_URLS=https://debuginfod.ubuntu.com /usr/bin/cmake --install /home/ani/blitz_ws/build/robot_interfaces
[0.917s] Level 1:colcon.colcon_core.environment:create_environment_scripts_only(robot_interfaces)
[0.918s] DEBUG:colcon.colcon_core.event_handler.log_command:Invoked command in '/home/ani/blitz_ws/build/robot_interfaces' returned '0': CMAKE_PREFIX_PATH=${CMAKE_PREFIX_PATH}:/opt/ros/jazzy DEBUGINFOD_URLS=https://debuginfod.ubuntu.com /usr/bin/cmake --install /home/ani/blitz_ws/build/robot_interfaces
[0.918s] Level 1:colcon.colcon_core.environment:checking '/home/ani/blitz_ws/install/robot_interfaces' for CMake module files
[0.919s] Level 1:colcon.colcon_core.environment:checking '/home/ani/blitz_ws/install/robot_interfaces' for CMake config files
[0.919s] Level 1:colcon.colcon_core.shell:create_environment_hook('robot_interfaces', 'cmake_prefix_path')
[0.919s] INFO:colcon.colcon_core.shell:Creating environment hook '/home/ani/blitz_ws/install/robot_interfaces/share/robot_interfaces/hook/cmake_prefix_path.ps1'
[0.920s] INFO:colcon.colcon_core.shell:Creating environment descriptor '/home/ani/blitz_ws/install/robot_interfaces/share/robot_interfaces/hook/cmake_prefix_path.dsv'
[0.920s] INFO:colcon.colcon_core.shell:Creating environment hook '/home/ani/blitz_ws/install/robot_interfaces/share/robot_interfaces/hook/cmake_prefix_path.sh'
[0.921s] Level 1:colcon.colcon_core.environment:checking '/home/ani/blitz_ws/install/robot_interfaces/lib'
[0.921s] Level 1:colcon.colcon_core.shell:create_environment_hook('robot_interfaces', 'ld_library_path_lib')
[0.921s] INFO:colcon.colcon_core.shell:Creating environment hook '/home/ani/blitz_ws/install/robot_interfaces/share/robot_interfaces/hook/ld_library_path_lib.ps1'
[0.921s] INFO:colcon.colcon_core.shell:Creating environment descriptor '/home/ani/blitz_ws/install/robot_interfaces/share/robot_interfaces/hook/ld_library_path_lib.dsv'
[0.921s] INFO:colcon.colcon_core.shell:Creating environment hook '/home/ani/blitz_ws/install/robot_interfaces/share/robot_interfaces/hook/ld_library_path_lib.sh'
[0.922s] Level 1:colcon.colcon_core.environment:checking '/home/ani/blitz_ws/install/robot_interfaces/bin'
[0.922s] Level 1:colcon.colcon_core.environment:checking '/home/ani/blitz_ws/install/robot_interfaces/lib/pkgconfig/robot_interfaces.pc'
[0.922s] Level 1:colcon.colcon_core.environment:checking '/home/ani/blitz_ws/install/robot_interfaces/lib/python3.12/site-packages'
[0.922s] Level 1:colcon.colcon_core.shell:create_environment_hook('robot_interfaces', 'pythonpath')
[0.922s] INFO:colcon.colcon_core.shell:Creating environment hook '/home/ani/blitz_ws/install/robot_interfaces/share/robot_interfaces/hook/pythonpath.ps1'
[0.923s] INFO:colcon.colcon_core.shell:Creating environment descriptor '/home/ani/blitz_ws/install/robot_interfaces/share/robot_interfaces/hook/pythonpath.dsv'
[0.923s] INFO:colcon.colcon_core.shell:Creating environment hook '/home/ani/blitz_ws/install/robot_interfaces/share/robot_interfaces/hook/pythonpath.sh'
[0.923s] Level 1:colcon.colcon_core.environment:checking '/home/ani/blitz_ws/install/robot_interfaces/bin'
[0.923s] INFO:colcon.colcon_core.shell:Creating package script '/home/ani/blitz_ws/install/robot_interfaces/share/robot_interfaces/package.ps1'
[0.924s] INFO:colcon.colcon_core.shell:Creating package descriptor '/home/ani/blitz_ws/install/robot_interfaces/share/robot_interfaces/package.dsv'
[0.924s] INFO:colcon.colcon_core.shell:Creating package script '/home/ani/blitz_ws/install/robot_interfaces/share/robot_interfaces/package.sh'
[0.925s] INFO:colcon.colcon_core.shell:Creating package script '/home/ani/blitz_ws/install/robot_interfaces/share/robot_interfaces/package.bash'
[0.925s] INFO:colcon.colcon_core.shell:Creating package script '/home/ani/blitz_ws/install/robot_interfaces/share/robot_interfaces/package.zsh'
[0.925s] Level 1:colcon.colcon_core.environment:create_file_with_runtime_dependencies(/home/ani/blitz_ws/install/robot_interfaces/share/colcon-core/packages/robot_interfaces)
[0.925s] Level 1:colcon.colcon_core.environment:create_environment_scripts_only(robot_interfaces)
[0.926s] Level 1:colcon.colcon_core.environment:checking '/home/ani/blitz_ws/install/robot_interfaces' for CMake module files
[0.926s] Level 1:colcon.colcon_core.environment:checking '/home/ani/blitz_ws/install/robot_interfaces' for CMake config files
[0.926s] Level 1:colcon.colcon_core.shell:create_environment_hook('robot_interfaces', 'cmake_prefix_path')
[0.927s] INFO:colcon.colcon_core.shell:Creating environment hook '/home/ani/blitz_ws/install/robot_interfaces/share/robot_interfaces/hook/cmake_prefix_path.ps1'
[0.927s] INFO:colcon.colcon_core.shell:Creating environment descriptor '/home/ani/blitz_ws/install/robot_interfaces/share/robot_interfaces/hook/cmake_prefix_path.dsv'
[0.927s] INFO:colcon.colcon_core.shell:Creating environment hook '/home/ani/blitz_ws/install/robot_interfaces/share/robot_interfaces/hook/cmake_prefix_path.sh'
[0.928s] Level 1:colcon.colcon_core.environment:checking '/home/ani/blitz_ws/install/robot_interfaces/lib'
[0.928s] Level 1:colcon.colcon_core.shell:create_environment_hook('robot_interfaces', 'ld_library_path_lib')
[0.928s] INFO:colcon.colcon_core.shell:Creating environment hook '/home/ani/blitz_ws/install/robot_interfaces/share/robot_interfaces/hook/ld_library_path_lib.ps1'
[0.928s] INFO:colcon.colcon_core.shell:Creating environment descriptor '/home/ani/blitz_ws/install/robot_interfaces/share/robot_interfaces/hook/ld_library_path_lib.dsv'
[0.928s] INFO:colcon.colcon_core.shell:Creating environment hook '/home/ani/blitz_ws/install/robot_interfaces/share/robot_interfaces/hook/ld_library_path_lib.sh'
[0.929s] Level 1:colcon.colcon_core.environment:checking '/home/ani/blitz_ws/install/robot_interfaces/bin'
[0.929s] Level 1:colcon.colcon_core.environment:checking '/home/ani/blitz_ws/install/robot_interfaces/lib/pkgconfig/robot_interfaces.pc'
[0.929s] Level 1:colcon.colcon_core.environment:checking '/home/ani/blitz_ws/install/robot_interfaces/lib/python3.12/site-packages'
[0.929s] Level 1:colcon.colcon_core.shell:create_environment_hook('robot_interfaces', 'pythonpath')
[0.929s] INFO:colcon.colcon_core.shell:Creating environment hook '/home/ani/blitz_ws/install/robot_interfaces/share/robot_interfaces/hook/pythonpath.ps1'
[0.930s] INFO:colcon.colcon_core.shell:Creating environment descriptor '/home/ani/blitz_ws/install/robot_interfaces/share/robot_interfaces/hook/pythonpath.dsv'
[0.930s] INFO:colcon.colcon_core.shell:Creating environment hook '/home/ani/blitz_ws/install/robot_interfaces/share/robot_interfaces/hook/pythonpath.sh'
[0.930s] Level 1:colcon.colcon_core.environment:checking '/home/ani/blitz_ws/install/robot_interfaces/bin'
[0.931s] INFO:colcon.colcon_core.shell:Creating package script '/home/ani/blitz_ws/install/robot_interfaces/share/robot_interfaces/package.ps1'
[0.931s] INFO:colcon.colcon_core.shell:Creating package descriptor '/home/ani/blitz_ws/install/robot_interfaces/share/robot_interfaces/package.dsv'
[0.932s] INFO:colcon.colcon_core.shell:Creating package script '/home/ani/blitz_ws/install/robot_interfaces/share/robot_interfaces/package.sh'
[0.932s] INFO:colcon.colcon_core.shell:Creating package script '/home/ani/blitz_ws/install/robot_interfaces/share/robot_interfaces/package.bash'
[0.932s] INFO:colcon.colcon_core.shell:Creating package script '/home/ani/blitz_ws/install/robot_interfaces/share/robot_interfaces/package.zsh'
[0.932s] Level 1:colcon.colcon_core.environment:create_file_with_runtime_dependencies(/home/ani/blitz_ws/install/robot_interfaces/share/colcon-core/packages/robot_interfaces)
[0.933s] DEBUG:colcon.colcon_parallel_executor.executor.parallel:closing loop
[0.933s] DEBUG:colcon.colcon_parallel_executor.executor.parallel:loop closed
[0.933s] DEBUG:colcon.colcon_parallel_executor.executor.parallel:run_until_complete finished with '0'
[0.933s] DEBUG:colcon.colcon_core.event_reactor:joining thread
[0.940s] INFO:colcon.colcon_core.plugin_system:Skipping extension 'colcon_notification.desktop_notification.terminal_notifier': Not used on non-Darwin systems
[0.940s] INFO:colcon.colcon_core.plugin_system:Skipping extension 'colcon_notification.desktop_notification.win32': Not used on non-Windows systems
[0.940s] INFO:colcon.colcon_notification.desktop_notification:Sending desktop notification using 'notify2'
[0.962s] DEBUG:colcon.colcon_core.event_reactor:joined thread
[0.963s] INFO:colcon.colcon_core.shell:Creating prefix script '/home/ani/blitz_ws/install/local_setup.ps1'
[0.964s] INFO:colcon.colcon_core.shell:Creating prefix util module '/home/ani/blitz_ws/install/_local_setup_util_ps1.py'
[0.965s] INFO:colcon.colcon_core.shell:Creating prefix chain script '/home/ani/blitz_ws/install/setup.ps1'
[0.966s] INFO:colcon.colcon_core.shell:Creating prefix script '/home/ani/blitz_ws/install/local_setup.sh'
[0.967s] INFO:colcon.colcon_core.shell:Creating prefix util module '/home/ani/blitz_ws/install/_local_setup_util_sh.py'
[0.968s] INFO:colcon.colcon_core.shell:Creating prefix chain script '/home/ani/blitz_ws/install/setup.sh'
[0.969s] INFO:colcon.colcon_core.shell:Creating prefix script '/home/ani/blitz_ws/install/local_setup.bash'
[0.969s] INFO:colcon.colcon_core.shell:Creating prefix chain script '/home/ani/blitz_ws/install/setup.bash'
[0.971s] INFO:colcon.colcon_core.shell:Creating prefix script '/home/ani/blitz_ws/install/local_setup.zsh'
[0.971s] INFO:colcon.colcon_core.shell:Creating prefix chain script '/home/ani/blitz_ws/install/setup.zsh'
