[  1%] Built target robot_interfaces__rosidl_generator_type_description
[  1%] Built target ament_cmake_python_copy_robot_interfaces
[  3%] Built target robot_interfaces__cpp
[ 25%] Built target robot_interfaces__rosidl_generator_c
[ 34%] Built target robot_interfaces__rosidl_typesupport_c
[ 43%] Built target robot_interfaces__rosidl_typesupport_introspection_c
[ 53%] Built target robot_interfaces__rosidl_typesupport_fastrtps_c
[ 62%] Built target robot_interfaces__rosidl_typesupport_cpp
[ 71%] Built target robot_interfaces__rosidl_typesupport_introspection_cpp
[ 81%] Built target robot_interfaces__rosidl_typesupport_fastrtps_cpp
[ 81%] Built target robot_interfaces
[ 82%] Built target robot_interfaces__py
[ 90%] Built target robot_interfaces__rosidl_generator_py
[ 93%] Built target robot_interfaces_s__rosidl_typesupport_fastrtps_c
[ 96%] Built target robot_interfaces_s__rosidl_typesupport_c
[100%] Built target robot_interfaces_s__rosidl_typesupport_introspection_c
running egg_info
writing robot_interfaces.egg-info/PKG-INFO
writing dependency_links to robot_interfaces.egg-info/dependency_links.txt
writing top-level names to robot_interfaces.egg-info/top_level.txt
reading manifest file 'robot_interfaces.egg-info/SOURCES.txt'
writing manifest file 'robot_interfaces.egg-info/SOURCES.txt'
[100%] Built target ament_cmake_python_build_robot_interfaces_egg
-- Install configuration: ""
-- Up-to-date: /home/ani/blitz_ws/install/robot_interfaces/share/ament_index/resource_index/rosidl_interfaces/robot_interfaces
-- Up-to-date: /home/ani/blitz_ws/install/robot_interfaces/share/robot_interfaces/msg/Counter.json
-- Up-to-date: /home/ani/blitz_ws/install/robot_interfaces/share/robot_interfaces/msg/Custom.json
-- Up-to-date: /home/ani/blitz_ws/install/robot_interfaces/share/robot_interfaces/msg/Speed.json
-- Up-to-date: /home/ani/blitz_ws/install/robot_interfaces/share/robot_interfaces/msg/Pwm.json
-- Up-to-date: /home/ani/blitz_ws/install/robot_interfaces/include/robot_interfaces/robot_interfaces
-- Up-to-date: /home/ani/blitz_ws/install/robot_interfaces/include/robot_interfaces/robot_interfaces/msg
-- Up-to-date: /home/ani/blitz_ws/install/robot_interfaces/include/robot_interfaces/robot_interfaces/msg/speed.h
-- Up-to-date: /home/ani/blitz_ws/install/robot_interfaces/include/robot_interfaces/robot_interfaces/msg/pwm.h
-- Up-to-date: /home/ani/blitz_ws/install/robot_interfaces/include/robot_interfaces/robot_interfaces/msg/custom.h
-- Up-to-date: /home/ani/blitz_ws/install/robot_interfaces/include/robot_interfaces/robot_interfaces/msg/detail
-- Up-to-date: /home/ani/blitz_ws/install/robot_interfaces/include/robot_interfaces/robot_interfaces/msg/detail/pwm__struct.h
-- Up-to-date: /home/ani/blitz_ws/install/robot_interfaces/include/robot_interfaces/robot_interfaces/msg/detail/pwm__type_support.c
-- Up-to-date: /home/ani/blitz_ws/install/robot_interfaces/include/robot_interfaces/robot_interfaces/msg/detail/pwm__type_support.h
-- Up-to-date: /home/ani/blitz_ws/install/robot_interfaces/include/robot_interfaces/robot_interfaces/msg/detail/speed__functions.c
-- Up-to-date: /home/ani/blitz_ws/install/robot_interfaces/include/robot_interfaces/robot_interfaces/msg/detail/custom__type_support.h
-- Up-to-date: /home/ani/blitz_ws/install/robot_interfaces/include/robot_interfaces/robot_interfaces/msg/detail/counter__type_support.h
-- Up-to-date: /home/ani/blitz_ws/install/robot_interfaces/include/robot_interfaces/robot_interfaces/msg/detail/counter__functions.c
-- Up-to-date: /home/ani/blitz_ws/install/robot_interfaces/include/robot_interfaces/robot_interfaces/msg/detail/custom__functions.h
-- Up-to-date: /home/ani/blitz_ws/install/robot_interfaces/include/robot_interfaces/robot_interfaces/msg/detail/custom__description.c
-- Up-to-date: /home/ani/blitz_ws/install/robot_interfaces/include/robot_interfaces/robot_interfaces/msg/detail/pwm__functions.h
-- Up-to-date: /home/ani/blitz_ws/install/robot_interfaces/include/robot_interfaces/robot_interfaces/msg/detail/speed__type_support.h
-- Up-to-date: /home/ani/blitz_ws/install/robot_interfaces/include/robot_interfaces/robot_interfaces/msg/detail/speed__struct.h
-- Up-to-date: /home/ani/blitz_ws/install/robot_interfaces/include/robot_interfaces/robot_interfaces/msg/detail/custom__type_support.c
-- Up-to-date: /home/ani/blitz_ws/install/robot_interfaces/include/robot_interfaces/robot_interfaces/msg/detail/speed__description.c
-- Up-to-date: /home/ani/blitz_ws/install/robot_interfaces/include/robot_interfaces/robot_interfaces/msg/detail/pwm__description.c
-- Up-to-date: /home/ani/blitz_ws/install/robot_interfaces/include/robot_interfaces/robot_interfaces/msg/detail/counter__functions.h
-- Up-to-date: /home/ani/blitz_ws/install/robot_interfaces/include/robot_interfaces/robot_interfaces/msg/detail/counter__type_support.c
-- Up-to-date: /home/ani/blitz_ws/install/robot_interfaces/include/robot_interfaces/robot_interfaces/msg/detail/custom__struct.h
-- Up-to-date: /home/ani/blitz_ws/install/robot_interfaces/include/robot_interfaces/robot_interfaces/msg/detail/speed__type_support.c
-- Up-to-date: /home/ani/blitz_ws/install/robot_interfaces/include/robot_interfaces/robot_interfaces/msg/detail/speed__functions.h
-- Up-to-date: /home/ani/blitz_ws/install/robot_interfaces/include/robot_interfaces/robot_interfaces/msg/detail/counter__struct.h
-- Up-to-date: /home/ani/blitz_ws/install/robot_interfaces/include/robot_interfaces/robot_interfaces/msg/detail/counter__description.c
-- Up-to-date: /home/ani/blitz_ws/install/robot_interfaces/include/robot_interfaces/robot_interfaces/msg/detail/custom__functions.c
-- Up-to-date: /home/ani/blitz_ws/install/robot_interfaces/include/robot_interfaces/robot_interfaces/msg/detail/pwm__functions.c
-- Up-to-date: /home/ani/blitz_ws/install/robot_interfaces/include/robot_interfaces/robot_interfaces/msg/counter.h
-- Up-to-date: /home/ani/blitz_ws/install/robot_interfaces/include/robot_interfaces/robot_interfaces/msg/rosidl_generator_c__visibility_control.h
-- Up-to-date: /home/ani/blitz_ws/install/robot_interfaces/share/robot_interfaces/environment/library_path.sh
-- Up-to-date: /home/ani/blitz_ws/install/robot_interfaces/share/robot_interfaces/environment/library_path.dsv
-- Up-to-date: /home/ani/blitz_ws/install/robot_interfaces/lib/librobot_interfaces__rosidl_generator_c.so
-- Up-to-date: /home/ani/blitz_ws/install/robot_interfaces/include/robot_interfaces/robot_interfaces
-- Up-to-date: /home/ani/blitz_ws/install/robot_interfaces/include/robot_interfaces/robot_interfaces/msg
-- Up-to-date: /home/ani/blitz_ws/install/robot_interfaces/include/robot_interfaces/robot_interfaces/msg/rosidl_typesupport_fastrtps_c__visibility_control.h
-- Up-to-date: /home/ani/blitz_ws/install/robot_interfaces/include/robot_interfaces/robot_interfaces/msg/detail
-- Up-to-date: /home/ani/blitz_ws/install/robot_interfaces/include/robot_interfaces/robot_interfaces/msg/detail/speed__rosidl_typesupport_fastrtps_c.h
-- Up-to-date: /home/ani/blitz_ws/install/robot_interfaces/include/robot_interfaces/robot_interfaces/msg/detail/counter__rosidl_typesupport_fastrtps_c.h
-- Up-to-date: /home/ani/blitz_ws/install/robot_interfaces/include/robot_interfaces/robot_interfaces/msg/detail/pwm__rosidl_typesupport_fastrtps_c.h
-- Up-to-date: /home/ani/blitz_ws/install/robot_interfaces/include/robot_interfaces/robot_interfaces/msg/detail/custom__rosidl_typesupport_fastrtps_c.h
-- Up-to-date: /home/ani/blitz_ws/install/robot_interfaces/lib/librobot_interfaces__rosidl_typesupport_fastrtps_c.so
-- Up-to-date: /home/ani/blitz_ws/install/robot_interfaces/include/robot_interfaces/robot_interfaces
-- Up-to-date: /home/ani/blitz_ws/install/robot_interfaces/include/robot_interfaces/robot_interfaces/msg
-- Up-to-date: /home/ani/blitz_ws/install/robot_interfaces/include/robot_interfaces/robot_interfaces/msg/detail
-- Up-to-date: /home/ani/blitz_ws/install/robot_interfaces/include/robot_interfaces/robot_interfaces/msg/detail/pwm__type_support.c
-- Up-to-date: /home/ani/blitz_ws/install/robot_interfaces/include/robot_interfaces/robot_interfaces/msg/detail/custom__rosidl_typesupport_introspection_c.h
-- Up-to-date: /home/ani/blitz_ws/install/robot_interfaces/include/robot_interfaces/robot_interfaces/msg/detail/custom__type_support.c
-- Up-to-date: /home/ani/blitz_ws/install/robot_interfaces/include/robot_interfaces/robot_interfaces/msg/detail/counter__type_support.c
-- Up-to-date: /home/ani/blitz_ws/install/robot_interfaces/include/robot_interfaces/robot_interfaces/msg/detail/speed__type_support.c
-- Up-to-date: /home/ani/blitz_ws/install/robot_interfaces/include/robot_interfaces/robot_interfaces/msg/detail/counter__rosidl_typesupport_introspection_c.h
-- Up-to-date: /home/ani/blitz_ws/install/robot_interfaces/include/robot_interfaces/robot_interfaces/msg/detail/pwm__rosidl_typesupport_introspection_c.h
-- Up-to-date: /home/ani/blitz_ws/install/robot_interfaces/include/robot_interfaces/robot_interfaces/msg/detail/speed__rosidl_typesupport_introspection_c.h
-- Up-to-date: /home/ani/blitz_ws/install/robot_interfaces/include/robot_interfaces/robot_interfaces/msg/rosidl_typesupport_introspection_c__visibility_control.h
-- Up-to-date: /home/ani/blitz_ws/install/robot_interfaces/lib/librobot_interfaces__rosidl_typesupport_introspection_c.so
-- Up-to-date: /home/ani/blitz_ws/install/robot_interfaces/lib/librobot_interfaces__rosidl_typesupport_c.so
-- Up-to-date: /home/ani/blitz_ws/install/robot_interfaces/include/robot_interfaces/robot_interfaces
-- Up-to-date: /home/ani/blitz_ws/install/robot_interfaces/include/robot_interfaces/robot_interfaces/msg
-- Up-to-date: /home/ani/blitz_ws/install/robot_interfaces/include/robot_interfaces/robot_interfaces/msg/counter.hpp
-- Up-to-date: /home/ani/blitz_ws/install/robot_interfaces/include/robot_interfaces/robot_interfaces/msg/rosidl_generator_cpp__visibility_control.hpp
-- Up-to-date: /home/ani/blitz_ws/install/robot_interfaces/include/robot_interfaces/robot_interfaces/msg/pwm.hpp
-- Up-to-date: /home/ani/blitz_ws/install/robot_interfaces/include/robot_interfaces/robot_interfaces/msg/detail
-- Up-to-date: /home/ani/blitz_ws/install/robot_interfaces/include/robot_interfaces/robot_interfaces/msg/detail/pwm__builder.hpp
-- Up-to-date: /home/ani/blitz_ws/install/robot_interfaces/include/robot_interfaces/robot_interfaces/msg/detail/counter__struct.hpp
-- Up-to-date: /home/ani/blitz_ws/install/robot_interfaces/include/robot_interfaces/robot_interfaces/msg/detail/custom__traits.hpp
-- Up-to-date: /home/ani/blitz_ws/install/robot_interfaces/include/robot_interfaces/robot_interfaces/msg/detail/counter__traits.hpp
-- Up-to-date: /home/ani/blitz_ws/install/robot_interfaces/include/robot_interfaces/robot_interfaces/msg/detail/custom__type_support.hpp
-- Up-to-date: /home/ani/blitz_ws/install/robot_interfaces/include/robot_interfaces/robot_interfaces/msg/detail/custom__struct.hpp
-- Up-to-date: /home/ani/blitz_ws/install/robot_interfaces/include/robot_interfaces/robot_interfaces/msg/detail/speed__type_support.hpp
-- Up-to-date: /home/ani/blitz_ws/install/robot_interfaces/include/robot_interfaces/robot_interfaces/msg/detail/custom__builder.hpp
-- Up-to-date: /home/ani/blitz_ws/install/robot_interfaces/include/robot_interfaces/robot_interfaces/msg/detail/speed__builder.hpp
-- Up-to-date: /home/ani/blitz_ws/install/robot_interfaces/include/robot_interfaces/robot_interfaces/msg/detail/speed__struct.hpp
-- Up-to-date: /home/ani/blitz_ws/install/robot_interfaces/include/robot_interfaces/robot_interfaces/msg/detail/speed__traits.hpp
-- Up-to-date: /home/ani/blitz_ws/install/robot_interfaces/include/robot_interfaces/robot_interfaces/msg/detail/pwm__struct.hpp
-- Up-to-date: /home/ani/blitz_ws/install/robot_interfaces/include/robot_interfaces/robot_interfaces/msg/detail/counter__builder.hpp
-- Up-to-date: /home/ani/blitz_ws/install/robot_interfaces/include/robot_interfaces/robot_interfaces/msg/detail/pwm__traits.hpp
-- Up-to-date: /home/ani/blitz_ws/install/robot_interfaces/include/robot_interfaces/robot_interfaces/msg/detail/pwm__type_support.hpp
-- Up-to-date: /home/ani/blitz_ws/install/robot_interfaces/include/robot_interfaces/robot_interfaces/msg/detail/counter__type_support.hpp
-- Up-to-date: /home/ani/blitz_ws/install/robot_interfaces/include/robot_interfaces/robot_interfaces/msg/speed.hpp
-- Up-to-date: /home/ani/blitz_ws/install/robot_interfaces/include/robot_interfaces/robot_interfaces/msg/custom.hpp
-- Up-to-date: /home/ani/blitz_ws/install/robot_interfaces/include/robot_interfaces/robot_interfaces
-- Up-to-date: /home/ani/blitz_ws/install/robot_interfaces/include/robot_interfaces/robot_interfaces/msg
-- Up-to-date: /home/ani/blitz_ws/install/robot_interfaces/include/robot_interfaces/robot_interfaces/msg/rosidl_typesupport_fastrtps_cpp__visibility_control.h
-- Up-to-date: /home/ani/blitz_ws/install/robot_interfaces/include/robot_interfaces/robot_interfaces/msg/detail
-- Up-to-date: /home/ani/blitz_ws/install/robot_interfaces/include/robot_interfaces/robot_interfaces/msg/detail/dds_fastrtps
-- Up-to-date: /home/ani/blitz_ws/install/robot_interfaces/include/robot_interfaces/robot_interfaces/msg/detail/speed__rosidl_typesupport_fastrtps_cpp.hpp
-- Up-to-date: /home/ani/blitz_ws/install/robot_interfaces/include/robot_interfaces/robot_interfaces/msg/detail/counter__rosidl_typesupport_fastrtps_cpp.hpp
-- Up-to-date: /home/ani/blitz_ws/install/robot_interfaces/include/robot_interfaces/robot_interfaces/msg/detail/custom__rosidl_typesupport_fastrtps_cpp.hpp
-- Up-to-date: /home/ani/blitz_ws/install/robot_interfaces/include/robot_interfaces/robot_interfaces/msg/detail/pwm__rosidl_typesupport_fastrtps_cpp.hpp
-- Up-to-date: /home/ani/blitz_ws/install/robot_interfaces/lib/librobot_interfaces__rosidl_typesupport_fastrtps_cpp.so
-- Up-to-date: /home/ani/blitz_ws/install/robot_interfaces/include/robot_interfaces/robot_interfaces
-- Up-to-date: /home/ani/blitz_ws/install/robot_interfaces/include/robot_interfaces/robot_interfaces/msg
-- Up-to-date: /home/ani/blitz_ws/install/robot_interfaces/include/robot_interfaces/robot_interfaces/msg/detail
-- Up-to-date: /home/ani/blitz_ws/install/robot_interfaces/include/robot_interfaces/robot_interfaces/msg/detail/counter__type_support.cpp
-- Up-to-date: /home/ani/blitz_ws/install/robot_interfaces/include/robot_interfaces/robot_interfaces/msg/detail/speed__rosidl_typesupport_introspection_cpp.hpp
-- Up-to-date: /home/ani/blitz_ws/install/robot_interfaces/include/robot_interfaces/robot_interfaces/msg/detail/custom__rosidl_typesupport_introspection_cpp.hpp
-- Up-to-date: /home/ani/blitz_ws/install/robot_interfaces/include/robot_interfaces/robot_interfaces/msg/detail/counter__rosidl_typesupport_introspection_cpp.hpp
-- Up-to-date: /home/ani/blitz_ws/install/robot_interfaces/include/robot_interfaces/robot_interfaces/msg/detail/pwm__rosidl_typesupport_introspection_cpp.hpp
-- Up-to-date: /home/ani/blitz_ws/install/robot_interfaces/include/robot_interfaces/robot_interfaces/msg/detail/custom__type_support.cpp
-- Up-to-date: /home/ani/blitz_ws/install/robot_interfaces/include/robot_interfaces/robot_interfaces/msg/detail/pwm__type_support.cpp
-- Up-to-date: /home/ani/blitz_ws/install/robot_interfaces/include/robot_interfaces/robot_interfaces/msg/detail/speed__type_support.cpp
-- Up-to-date: /home/ani/blitz_ws/install/robot_interfaces/lib/librobot_interfaces__rosidl_typesupport_introspection_cpp.so
-- Up-to-date: /home/ani/blitz_ws/install/robot_interfaces/lib/librobot_interfaces__rosidl_typesupport_cpp.so
-- Up-to-date: /home/ani/blitz_ws/install/robot_interfaces/share/robot_interfaces/environment/pythonpath.sh
-- Up-to-date: /home/ani/blitz_ws/install/robot_interfaces/share/robot_interfaces/environment/pythonpath.dsv
-- Up-to-date: /home/ani/blitz_ws/install/robot_interfaces/lib/python3.12/site-packages/robot_interfaces-0.0.0-py3.12.egg-info
-- Installing: /home/ani/blitz_ws/install/robot_interfaces/lib/python3.12/site-packages/robot_interfaces-0.0.0-py3.12.egg-info/SOURCES.txt
-- Installing: /home/ani/blitz_ws/install/robot_interfaces/lib/python3.12/site-packages/robot_interfaces-0.0.0-py3.12.egg-info/top_level.txt
-- Installing: /home/ani/blitz_ws/install/robot_interfaces/lib/python3.12/site-packages/robot_interfaces-0.0.0-py3.12.egg-info/dependency_links.txt
-- Installing: /home/ani/blitz_ws/install/robot_interfaces/lib/python3.12/site-packages/robot_interfaces-0.0.0-py3.12.egg-info/PKG-INFO
-- Up-to-date: /home/ani/blitz_ws/install/robot_interfaces/lib/python3.12/site-packages/robot_interfaces
-- Up-to-date: /home/ani/blitz_ws/install/robot_interfaces/lib/python3.12/site-packages/robot_interfaces/_robot_interfaces_s.ep.rosidl_typesupport_fastrtps_c.c
-- Up-to-date: /home/ani/blitz_ws/install/robot_interfaces/lib/python3.12/site-packages/robot_interfaces/_robot_interfaces_s.ep.rosidl_typesupport_introspection_c.c
-- Up-to-date: /home/ani/blitz_ws/install/robot_interfaces/lib/python3.12/site-packages/robot_interfaces/msg
-- Up-to-date: /home/ani/blitz_ws/install/robot_interfaces/lib/python3.12/site-packages/robot_interfaces/msg/_counter.py
-- Up-to-date: /home/ani/blitz_ws/install/robot_interfaces/lib/python3.12/site-packages/robot_interfaces/msg/_speed_s.c
-- Up-to-date: /home/ani/blitz_ws/install/robot_interfaces/lib/python3.12/site-packages/robot_interfaces/msg/_speed.py
-- Up-to-date: /home/ani/blitz_ws/install/robot_interfaces/lib/python3.12/site-packages/robot_interfaces/msg/__init__.py
-- Up-to-date: /home/ani/blitz_ws/install/robot_interfaces/lib/python3.12/site-packages/robot_interfaces/msg/_custom_s.c
-- Up-to-date: /home/ani/blitz_ws/install/robot_interfaces/lib/python3.12/site-packages/robot_interfaces/msg/_pwm.py
-- Up-to-date: /home/ani/blitz_ws/install/robot_interfaces/lib/python3.12/site-packages/robot_interfaces/msg/_counter_s.c
-- Up-to-date: /home/ani/blitz_ws/install/robot_interfaces/lib/python3.12/site-packages/robot_interfaces/msg/_custom.py
-- Up-to-date: /home/ani/blitz_ws/install/robot_interfaces/lib/python3.12/site-packages/robot_interfaces/msg/_pwm_s.c
-- Up-to-date: /home/ani/blitz_ws/install/robot_interfaces/lib/python3.12/site-packages/robot_interfaces/_robot_interfaces_s.ep.rosidl_typesupport_c.c
-- Up-to-date: /home/ani/blitz_ws/install/robot_interfaces/lib/python3.12/site-packages/robot_interfaces/robot_interfaces_s__rosidl_typesupport_c.so
-- Up-to-date: /home/ani/blitz_ws/install/robot_interfaces/lib/python3.12/site-packages/robot_interfaces/__init__.py
-- Up-to-date: /home/ani/blitz_ws/install/robot_interfaces/lib/python3.12/site-packages/robot_interfaces/robot_interfaces_s__rosidl_typesupport_fastrtps_c.so
-- Up-to-date: /home/ani/blitz_ws/install/robot_interfaces/lib/python3.12/site-packages/robot_interfaces/robot_interfaces_s__rosidl_typesupport_introspection_c.so
Listing '/home/ani/blitz_ws/install/robot_interfaces/lib/python3.12/site-packages/robot_interfaces'...
Listing '/home/ani/blitz_ws/install/robot_interfaces/lib/python3.12/site-packages/robot_interfaces/msg'...
-- Up-to-date: /home/ani/blitz_ws/install/robot_interfaces/lib/python3.12/site-packages/robot_interfaces/robot_interfaces_s__rosidl_typesupport_fastrtps_c.so
-- Up-to-date: /home/ani/blitz_ws/install/robot_interfaces/lib/python3.12/site-packages/robot_interfaces/robot_interfaces_s__rosidl_typesupport_introspection_c.so
-- Up-to-date: /home/ani/blitz_ws/install/robot_interfaces/lib/python3.12/site-packages/robot_interfaces/robot_interfaces_s__rosidl_typesupport_c.so
-- Up-to-date: /home/ani/blitz_ws/install/robot_interfaces/lib/librobot_interfaces__rosidl_generator_py.so
-- Up-to-date: /home/ani/blitz_ws/install/robot_interfaces/share/robot_interfaces/msg/Counter.idl
-- Up-to-date: /home/ani/blitz_ws/install/robot_interfaces/share/robot_interfaces/msg/Custom.idl
-- Up-to-date: /home/ani/blitz_ws/install/robot_interfaces/share/robot_interfaces/msg/Speed.idl
-- Up-to-date: /home/ani/blitz_ws/install/robot_interfaces/share/robot_interfaces/msg/Pwm.idl
-- Up-to-date: /home/ani/blitz_ws/install/robot_interfaces/share/robot_interfaces/msg/Counter.msg
-- Up-to-date: /home/ani/blitz_ws/install/robot_interfaces/share/robot_interfaces/msg/Custom.msg
-- Up-to-date: /home/ani/blitz_ws/install/robot_interfaces/share/robot_interfaces/msg/Speed.msg
-- Up-to-date: /home/ani/blitz_ws/install/robot_interfaces/share/robot_interfaces/msg/Pwm.msg
-- Up-to-date: /home/ani/blitz_ws/install/robot_interfaces/share/ament_index/resource_index/package_run_dependencies/robot_interfaces
-- Up-to-date: /home/ani/blitz_ws/install/robot_interfaces/share/ament_index/resource_index/parent_prefix_path/robot_interfaces
-- Up-to-date: /home/ani/blitz_ws/install/robot_interfaces/share/robot_interfaces/environment/ament_prefix_path.sh
-- Up-to-date: /home/ani/blitz_ws/install/robot_interfaces/share/robot_interfaces/environment/ament_prefix_path.dsv
-- Up-to-date: /home/ani/blitz_ws/install/robot_interfaces/share/robot_interfaces/environment/path.sh
-- Up-to-date: /home/ani/blitz_ws/install/robot_interfaces/share/robot_interfaces/environment/path.dsv
-- Up-to-date: /home/ani/blitz_ws/install/robot_interfaces/share/robot_interfaces/local_setup.bash
-- Up-to-date: /home/ani/blitz_ws/install/robot_interfaces/share/robot_interfaces/local_setup.sh
-- Up-to-date: /home/ani/blitz_ws/install/robot_interfaces/share/robot_interfaces/local_setup.zsh
-- Up-to-date: /home/ani/blitz_ws/install/robot_interfaces/share/robot_interfaces/local_setup.dsv
-- Installing: /home/ani/blitz_ws/install/robot_interfaces/share/robot_interfaces/package.dsv
-- Up-to-date: /home/ani/blitz_ws/install/robot_interfaces/share/ament_index/resource_index/packages/robot_interfaces
-- Up-to-date: /home/ani/blitz_ws/install/robot_interfaces/share/robot_interfaces/cmake/export_robot_interfaces__rosidl_generator_cExport.cmake
-- Up-to-date: /home/ani/blitz_ws/install/robot_interfaces/share/robot_interfaces/cmake/export_robot_interfaces__rosidl_generator_cExport-noconfig.cmake
-- Up-to-date: /home/ani/blitz_ws/install/robot_interfaces/share/robot_interfaces/cmake/export_robot_interfaces__rosidl_typesupport_fastrtps_cExport.cmake
-- Up-to-date: /home/ani/blitz_ws/install/robot_interfaces/share/robot_interfaces/cmake/export_robot_interfaces__rosidl_typesupport_fastrtps_cExport-noconfig.cmake
-- Up-to-date: /home/ani/blitz_ws/install/robot_interfaces/share/robot_interfaces/cmake/robot_interfaces__rosidl_typesupport_introspection_cExport.cmake
-- Up-to-date: /home/ani/blitz_ws/install/robot_interfaces/share/robot_interfaces/cmake/robot_interfaces__rosidl_typesupport_introspection_cExport-noconfig.cmake
-- Up-to-date: /home/ani/blitz_ws/install/robot_interfaces/share/robot_interfaces/cmake/robot_interfaces__rosidl_typesupport_cExport.cmake
-- Up-to-date: /home/ani/blitz_ws/install/robot_interfaces/share/robot_interfaces/cmake/robot_interfaces__rosidl_typesupport_cExport-noconfig.cmake
-- Up-to-date: /home/ani/blitz_ws/install/robot_interfaces/share/robot_interfaces/cmake/export_robot_interfaces__rosidl_generator_cppExport.cmake
-- Up-to-date: /home/ani/blitz_ws/install/robot_interfaces/share/robot_interfaces/cmake/export_robot_interfaces__rosidl_typesupport_fastrtps_cppExport.cmake
-- Up-to-date: /home/ani/blitz_ws/install/robot_interfaces/share/robot_interfaces/cmake/export_robot_interfaces__rosidl_typesupport_fastrtps_cppExport-noconfig.cmake
-- Up-to-date: /home/ani/blitz_ws/install/robot_interfaces/share/robot_interfaces/cmake/robot_interfaces__rosidl_typesupport_introspection_cppExport.cmake
-- Up-to-date: /home/ani/blitz_ws/install/robot_interfaces/share/robot_interfaces/cmake/robot_interfaces__rosidl_typesupport_introspection_cppExport-noconfig.cmake
-- Up-to-date: /home/ani/blitz_ws/install/robot_interfaces/share/robot_interfaces/cmake/robot_interfaces__rosidl_typesupport_cppExport.cmake
-- Up-to-date: /home/ani/blitz_ws/install/robot_interfaces/share/robot_interfaces/cmake/robot_interfaces__rosidl_typesupport_cppExport-noconfig.cmake
-- Up-to-date: /home/ani/blitz_ws/install/robot_interfaces/share/robot_interfaces/cmake/export_robot_interfaces__rosidl_generator_pyExport.cmake
-- Up-to-date: /home/ani/blitz_ws/install/robot_interfaces/share/robot_interfaces/cmake/export_robot_interfaces__rosidl_generator_pyExport-noconfig.cmake
-- Up-to-date: /home/ani/blitz_ws/install/robot_interfaces/share/robot_interfaces/cmake/rosidl_cmake-extras.cmake
-- Up-to-date: /home/ani/blitz_ws/install/robot_interfaces/share/robot_interfaces/cmake/ament_cmake_export_include_directories-extras.cmake
-- Up-to-date: /home/ani/blitz_ws/install/robot_interfaces/share/robot_interfaces/cmake/ament_cmake_export_libraries-extras.cmake
-- Up-to-date: /home/ani/blitz_ws/install/robot_interfaces/share/robot_interfaces/cmake/ament_cmake_export_targets-extras.cmake
-- Up-to-date: /home/ani/blitz_ws/install/robot_interfaces/share/robot_interfaces/cmake/rosidl_cmake_export_typesupport_targets-extras.cmake
-- Up-to-date: /home/ani/blitz_ws/install/robot_interfaces/share/robot_interfaces/cmake/ament_cmake_export_dependencies-extras.cmake
-- Up-to-date: /home/ani/blitz_ws/install/robot_interfaces/share/robot_interfaces/cmake/rosidl_cmake_export_typesupport_libraries-extras.cmake
-- Up-to-date: /home/ani/blitz_ws/install/robot_interfaces/share/robot_interfaces/cmake/robot_interfacesConfig.cmake
-- Up-to-date: /home/ani/blitz_ws/install/robot_interfaces/share/robot_interfaces/cmake/robot_interfacesConfig-version.cmake
-- Up-to-date: /home/ani/blitz_ws/install/robot_interfaces/share/robot_interfaces/package.xml
