[0.251s] DEBUG:colcon:Command line arguments: ['/usr/bin/colcon', 'build']
[0.251s] DEBUG:colcon:Parsed command line arguments: Namespace(log_base=None, log_level=None, verb_name='build', build_base='build', install_base='install', merge_install=False, symlink_install=False, test_result_base=None, continue_on_error=False, executor='parallel', parallel_workers=32, event_handlers=None, ignore_user_meta=False, metas=['./colcon.meta'], base_paths=['.'], packages_ignore=None, packages_ignore_regex=None, paths=None, packages_up_to=None, packages_up_to_regex=None, packages_above=None, packages_above_and_dependencies=None, packages_above_depth=None, packages_select_by_dep=None, packages_skip_by_dep=None, packages_skip_up_to=None, packages_select_build_failed=False, packages_skip_build_finished=False, packages_select_test_failures=False, packages_skip_test_passed=False, packages_select=None, packages_skip=None, packages_select_regex=None, packages_skip_regex=None, packages_start=None, packages_end=None, allow_overriding=[], cmake_args=None, cmake_target=None, cmake_target_skip_unavailable=False, cmake_clean_cache=False, cmake_clean_first=False, cmake_force_configure=False, ament_cmake_args=None, catkin_cmake_args=None, catkin_skip_building_tests=False, mixin_files=None, mixin=None, verb_parser=<colcon_mixin.mixin.mixin_argument.MixinArgumentDecorator object at 0x759a4b788950>, verb_extension=<colcon_core.verb.build.BuildVerb object at 0x759a4b8acfb0>, main=<bound method BuildVerb.main of <colcon_core.verb.build.BuildVerb object at 0x759a4b8acfb0>>, mixin_verb=('build',))
[0.318s] Level 1:colcon.colcon_core.package_discovery:discover_packages(colcon_meta) check parameters
[0.318s] Level 1:colcon.colcon_core.package_discovery:discover_packages(recursive) check parameters
[0.318s] Level 1:colcon.colcon_core.package_discovery:discover_packages(ignore) check parameters
[0.318s] Level 1:colcon.colcon_core.package_discovery:discover_packages(path) check parameters
[0.318s] Level 1:colcon.colcon_core.package_discovery:discover_packages(colcon_meta) discover
[0.318s] Level 1:colcon.colcon_core.package_discovery:discover_packages(recursive) discover
[0.318s] INFO:colcon.colcon_core.package_discovery:Crawling recursively for packages in '/home/ani/blitz_ws'
[0.318s] Level 1:colcon.colcon_core.package_identification:_identify(.) by extensions ['ignore', 'ignore_ament_install']
[0.319s] Level 1:colcon.colcon_core.package_identification:_identify(.) by extension 'ignore'
[0.319s] Level 1:colcon.colcon_core.package_identification:_identify(.) by extension 'ignore_ament_install'
[0.319s] Level 1:colcon.colcon_core.package_identification:_identify(.) by extensions ['colcon_pkg']
[0.319s] Level 1:colcon.colcon_core.package_identification:_identify(.) by extension 'colcon_pkg'
[0.319s] Level 1:colcon.colcon_core.package_identification:_identify(.) by extensions ['colcon_meta']
[0.319s] Level 1:colcon.colcon_core.package_identification:_identify(.) by extension 'colcon_meta'
[0.319s] Level 1:colcon.colcon_core.package_identification:_identify(.) by extensions ['ros']
[0.319s] Level 1:colcon.colcon_core.package_identification:_identify(.) by extension 'ros'
[0.348s] Level 1:colcon.colcon_core.package_identification:_identify(.) by extensions ['cmake', 'python']
[0.349s] Level 1:colcon.colcon_core.package_identification:_identify(.) by extension 'cmake'
[0.349s] Level 1:colcon.colcon_core.package_identification:_identify(.) by extension 'python'
[0.349s] Level 1:colcon.colcon_core.package_identification:_identify(.) by extensions ['python_setup_py']
[0.349s] Level 1:colcon.colcon_core.package_identification:_identify(.) by extension 'python_setup_py'
[0.349s] Level 1:colcon.colcon_core.package_identification:_identify(build) by extensions ['ignore', 'ignore_ament_install']
[0.349s] Level 1:colcon.colcon_core.package_identification:_identify(build) by extension 'ignore'
[0.349s] Level 1:colcon.colcon_core.package_identification:_identify(build) ignored
[0.349s] Level 1:colcon.colcon_core.package_identification:_identify(install) by extensions ['ignore', 'ignore_ament_install']
[0.349s] Level 1:colcon.colcon_core.package_identification:_identify(install) by extension 'ignore'
[0.349s] Level 1:colcon.colcon_core.package_identification:_identify(install) ignored
[0.349s] Level 1:colcon.colcon_core.package_identification:_identify(log) by extensions ['ignore', 'ignore_ament_install']
[0.349s] Level 1:colcon.colcon_core.package_identification:_identify(log) by extension 'ignore'
[0.349s] Level 1:colcon.colcon_core.package_identification:_identify(log) ignored
[0.349s] Level 1:colcon.colcon_core.package_identification:_identify(src) by extensions ['ignore', 'ignore_ament_install']
[0.349s] Level 1:colcon.colcon_core.package_identification:_identify(src) by extension 'ignore'
[0.349s] Level 1:colcon.colcon_core.package_identification:_identify(src) by extension 'ignore_ament_install'
[0.350s] Level 1:colcon.colcon_core.package_identification:_identify(src) by extensions ['colcon_pkg']
[0.350s] Level 1:colcon.colcon_core.package_identification:_identify(src) by extension 'colcon_pkg'
[0.350s] Level 1:colcon.colcon_core.package_identification:_identify(src) by extensions ['colcon_meta']
[0.350s] Level 1:colcon.colcon_core.package_identification:_identify(src) by extension 'colcon_meta'
[0.350s] Level 1:colcon.colcon_core.package_identification:_identify(src) by extensions ['ros']
[0.350s] Level 1:colcon.colcon_core.package_identification:_identify(src) by extension 'ros'
[0.350s] Level 1:colcon.colcon_core.package_identification:_identify(src) by extensions ['cmake', 'python']
[0.350s] Level 1:colcon.colcon_core.package_identification:_identify(src) by extension 'cmake'
[0.350s] Level 1:colcon.colcon_core.package_identification:_identify(src) by extension 'python'
[0.350s] Level 1:colcon.colcon_core.package_identification:_identify(src) by extensions ['python_setup_py']
[0.350s] Level 1:colcon.colcon_core.package_identification:_identify(src) by extension 'python_setup_py'
[0.350s] Level 1:colcon.colcon_core.package_identification:_identify(src/blitz_ros) by extensions ['ignore', 'ignore_ament_install']
[0.350s] Level 1:colcon.colcon_core.package_identification:_identify(src/blitz_ros) by extension 'ignore'
[0.350s] Level 1:colcon.colcon_core.package_identification:_identify(src/blitz_ros) by extension 'ignore_ament_install'
[0.350s] Level 1:colcon.colcon_core.package_identification:_identify(src/blitz_ros) by extensions ['colcon_pkg']
[0.350s] Level 1:colcon.colcon_core.package_identification:_identify(src/blitz_ros) by extension 'colcon_pkg'
[0.350s] Level 1:colcon.colcon_core.package_identification:_identify(src/blitz_ros) by extensions ['colcon_meta']
[0.350s] Level 1:colcon.colcon_core.package_identification:_identify(src/blitz_ros) by extension 'colcon_meta'
[0.350s] Level 1:colcon.colcon_core.package_identification:_identify(src/blitz_ros) by extensions ['ros']
[0.350s] Level 1:colcon.colcon_core.package_identification:_identify(src/blitz_ros) by extension 'ros'
[0.350s] Level 1:colcon.colcon_core.package_identification:_identify(src/blitz_ros) by extensions ['cmake', 'python']
[0.350s] Level 1:colcon.colcon_core.package_identification:_identify(src/blitz_ros) by extension 'cmake'
[0.350s] Level 1:colcon.colcon_core.package_identification:_identify(src/blitz_ros) by extension 'python'
[0.350s] Level 1:colcon.colcon_core.package_identification:_identify(src/blitz_ros) by extensions ['python_setup_py']
[0.350s] Level 1:colcon.colcon_core.package_identification:_identify(src/blitz_ros) by extension 'python_setup_py'
[0.351s] Level 1:colcon.colcon_core.package_identification:_identify(src/blitz_ros/blitz) by extensions ['ignore', 'ignore_ament_install']
[0.351s] Level 1:colcon.colcon_core.package_identification:_identify(src/blitz_ros/blitz) by extension 'ignore'
[0.351s] Level 1:colcon.colcon_core.package_identification:_identify(src/blitz_ros/blitz) by extension 'ignore_ament_install'
[0.351s] Level 1:colcon.colcon_core.package_identification:_identify(src/blitz_ros/blitz) by extensions ['colcon_pkg']
[0.351s] Level 1:colcon.colcon_core.package_identification:_identify(src/blitz_ros/blitz) by extension 'colcon_pkg'
[0.351s] Level 1:colcon.colcon_core.package_identification:_identify(src/blitz_ros/blitz) by extensions ['colcon_meta']
[0.351s] Level 1:colcon.colcon_core.package_identification:_identify(src/blitz_ros/blitz) by extension 'colcon_meta'
[0.351s] Level 1:colcon.colcon_core.package_identification:_identify(src/blitz_ros/blitz) by extensions ['ros']
[0.351s] Level 1:colcon.colcon_core.package_identification:_identify(src/blitz_ros/blitz) by extension 'ros'
[0.354s] DEBUG:colcon.colcon_core.package_identification:Package 'src/blitz_ros/blitz' with type 'ros.ament_cmake' and name 'blitz'
[0.354s] Level 1:colcon.colcon_core.package_identification:_identify(src/blitz_ros/robot_interfaces) by extensions ['ignore', 'ignore_ament_install']
[0.354s] Level 1:colcon.colcon_core.package_identification:_identify(src/blitz_ros/robot_interfaces) by extension 'ignore'
[0.354s] Level 1:colcon.colcon_core.package_identification:_identify(src/blitz_ros/robot_interfaces) by extension 'ignore_ament_install'
[0.354s] Level 1:colcon.colcon_core.package_identification:_identify(src/blitz_ros/robot_interfaces) by extensions ['colcon_pkg']
[0.354s] Level 1:colcon.colcon_core.package_identification:_identify(src/blitz_ros/robot_interfaces) by extension 'colcon_pkg'
[0.354s] Level 1:colcon.colcon_core.package_identification:_identify(src/blitz_ros/robot_interfaces) by extensions ['colcon_meta']
[0.354s] Level 1:colcon.colcon_core.package_identification:_identify(src/blitz_ros/robot_interfaces) by extension 'colcon_meta'
[0.354s] Level 1:colcon.colcon_core.package_identification:_identify(src/blitz_ros/robot_interfaces) by extensions ['ros']
[0.354s] Level 1:colcon.colcon_core.package_identification:_identify(src/blitz_ros/robot_interfaces) by extension 'ros'
[0.355s] DEBUG:colcon.colcon_core.package_identification:Package 'src/blitz_ros/robot_interfaces' with type 'ros.ament_cmake' and name 'robot_interfaces'
[0.355s] Level 1:colcon.colcon_core.package_discovery:discover_packages(recursive) using defaults
[0.355s] Level 1:colcon.colcon_core.package_discovery:discover_packages(ignore) discover
[0.355s] Level 1:colcon.colcon_core.package_discovery:discover_packages(ignore) using defaults
[0.355s] Level 1:colcon.colcon_core.package_discovery:discover_packages(path) discover
[0.355s] Level 1:colcon.colcon_core.package_discovery:discover_packages(path) using defaults
[0.382s] Level 1:colcon.colcon_core.package_discovery:discover_packages(prefix_path) check parameters
[0.382s] Level 1:colcon.colcon_core.package_discovery:discover_packages(prefix_path) discover
[0.386s] DEBUG:colcon.colcon_installed_package_information.package_discovery:Found 285 installed packages in /opt/ros/jazzy
[0.388s] Level 1:colcon.colcon_core.package_discovery:discover_packages(prefix_path) using defaults
[0.426s] Level 5:colcon.colcon_core.verb:set package 'blitz' build argument 'cmake_args' from command line to 'None'
[0.426s] Level 5:colcon.colcon_core.verb:set package 'blitz' build argument 'cmake_target' from command line to 'None'
[0.426s] Level 5:colcon.colcon_core.verb:set package 'blitz' build argument 'cmake_target_skip_unavailable' from command line to 'False'
[0.426s] Level 5:colcon.colcon_core.verb:set package 'blitz' build argument 'cmake_clean_cache' from command line to 'False'
[0.426s] Level 5:colcon.colcon_core.verb:set package 'blitz' build argument 'cmake_clean_first' from command line to 'False'
[0.426s] Level 5:colcon.colcon_core.verb:set package 'blitz' build argument 'cmake_force_configure' from command line to 'False'
[0.426s] Level 5:colcon.colcon_core.verb:set package 'blitz' build argument 'ament_cmake_args' from command line to 'None'
[0.426s] Level 5:colcon.colcon_core.verb:set package 'blitz' build argument 'catkin_cmake_args' from command line to 'None'
[0.426s] Level 5:colcon.colcon_core.verb:set package 'blitz' build argument 'catkin_skip_building_tests' from command line to 'False'
[0.426s] DEBUG:colcon.colcon_core.verb:Building package 'blitz' with the following arguments: {'ament_cmake_args': None, 'build_base': '/home/ani/blitz_ws/build/blitz', 'catkin_cmake_args': None, 'catkin_skip_building_tests': False, 'cmake_args': None, 'cmake_clean_cache': False, 'cmake_clean_first': False, 'cmake_force_configure': False, 'cmake_target': None, 'cmake_target_skip_unavailable': False, 'install_base': '/home/ani/blitz_ws/install/blitz', 'merge_install': False, 'path': '/home/ani/blitz_ws/src/blitz_ros/blitz', 'symlink_install': False, 'test_result_base': None}
[0.427s] Level 5:colcon.colcon_core.verb:set package 'robot_interfaces' build argument 'cmake_args' from command line to 'None'
[0.427s] Level 5:colcon.colcon_core.verb:set package 'robot_interfaces' build argument 'cmake_target' from command line to 'None'
[0.427s] Level 5:colcon.colcon_core.verb:set package 'robot_interfaces' build argument 'cmake_target_skip_unavailable' from command line to 'False'
[0.427s] Level 5:colcon.colcon_core.verb:set package 'robot_interfaces' build argument 'cmake_clean_cache' from command line to 'False'
[0.427s] Level 5:colcon.colcon_core.verb:set package 'robot_interfaces' build argument 'cmake_clean_first' from command line to 'False'
[0.427s] Level 5:colcon.colcon_core.verb:set package 'robot_interfaces' build argument 'cmake_force_configure' from command line to 'False'
[0.427s] Level 5:colcon.colcon_core.verb:set package 'robot_interfaces' build argument 'ament_cmake_args' from command line to 'None'
[0.427s] Level 5:colcon.colcon_core.verb:set package 'robot_interfaces' build argument 'catkin_cmake_args' from command line to 'None'
[0.427s] Level 5:colcon.colcon_core.verb:set package 'robot_interfaces' build argument 'catkin_skip_building_tests' from command line to 'False'
[0.427s] DEBUG:colcon.colcon_core.verb:Building package 'robot_interfaces' with the following arguments: {'ament_cmake_args': None, 'build_base': '/home/ani/blitz_ws/build/robot_interfaces', 'catkin_cmake_args': None, 'catkin_skip_building_tests': False, 'cmake_args': None, 'cmake_clean_cache': False, 'cmake_clean_first': False, 'cmake_force_configure': False, 'cmake_target': None, 'cmake_target_skip_unavailable': False, 'install_base': '/home/ani/blitz_ws/install/robot_interfaces', 'merge_install': False, 'path': '/home/ani/blitz_ws/src/blitz_ros/robot_interfaces', 'symlink_install': False, 'test_result_base': None}
[0.427s] INFO:colcon.colcon_core.executor:Executing jobs using 'parallel' executor
[0.428s] DEBUG:colcon.colcon_parallel_executor.executor.parallel:run_until_complete
[0.428s] INFO:colcon.colcon_ros.task.ament_cmake.build:Building ROS package in '/home/ani/blitz_ws/src/blitz_ros/blitz' with build type 'ament_cmake'
[0.428s] INFO:colcon.colcon_cmake.task.cmake.build:Building CMake package in '/home/ani/blitz_ws/src/blitz_ros/blitz'
[0.431s] INFO:colcon.colcon_core.plugin_system:Skipping extension 'colcon_core.shell.bat': Not used on non-Windows systems
[0.431s] INFO:colcon.colcon_core.shell:Skip shell extension 'powershell' for command environment: Not usable outside of PowerShell
[0.432s] DEBUG:colcon.colcon_core.shell:Skip shell extension 'dsv' for command environment
[0.435s] INFO:colcon.colcon_ros.task.ament_cmake.build:Building ROS package in '/home/ani/blitz_ws/src/blitz_ros/robot_interfaces' with build type 'ament_cmake'
[0.435s] INFO:colcon.colcon_cmake.task.cmake.build:Building CMake package in '/home/ani/blitz_ws/src/blitz_ros/robot_interfaces'
[0.435s] INFO:colcon.colcon_core.shell:Skip shell extension 'powershell' for command environment: Not usable outside of PowerShell
[0.435s] DEBUG:colcon.colcon_core.shell:Skip shell extension 'dsv' for command environment
[0.441s] DEBUG:colcon.colcon_core.event_handler.log_command:Invoking command in '/home/ani/blitz_ws/build/blitz': CMAKE_PREFIX_PATH=${CMAKE_PREFIX_PATH}:/opt/ros/jazzy DEBUGINFOD_URLS=https://debuginfod.ubuntu.com /usr/bin/cmake /home/ani/blitz_ws/src/blitz_ros/blitz -DCMAKE_INSTALL_PREFIX=/home/ani/blitz_ws/install/blitz
[0.446s] DEBUG:colcon.colcon_core.event_handler.log_command:Invoking command in '/home/ani/blitz_ws/build/robot_interfaces': CMAKE_PREFIX_PATH=${CMAKE_PREFIX_PATH}:/opt/ros/jazzy DEBUGINFOD_URLS=https://debuginfod.ubuntu.com /usr/bin/cmake /home/ani/blitz_ws/src/blitz_ros/robot_interfaces -DCMAKE_INSTALL_PREFIX=/home/ani/blitz_ws/install/robot_interfaces
[1.575s] DEBUG:colcon.colcon_core.event_handler.log_command:Invoked command in '/home/ani/blitz_ws/build/blitz' returned '0': CMAKE_PREFIX_PATH=${CMAKE_PREFIX_PATH}:/opt/ros/jazzy DEBUGINFOD_URLS=https://debuginfod.ubuntu.com /usr/bin/cmake /home/ani/blitz_ws/src/blitz_ros/blitz -DCMAKE_INSTALL_PREFIX=/home/ani/blitz_ws/install/blitz
[1.577s] DEBUG:colcon.colcon_core.event_handler.log_command:Invoking command in '/home/ani/blitz_ws/build/blitz': CMAKE_PREFIX_PATH=${CMAKE_PREFIX_PATH}:/opt/ros/jazzy DEBUGINFOD_URLS=https://debuginfod.ubuntu.com /usr/bin/cmake --build /home/ani/blitz_ws/build/blitz -- -j32 -l32
[1.632s] DEBUG:colcon.colcon_core.event_handler.log_command:Invoked command in '/home/ani/blitz_ws/build/blitz' returned '0': CMAKE_PREFIX_PATH=${CMAKE_PREFIX_PATH}:/opt/ros/jazzy DEBUGINFOD_URLS=https://debuginfod.ubuntu.com /usr/bin/cmake --build /home/ani/blitz_ws/build/blitz -- -j32 -l32
[1.645s] DEBUG:colcon.colcon_core.event_handler.log_command:Invoking command in '/home/ani/blitz_ws/build/blitz': CMAKE_PREFIX_PATH=${CMAKE_PREFIX_PATH}:/opt/ros/jazzy DEBUGINFOD_URLS=https://debuginfod.ubuntu.com /usr/bin/cmake --install /home/ani/blitz_ws/build/blitz
[1.662s] Level 1:colcon.colcon_core.environment:create_environment_scripts_only(blitz)
[1.662s] DEBUG:colcon.colcon_core.event_handler.log_command:Invoked command in '/home/ani/blitz_ws/build/blitz' returned '0': CMAKE_PREFIX_PATH=${CMAKE_PREFIX_PATH}:/opt/ros/jazzy DEBUGINFOD_URLS=https://debuginfod.ubuntu.com /usr/bin/cmake --install /home/ani/blitz_ws/build/blitz
[1.671s] Level 1:colcon.colcon_core.environment:checking '/home/ani/blitz_ws/install/blitz' for CMake module files
[1.671s] Level 1:colcon.colcon_core.environment:checking '/home/ani/blitz_ws/install/blitz' for CMake config files
[1.672s] Level 1:colcon.colcon_core.shell:create_environment_hook('blitz', 'cmake_prefix_path')
[1.672s] INFO:colcon.colcon_core.shell:Creating environment hook '/home/ani/blitz_ws/install/blitz/share/blitz/hook/cmake_prefix_path.ps1'
[1.673s] INFO:colcon.colcon_core.shell:Creating environment descriptor '/home/ani/blitz_ws/install/blitz/share/blitz/hook/cmake_prefix_path.dsv'
[1.674s] INFO:colcon.colcon_core.shell:Creating environment hook '/home/ani/blitz_ws/install/blitz/share/blitz/hook/cmake_prefix_path.sh'
[1.675s] Level 1:colcon.colcon_core.environment:checking '/home/ani/blitz_ws/install/blitz/lib'
[1.675s] Level 1:colcon.colcon_core.environment:checking '/home/ani/blitz_ws/install/blitz/bin'
[1.675s] Level 1:colcon.colcon_core.environment:checking '/home/ani/blitz_ws/install/blitz/lib/pkgconfig/blitz.pc'
[1.675s] Level 1:colcon.colcon_core.environment:checking '/home/ani/blitz_ws/install/blitz/lib/python3.12/site-packages'
[1.676s] Level 1:colcon.colcon_core.environment:checking '/home/ani/blitz_ws/install/blitz/bin'
[1.676s] INFO:colcon.colcon_core.shell:Creating package script '/home/ani/blitz_ws/install/blitz/share/blitz/package.ps1'
[1.677s] INFO:colcon.colcon_core.shell:Creating package descriptor '/home/ani/blitz_ws/install/blitz/share/blitz/package.dsv'
[1.678s] INFO:colcon.colcon_core.shell:Creating package script '/home/ani/blitz_ws/install/blitz/share/blitz/package.sh'
[1.678s] INFO:colcon.colcon_core.shell:Creating package script '/home/ani/blitz_ws/install/blitz/share/blitz/package.bash'
[1.679s] INFO:colcon.colcon_core.shell:Creating package script '/home/ani/blitz_ws/install/blitz/share/blitz/package.zsh'
[1.680s] Level 1:colcon.colcon_core.environment:create_file_with_runtime_dependencies(/home/ani/blitz_ws/install/blitz/share/colcon-core/packages/blitz)
[1.681s] Level 1:colcon.colcon_core.environment:create_environment_scripts_only(blitz)
[1.681s] Level 1:colcon.colcon_core.environment:checking '/home/ani/blitz_ws/install/blitz' for CMake module files
[1.682s] Level 1:colcon.colcon_core.environment:checking '/home/ani/blitz_ws/install/blitz' for CMake config files
[1.682s] Level 1:colcon.colcon_core.shell:create_environment_hook('blitz', 'cmake_prefix_path')
[1.682s] INFO:colcon.colcon_core.shell:Creating environment hook '/home/ani/blitz_ws/install/blitz/share/blitz/hook/cmake_prefix_path.ps1'
[1.683s] INFO:colcon.colcon_core.shell:Creating environment descriptor '/home/ani/blitz_ws/install/blitz/share/blitz/hook/cmake_prefix_path.dsv'
[1.683s] INFO:colcon.colcon_core.shell:Creating environment hook '/home/ani/blitz_ws/install/blitz/share/blitz/hook/cmake_prefix_path.sh'
[1.684s] Level 1:colcon.colcon_core.environment:checking '/home/ani/blitz_ws/install/blitz/lib'
[1.684s] Level 1:colcon.colcon_core.environment:checking '/home/ani/blitz_ws/install/blitz/bin'
[1.684s] Level 1:colcon.colcon_core.environment:checking '/home/ani/blitz_ws/install/blitz/lib/pkgconfig/blitz.pc'
[1.684s] Level 1:colcon.colcon_core.environment:checking '/home/ani/blitz_ws/install/blitz/lib/python3.12/site-packages'
[1.685s] Level 1:colcon.colcon_core.environment:checking '/home/ani/blitz_ws/install/blitz/bin'
[1.685s] INFO:colcon.colcon_core.shell:Creating package script '/home/ani/blitz_ws/install/blitz/share/blitz/package.ps1'
[1.685s] INFO:colcon.colcon_core.shell:Creating package descriptor '/home/ani/blitz_ws/install/blitz/share/blitz/package.dsv'
[1.686s] INFO:colcon.colcon_core.shell:Creating package script '/home/ani/blitz_ws/install/blitz/share/blitz/package.sh'
[1.686s] INFO:colcon.colcon_core.shell:Creating package script '/home/ani/blitz_ws/install/blitz/share/blitz/package.bash'
[1.687s] INFO:colcon.colcon_core.shell:Creating package script '/home/ani/blitz_ws/install/blitz/share/blitz/package.zsh'
[1.687s] Level 1:colcon.colcon_core.environment:create_file_with_runtime_dependencies(/home/ani/blitz_ws/install/blitz/share/colcon-core/packages/blitz)
[4.291s] DEBUG:colcon.colcon_core.event_handler.log_command:Invoked command in '/home/ani/blitz_ws/build/robot_interfaces' returned '0': CMAKE_PREFIX_PATH=${CMAKE_PREFIX_PATH}:/opt/ros/jazzy DEBUGINFOD_URLS=https://debuginfod.ubuntu.com /usr/bin/cmake /home/ani/blitz_ws/src/blitz_ros/robot_interfaces -DCMAKE_INSTALL_PREFIX=/home/ani/blitz_ws/install/robot_interfaces
[4.293s] DEBUG:colcon.colcon_core.event_handler.log_command:Invoking command in '/home/ani/blitz_ws/build/robot_interfaces': CMAKE_PREFIX_PATH=${CMAKE_PREFIX_PATH}:/opt/ros/jazzy DEBUGINFOD_URLS=https://debuginfod.ubuntu.com /usr/bin/cmake --build /home/ani/blitz_ws/build/robot_interfaces -- -j32 -l32
[7.814s] DEBUG:colcon.colcon_core.event_handler.log_command:Invoked command in '/home/ani/blitz_ws/build/robot_interfaces' returned '0': CMAKE_PREFIX_PATH=${CMAKE_PREFIX_PATH}:/opt/ros/jazzy DEBUGINFOD_URLS=https://debuginfod.ubuntu.com /usr/bin/cmake --build /home/ani/blitz_ws/build/robot_interfaces -- -j32 -l32
[7.816s] DEBUG:colcon.colcon_core.event_handler.log_command:Invoking command in '/home/ani/blitz_ws/build/robot_interfaces': CMAKE_PREFIX_PATH=${CMAKE_PREFIX_PATH}:/opt/ros/jazzy DEBUGINFOD_URLS=https://debuginfod.ubuntu.com /usr/bin/cmake --install /home/ani/blitz_ws/build/robot_interfaces
[7.905s] Level 1:colcon.colcon_core.environment:create_environment_scripts_only(robot_interfaces)
[7.905s] Level 1:colcon.colcon_core.environment:checking '/home/ani/blitz_ws/install/robot_interfaces' for CMake module files
[7.906s] DEBUG:colcon.colcon_core.event_handler.log_command:Invoked command in '/home/ani/blitz_ws/build/robot_interfaces' returned '0': CMAKE_PREFIX_PATH=${CMAKE_PREFIX_PATH}:/opt/ros/jazzy DEBUGINFOD_URLS=https://debuginfod.ubuntu.com /usr/bin/cmake --install /home/ani/blitz_ws/build/robot_interfaces
[7.906s] Level 1:colcon.colcon_core.environment:checking '/home/ani/blitz_ws/install/robot_interfaces' for CMake config files
[7.907s] Level 1:colcon.colcon_core.shell:create_environment_hook('robot_interfaces', 'cmake_prefix_path')
[7.907s] INFO:colcon.colcon_core.shell:Creating environment hook '/home/ani/blitz_ws/install/robot_interfaces/share/robot_interfaces/hook/cmake_prefix_path.ps1'
[7.908s] INFO:colcon.colcon_core.shell:Creating environment descriptor '/home/ani/blitz_ws/install/robot_interfaces/share/robot_interfaces/hook/cmake_prefix_path.dsv'
[7.908s] INFO:colcon.colcon_core.shell:Creating environment hook '/home/ani/blitz_ws/install/robot_interfaces/share/robot_interfaces/hook/cmake_prefix_path.sh'
[7.908s] Level 1:colcon.colcon_core.environment:checking '/home/ani/blitz_ws/install/robot_interfaces/lib'
[7.908s] Level 1:colcon.colcon_core.shell:create_environment_hook('robot_interfaces', 'ld_library_path_lib')
[7.909s] INFO:colcon.colcon_core.shell:Creating environment hook '/home/ani/blitz_ws/install/robot_interfaces/share/robot_interfaces/hook/ld_library_path_lib.ps1'
[7.909s] INFO:colcon.colcon_core.shell:Creating environment descriptor '/home/ani/blitz_ws/install/robot_interfaces/share/robot_interfaces/hook/ld_library_path_lib.dsv'
[7.909s] INFO:colcon.colcon_core.shell:Creating environment hook '/home/ani/blitz_ws/install/robot_interfaces/share/robot_interfaces/hook/ld_library_path_lib.sh'
[7.909s] Level 1:colcon.colcon_core.environment:checking '/home/ani/blitz_ws/install/robot_interfaces/bin'
[7.909s] Level 1:colcon.colcon_core.environment:checking '/home/ani/blitz_ws/install/robot_interfaces/lib/pkgconfig/robot_interfaces.pc'
[7.910s] Level 1:colcon.colcon_core.environment:checking '/home/ani/blitz_ws/install/robot_interfaces/lib/python3.12/site-packages'
[7.910s] Level 1:colcon.colcon_core.shell:create_environment_hook('robot_interfaces', 'pythonpath')
[7.910s] INFO:colcon.colcon_core.shell:Creating environment hook '/home/ani/blitz_ws/install/robot_interfaces/share/robot_interfaces/hook/pythonpath.ps1'
[7.910s] INFO:colcon.colcon_core.shell:Creating environment descriptor '/home/ani/blitz_ws/install/robot_interfaces/share/robot_interfaces/hook/pythonpath.dsv'
[7.910s] INFO:colcon.colcon_core.shell:Creating environment hook '/home/ani/blitz_ws/install/robot_interfaces/share/robot_interfaces/hook/pythonpath.sh'
[7.911s] Level 1:colcon.colcon_core.environment:checking '/home/ani/blitz_ws/install/robot_interfaces/bin'
[7.911s] INFO:colcon.colcon_core.shell:Creating package script '/home/ani/blitz_ws/install/robot_interfaces/share/robot_interfaces/package.ps1'
[7.912s] INFO:colcon.colcon_core.shell:Creating package descriptor '/home/ani/blitz_ws/install/robot_interfaces/share/robot_interfaces/package.dsv'
[7.912s] INFO:colcon.colcon_core.shell:Creating package script '/home/ani/blitz_ws/install/robot_interfaces/share/robot_interfaces/package.sh'
[7.912s] INFO:colcon.colcon_core.shell:Creating package script '/home/ani/blitz_ws/install/robot_interfaces/share/robot_interfaces/package.bash'
[7.913s] INFO:colcon.colcon_core.shell:Creating package script '/home/ani/blitz_ws/install/robot_interfaces/share/robot_interfaces/package.zsh'
[7.913s] Level 1:colcon.colcon_core.environment:create_file_with_runtime_dependencies(/home/ani/blitz_ws/install/robot_interfaces/share/colcon-core/packages/robot_interfaces)
[7.913s] Level 1:colcon.colcon_core.environment:create_environment_scripts_only(robot_interfaces)
[7.913s] Level 1:colcon.colcon_core.environment:checking '/home/ani/blitz_ws/install/robot_interfaces' for CMake module files
[7.914s] Level 1:colcon.colcon_core.environment:checking '/home/ani/blitz_ws/install/robot_interfaces' for CMake config files
[7.914s] Level 1:colcon.colcon_core.shell:create_environment_hook('robot_interfaces', 'cmake_prefix_path')
[7.914s] INFO:colcon.colcon_core.shell:Creating environment hook '/home/ani/blitz_ws/install/robot_interfaces/share/robot_interfaces/hook/cmake_prefix_path.ps1'
[7.915s] INFO:colcon.colcon_core.shell:Creating environment descriptor '/home/ani/blitz_ws/install/robot_interfaces/share/robot_interfaces/hook/cmake_prefix_path.dsv'
[7.915s] INFO:colcon.colcon_core.shell:Creating environment hook '/home/ani/blitz_ws/install/robot_interfaces/share/robot_interfaces/hook/cmake_prefix_path.sh'
[7.915s] Level 1:colcon.colcon_core.environment:checking '/home/ani/blitz_ws/install/robot_interfaces/lib'
[7.915s] Level 1:colcon.colcon_core.shell:create_environment_hook('robot_interfaces', 'ld_library_path_lib')
[7.916s] INFO:colcon.colcon_core.shell:Creating environment hook '/home/ani/blitz_ws/install/robot_interfaces/share/robot_interfaces/hook/ld_library_path_lib.ps1'
[7.916s] INFO:colcon.colcon_core.shell:Creating environment descriptor '/home/ani/blitz_ws/install/robot_interfaces/share/robot_interfaces/hook/ld_library_path_lib.dsv'
[7.916s] INFO:colcon.colcon_core.shell:Creating environment hook '/home/ani/blitz_ws/install/robot_interfaces/share/robot_interfaces/hook/ld_library_path_lib.sh'
[7.916s] Level 1:colcon.colcon_core.environment:checking '/home/ani/blitz_ws/install/robot_interfaces/bin'
[7.916s] Level 1:colcon.colcon_core.environment:checking '/home/ani/blitz_ws/install/robot_interfaces/lib/pkgconfig/robot_interfaces.pc'
[7.917s] Level 1:colcon.colcon_core.environment:checking '/home/ani/blitz_ws/install/robot_interfaces/lib/python3.12/site-packages'
[7.917s] Level 1:colcon.colcon_core.shell:create_environment_hook('robot_interfaces', 'pythonpath')
[7.917s] INFO:colcon.colcon_core.shell:Creating environment hook '/home/ani/blitz_ws/install/robot_interfaces/share/robot_interfaces/hook/pythonpath.ps1'
[7.917s] INFO:colcon.colcon_core.shell:Creating environment descriptor '/home/ani/blitz_ws/install/robot_interfaces/share/robot_interfaces/hook/pythonpath.dsv'
[7.917s] INFO:colcon.colcon_core.shell:Creating environment hook '/home/ani/blitz_ws/install/robot_interfaces/share/robot_interfaces/hook/pythonpath.sh'
[7.918s] Level 1:colcon.colcon_core.environment:checking '/home/ani/blitz_ws/install/robot_interfaces/bin'
[7.918s] INFO:colcon.colcon_core.shell:Creating package script '/home/ani/blitz_ws/install/robot_interfaces/share/robot_interfaces/package.ps1'
[7.918s] INFO:colcon.colcon_core.shell:Creating package descriptor '/home/ani/blitz_ws/install/robot_interfaces/share/robot_interfaces/package.dsv'
[7.919s] INFO:colcon.colcon_core.shell:Creating package script '/home/ani/blitz_ws/install/robot_interfaces/share/robot_interfaces/package.sh'
[7.919s] INFO:colcon.colcon_core.shell:Creating package script '/home/ani/blitz_ws/install/robot_interfaces/share/robot_interfaces/package.bash'
[7.920s] INFO:colcon.colcon_core.shell:Creating package script '/home/ani/blitz_ws/install/robot_interfaces/share/robot_interfaces/package.zsh'
[7.920s] Level 1:colcon.colcon_core.environment:create_file_with_runtime_dependencies(/home/ani/blitz_ws/install/robot_interfaces/share/colcon-core/packages/robot_interfaces)
[7.920s] DEBUG:colcon.colcon_parallel_executor.executor.parallel:closing loop
[7.920s] DEBUG:colcon.colcon_parallel_executor.executor.parallel:loop closed
[7.920s] DEBUG:colcon.colcon_parallel_executor.executor.parallel:run_until_complete finished with '0'
[7.920s] DEBUG:colcon.colcon_core.event_reactor:joining thread
[7.926s] INFO:colcon.colcon_core.plugin_system:Skipping extension 'colcon_notification.desktop_notification.terminal_notifier': Not used on non-Darwin systems
[7.927s] INFO:colcon.colcon_core.plugin_system:Skipping extension 'colcon_notification.desktop_notification.win32': Not used on non-Windows systems
[7.927s] INFO:colcon.colcon_notification.desktop_notification:Sending desktop notification using 'notify2'
[7.948s] DEBUG:colcon.colcon_core.event_reactor:joined thread
[7.949s] INFO:colcon.colcon_core.shell:Creating prefix script '/home/ani/blitz_ws/install/local_setup.ps1'
[7.950s] INFO:colcon.colcon_core.shell:Creating prefix util module '/home/ani/blitz_ws/install/_local_setup_util_ps1.py'
[7.951s] INFO:colcon.colcon_core.shell:Creating prefix chain script '/home/ani/blitz_ws/install/setup.ps1'
[7.952s] INFO:colcon.colcon_core.shell:Creating prefix script '/home/ani/blitz_ws/install/local_setup.sh'
[7.953s] INFO:colcon.colcon_core.shell:Creating prefix util module '/home/ani/blitz_ws/install/_local_setup_util_sh.py'
[7.954s] INFO:colcon.colcon_core.shell:Creating prefix chain script '/home/ani/blitz_ws/install/setup.sh'
[7.955s] INFO:colcon.colcon_core.shell:Creating prefix script '/home/ani/blitz_ws/install/local_setup.bash'
[7.956s] INFO:colcon.colcon_core.shell:Creating prefix chain script '/home/ani/blitz_ws/install/setup.bash'
[7.957s] INFO:colcon.colcon_core.shell:Creating prefix script '/home/ani/blitz_ws/install/local_setup.zsh'
[7.957s] INFO:colcon.colcon_core.shell:Creating prefix chain script '/home/ani/blitz_ws/install/setup.zsh'
