[0.009s] Invoking command in '/home/ani/blitz_ws/build/robot_interfaces': CMAKE_PREFIX_PATH=${CMAKE_PREFIX_PATH}:/opt/ros/jazzy DEBUGINFOD_URLS=https://debuginfod.ubuntu.com /usr/bin/cmake --build /home/ani/blitz_ws/build/robot_interfaces -- -j32 -l32
[0.077s] [  1%] Built target robot_interfaces__rosidl_generator_type_description
[0.086s] [  1%] Built target ament_cmake_python_copy_robot_interfaces
[0.108s] [  3%] Built target robot_interfaces__cpp
[0.115s] [ 25%] Built target robot_interfaces__rosidl_generator_c
[0.151s] [ 34%] Built target robot_interfaces__rosidl_typesupport_c
[0.152s] [ 43%] Built target robot_interfaces__rosidl_typesupport_introspection_c
[0.154s] [ 59%] Built target robot_interfaces__rosidl_typesupport_introspection_cpp
[0.155s] [ 62%] Built target robot_interfaces__rosidl_typesupport_fastrtps_c
[0.155s] [ 71%] Built target robot_interfaces__rosidl_typesupport_cpp
[0.159s] [ 81%] Built target robot_interfaces__rosidl_typesupport_fastrtps_cpp
[0.184s] [ 81%] Built target robot_interfaces
[0.209s] [ 82%] Built target robot_interfaces__py
[0.241s] [ 90%] Built target robot_interfaces__rosidl_generator_py
[0.270s] [ 93%] Built target robot_interfaces_s__rosidl_typesupport_c
[0.271s] [ 96%] Built target robot_interfaces_s__rosidl_typesupport_introspection_c
[0.271s] [100%] Built target robot_interfaces_s__rosidl_typesupport_fastrtps_c
[0.341s] running egg_info
[0.357s] writing robot_interfaces.egg-info/PKG-INFO
[0.358s] writing dependency_links to robot_interfaces.egg-info/dependency_links.txt
[0.358s] writing top-level names to robot_interfaces.egg-info/top_level.txt
[0.406s] reading manifest file 'robot_interfaces.egg-info/SOURCES.txt'
[0.406s] writing manifest file 'robot_interfaces.egg-info/SOURCES.txt'
[0.434s] [100%] Built target ament_cmake_python_build_robot_interfaces_egg
[0.448s] Invoked command in '/home/ani/blitz_ws/build/robot_interfaces' returned '0': CMAKE_PREFIX_PATH=${CMAKE_PREFIX_PATH}:/opt/ros/jazzy DEBUGINFOD_URLS=https://debuginfod.ubuntu.com /usr/bin/cmake --build /home/ani/blitz_ws/build/robot_interfaces -- -j32 -l32
[0.450s] Invoking command in '/home/ani/blitz_ws/build/robot_interfaces': CMAKE_PREFIX_PATH=${CMAKE_PREFIX_PATH}:/opt/ros/jazzy DEBUGINFOD_URLS=https://debuginfod.ubuntu.com /usr/bin/cmake --install /home/ani/blitz_ws/build/robot_interfaces
[0.458s] -- Install configuration: ""
[0.459s] -- Up-to-date: /home/ani/blitz_ws/install/robot_interfaces/share/ament_index/resource_index/rosidl_interfaces/robot_interfaces
[0.459s] -- Up-to-date: /home/ani/blitz_ws/install/robot_interfaces/share/robot_interfaces/msg/Counter.json
[0.459s] -- Up-to-date: /home/ani/blitz_ws/install/robot_interfaces/share/robot_interfaces/msg/Custom.json
[0.459s] -- Up-to-date: /home/ani/blitz_ws/install/robot_interfaces/share/robot_interfaces/msg/Speed.json
[0.459s] -- Up-to-date: /home/ani/blitz_ws/install/robot_interfaces/share/robot_interfaces/msg/Pwm.json
[0.459s] -- Up-to-date: /home/ani/blitz_ws/install/robot_interfaces/include/robot_interfaces/robot_interfaces
[0.459s] -- Up-to-date: /home/ani/blitz_ws/install/robot_interfaces/include/robot_interfaces/robot_interfaces/msg
[0.459s] -- Up-to-date: /home/ani/blitz_ws/install/robot_interfaces/include/robot_interfaces/robot_interfaces/msg/speed.h
[0.459s] -- Up-to-date: /home/ani/blitz_ws/install/robot_interfaces/include/robot_interfaces/robot_interfaces/msg/pwm.h
[0.459s] -- Up-to-date: /home/ani/blitz_ws/install/robot_interfaces/include/robot_interfaces/robot_interfaces/msg/custom.h
[0.459s] -- Up-to-date: /home/ani/blitz_ws/install/robot_interfaces/include/robot_interfaces/robot_interfaces/msg/detail
[0.459s] -- Up-to-date: /home/ani/blitz_ws/install/robot_interfaces/include/robot_interfaces/robot_interfaces/msg/detail/pwm__struct.h
[0.460s] -- Up-to-date: /home/ani/blitz_ws/install/robot_interfaces/include/robot_interfaces/robot_interfaces/msg/detail/pwm__type_support.c
[0.460s] -- Up-to-date: /home/ani/blitz_ws/install/robot_interfaces/include/robot_interfaces/robot_interfaces/msg/detail/pwm__type_support.h
[0.460s] -- Up-to-date: /home/ani/blitz_ws/install/robot_interfaces/include/robot_interfaces/robot_interfaces/msg/detail/speed__functions.c
[0.460s] -- Up-to-date: /home/ani/blitz_ws/install/robot_interfaces/include/robot_interfaces/robot_interfaces/msg/detail/custom__type_support.h
[0.460s] -- Up-to-date: /home/ani/blitz_ws/install/robot_interfaces/include/robot_interfaces/robot_interfaces/msg/detail/counter__type_support.h
[0.460s] -- Up-to-date: /home/ani/blitz_ws/install/robot_interfaces/include/robot_interfaces/robot_interfaces/msg/detail/counter__functions.c
[0.460s] -- Up-to-date: /home/ani/blitz_ws/install/robot_interfaces/include/robot_interfaces/robot_interfaces/msg/detail/custom__functions.h
[0.460s] -- Up-to-date: /home/ani/blitz_ws/install/robot_interfaces/include/robot_interfaces/robot_interfaces/msg/detail/custom__description.c
[0.460s] -- Up-to-date: /home/ani/blitz_ws/install/robot_interfaces/include/robot_interfaces/robot_interfaces/msg/detail/pwm__functions.h
[0.460s] -- Up-to-date: /home/ani/blitz_ws/install/robot_interfaces/include/robot_interfaces/robot_interfaces/msg/detail/speed__type_support.h
[0.460s] -- Up-to-date: /home/ani/blitz_ws/install/robot_interfaces/include/robot_interfaces/robot_interfaces/msg/detail/speed__struct.h
[0.460s] -- Up-to-date: /home/ani/blitz_ws/install/robot_interfaces/include/robot_interfaces/robot_interfaces/msg/detail/custom__type_support.c
[0.460s] -- Up-to-date: /home/ani/blitz_ws/install/robot_interfaces/include/robot_interfaces/robot_interfaces/msg/detail/speed__description.c
[0.460s] -- Up-to-date: /home/ani/blitz_ws/install/robot_interfaces/include/robot_interfaces/robot_interfaces/msg/detail/pwm__description.c
[0.460s] -- Up-to-date: /home/ani/blitz_ws/install/robot_interfaces/include/robot_interfaces/robot_interfaces/msg/detail/counter__functions.h
[0.460s] -- Up-to-date: /home/ani/blitz_ws/install/robot_interfaces/include/robot_interfaces/robot_interfaces/msg/detail/counter__type_support.c
[0.461s] -- Up-to-date: /home/ani/blitz_ws/install/robot_interfaces/include/robot_interfaces/robot_interfaces/msg/detail/custom__struct.h
[0.461s] -- Up-to-date: /home/ani/blitz_ws/install/robot_interfaces/include/robot_interfaces/robot_interfaces/msg/detail/speed__type_support.c
[0.461s] -- Up-to-date: /home/ani/blitz_ws/install/robot_interfaces/include/robot_interfaces/robot_interfaces/msg/detail/speed__functions.h
[0.461s] -- Up-to-date: /home/ani/blitz_ws/install/robot_interfaces/include/robot_interfaces/robot_interfaces/msg/detail/counter__struct.h
[0.461s] -- Up-to-date: /home/ani/blitz_ws/install/robot_interfaces/include/robot_interfaces/robot_interfaces/msg/detail/counter__description.c
[0.461s] -- Up-to-date: /home/ani/blitz_ws/install/robot_interfaces/include/robot_interfaces/robot_interfaces/msg/detail/custom__functions.c
[0.461s] -- Up-to-date: /home/ani/blitz_ws/install/robot_interfaces/include/robot_interfaces/robot_interfaces/msg/detail/pwm__functions.c
[0.461s] -- Up-to-date: /home/ani/blitz_ws/install/robot_interfaces/include/robot_interfaces/robot_interfaces/msg/counter.h
[0.461s] -- Up-to-date: /home/ani/blitz_ws/install/robot_interfaces/include/robot_interfaces/robot_interfaces/msg/rosidl_generator_c__visibility_control.h
[0.461s] -- Up-to-date: /home/ani/blitz_ws/install/robot_interfaces/share/robot_interfaces/environment/library_path.sh
[0.461s] -- Up-to-date: /home/ani/blitz_ws/install/robot_interfaces/share/robot_interfaces/environment/library_path.dsv
[0.461s] -- Up-to-date: /home/ani/blitz_ws/install/robot_interfaces/lib/librobot_interfaces__rosidl_generator_c.so
[0.461s] -- Up-to-date: /home/ani/blitz_ws/install/robot_interfaces/include/robot_interfaces/robot_interfaces
[0.461s] -- Up-to-date: /home/ani/blitz_ws/install/robot_interfaces/include/robot_interfaces/robot_interfaces/msg
[0.461s] -- Up-to-date: /home/ani/blitz_ws/install/robot_interfaces/include/robot_interfaces/robot_interfaces/msg/rosidl_typesupport_fastrtps_c__visibility_control.h
[0.461s] -- Up-to-date: /home/ani/blitz_ws/install/robot_interfaces/include/robot_interfaces/robot_interfaces/msg/detail
[0.462s] -- Up-to-date: /home/ani/blitz_ws/install/robot_interfaces/include/robot_interfaces/robot_interfaces/msg/detail/speed__rosidl_typesupport_fastrtps_c.h
[0.462s] -- Up-to-date: /home/ani/blitz_ws/install/robot_interfaces/include/robot_interfaces/robot_interfaces/msg/detail/counter__rosidl_typesupport_fastrtps_c.h
[0.462s] -- Up-to-date: /home/ani/blitz_ws/install/robot_interfaces/include/robot_interfaces/robot_interfaces/msg/detail/pwm__rosidl_typesupport_fastrtps_c.h
[0.462s] -- Up-to-date: /home/ani/blitz_ws/install/robot_interfaces/include/robot_interfaces/robot_interfaces/msg/detail/custom__rosidl_typesupport_fastrtps_c.h
[0.462s] -- Up-to-date: /home/ani/blitz_ws/install/robot_interfaces/lib/librobot_interfaces__rosidl_typesupport_fastrtps_c.so
[0.462s] -- Up-to-date: /home/ani/blitz_ws/install/robot_interfaces/include/robot_interfaces/robot_interfaces
[0.462s] -- Up-to-date: /home/ani/blitz_ws/install/robot_interfaces/include/robot_interfaces/robot_interfaces/msg
[0.463s] -- Up-to-date: /home/ani/blitz_ws/install/robot_interfaces/include/robot_interfaces/robot_interfaces/msg/detail
[0.463s] -- Up-to-date: /home/ani/blitz_ws/install/robot_interfaces/include/robot_interfaces/robot_interfaces/msg/detail/pwm__type_support.c
[0.463s] -- Up-to-date: /home/ani/blitz_ws/install/robot_interfaces/include/robot_interfaces/robot_interfaces/msg/detail/custom__rosidl_typesupport_introspection_c.h
[0.463s] -- Up-to-date: /home/ani/blitz_ws/install/robot_interfaces/include/robot_interfaces/robot_interfaces/msg/detail/custom__type_support.c
[0.463s] -- Up-to-date: /home/ani/blitz_ws/install/robot_interfaces/include/robot_interfaces/robot_interfaces/msg/detail/counter__type_support.c
[0.463s] -- Up-to-date: /home/ani/blitz_ws/install/robot_interfaces/include/robot_interfaces/robot_interfaces/msg/detail/speed__type_support.c
[0.463s] -- Up-to-date: /home/ani/blitz_ws/install/robot_interfaces/include/robot_interfaces/robot_interfaces/msg/detail/counter__rosidl_typesupport_introspection_c.h
[0.463s] -- Up-to-date: /home/ani/blitz_ws/install/robot_interfaces/include/robot_interfaces/robot_interfaces/msg/detail/pwm__rosidl_typesupport_introspection_c.h
[0.463s] -- Up-to-date: /home/ani/blitz_ws/install/robot_interfaces/include/robot_interfaces/robot_interfaces/msg/detail/speed__rosidl_typesupport_introspection_c.h
[0.463s] -- Up-to-date: /home/ani/blitz_ws/install/robot_interfaces/include/robot_interfaces/robot_interfaces/msg/rosidl_typesupport_introspection_c__visibility_control.h
[0.463s] -- Up-to-date: /home/ani/blitz_ws/install/robot_interfaces/lib/librobot_interfaces__rosidl_typesupport_introspection_c.so
[0.463s] -- Up-to-date: /home/ani/blitz_ws/install/robot_interfaces/lib/librobot_interfaces__rosidl_typesupport_c.so
[0.463s] -- Up-to-date: /home/ani/blitz_ws/install/robot_interfaces/include/robot_interfaces/robot_interfaces
[0.463s] -- Up-to-date: /home/ani/blitz_ws/install/robot_interfaces/include/robot_interfaces/robot_interfaces/msg
[0.463s] -- Up-to-date: /home/ani/blitz_ws/install/robot_interfaces/include/robot_interfaces/robot_interfaces/msg/counter.hpp
[0.463s] -- Up-to-date: /home/ani/blitz_ws/install/robot_interfaces/include/robot_interfaces/robot_interfaces/msg/rosidl_generator_cpp__visibility_control.hpp
[0.464s] -- Up-to-date: /home/ani/blitz_ws/install/robot_interfaces/include/robot_interfaces/robot_interfaces/msg/pwm.hpp
[0.464s] -- Up-to-date: /home/ani/blitz_ws/install/robot_interfaces/include/robot_interfaces/robot_interfaces/msg/detail
[0.464s] -- Up-to-date: /home/ani/blitz_ws/install/robot_interfaces/include/robot_interfaces/robot_interfaces/msg/detail/pwm__builder.hpp
[0.464s] -- Up-to-date: /home/ani/blitz_ws/install/robot_interfaces/include/robot_interfaces/robot_interfaces/msg/detail/counter__struct.hpp
[0.464s] -- Up-to-date: /home/ani/blitz_ws/install/robot_interfaces/include/robot_interfaces/robot_interfaces/msg/detail/custom__traits.hpp
[0.464s] -- Up-to-date: /home/ani/blitz_ws/install/robot_interfaces/include/robot_interfaces/robot_interfaces/msg/detail/counter__traits.hpp
[0.464s] -- Up-to-date: /home/ani/blitz_ws/install/robot_interfaces/include/robot_interfaces/robot_interfaces/msg/detail/custom__type_support.hpp
[0.464s] -- Up-to-date: /home/ani/blitz_ws/install/robot_interfaces/include/robot_interfaces/robot_interfaces/msg/detail/custom__struct.hpp
[0.464s] -- Up-to-date: /home/ani/blitz_ws/install/robot_interfaces/include/robot_interfaces/robot_interfaces/msg/detail/speed__type_support.hpp
[0.464s] -- Up-to-date: /home/ani/blitz_ws/install/robot_interfaces/include/robot_interfaces/robot_interfaces/msg/detail/custom__builder.hpp
[0.464s] -- Up-to-date: /home/ani/blitz_ws/install/robot_interfaces/include/robot_interfaces/robot_interfaces/msg/detail/speed__builder.hpp
[0.464s] -- Up-to-date: /home/ani/blitz_ws/install/robot_interfaces/include/robot_interfaces/robot_interfaces/msg/detail/speed__struct.hpp
[0.464s] -- Up-to-date: /home/ani/blitz_ws/install/robot_interfaces/include/robot_interfaces/robot_interfaces/msg/detail/speed__traits.hpp
[0.464s] -- Up-to-date: /home/ani/blitz_ws/install/robot_interfaces/include/robot_interfaces/robot_interfaces/msg/detail/pwm__struct.hpp
[0.464s] -- Up-to-date: /home/ani/blitz_ws/install/robot_interfaces/include/robot_interfaces/robot_interfaces/msg/detail/counter__builder.hpp
[0.464s] -- Up-to-date: /home/ani/blitz_ws/install/robot_interfaces/include/robot_interfaces/robot_interfaces/msg/detail/pwm__traits.hpp
[0.464s] -- Up-to-date: /home/ani/blitz_ws/install/robot_interfaces/include/robot_interfaces/robot_interfaces/msg/detail/pwm__type_support.hpp
[0.464s] -- Up-to-date: /home/ani/blitz_ws/install/robot_interfaces/include/robot_interfaces/robot_interfaces/msg/detail/counter__type_support.hpp
[0.465s] -- Up-to-date: /home/ani/blitz_ws/install/robot_interfaces/include/robot_interfaces/robot_interfaces/msg/speed.hpp
[0.465s] -- Up-to-date: /home/ani/blitz_ws/install/robot_interfaces/include/robot_interfaces/robot_interfaces/msg/custom.hpp
[0.465s] -- Up-to-date: /home/ani/blitz_ws/install/robot_interfaces/include/robot_interfaces/robot_interfaces
[0.465s] -- Up-to-date: /home/ani/blitz_ws/install/robot_interfaces/include/robot_interfaces/robot_interfaces/msg
[0.465s] -- Up-to-date: /home/ani/blitz_ws/install/robot_interfaces/include/robot_interfaces/robot_interfaces/msg/rosidl_typesupport_fastrtps_cpp__visibility_control.h
[0.465s] -- Up-to-date: /home/ani/blitz_ws/install/robot_interfaces/include/robot_interfaces/robot_interfaces/msg/detail
[0.465s] -- Up-to-date: /home/ani/blitz_ws/install/robot_interfaces/include/robot_interfaces/robot_interfaces/msg/detail/dds_fastrtps
[0.465s] -- Up-to-date: /home/ani/blitz_ws/install/robot_interfaces/include/robot_interfaces/robot_interfaces/msg/detail/speed__rosidl_typesupport_fastrtps_cpp.hpp
[0.465s] -- Up-to-date: /home/ani/blitz_ws/install/robot_interfaces/include/robot_interfaces/robot_interfaces/msg/detail/counter__rosidl_typesupport_fastrtps_cpp.hpp
[0.465s] -- Up-to-date: /home/ani/blitz_ws/install/robot_interfaces/include/robot_interfaces/robot_interfaces/msg/detail/custom__rosidl_typesupport_fastrtps_cpp.hpp
[0.465s] -- Up-to-date: /home/ani/blitz_ws/install/robot_interfaces/include/robot_interfaces/robot_interfaces/msg/detail/pwm__rosidl_typesupport_fastrtps_cpp.hpp
[0.465s] -- Up-to-date: /home/ani/blitz_ws/install/robot_interfaces/lib/librobot_interfaces__rosidl_typesupport_fastrtps_cpp.so
[0.465s] -- Up-to-date: /home/ani/blitz_ws/install/robot_interfaces/include/robot_interfaces/robot_interfaces
[0.465s] -- Up-to-date: /home/ani/blitz_ws/install/robot_interfaces/include/robot_interfaces/robot_interfaces/msg
[0.465s] -- Up-to-date: /home/ani/blitz_ws/install/robot_interfaces/include/robot_interfaces/robot_interfaces/msg/detail
[0.465s] -- Up-to-date: /home/ani/blitz_ws/install/robot_interfaces/include/robot_interfaces/robot_interfaces/msg/detail/counter__type_support.cpp
[0.465s] -- Up-to-date: /home/ani/blitz_ws/install/robot_interfaces/include/robot_interfaces/robot_interfaces/msg/detail/speed__rosidl_typesupport_introspection_cpp.hpp
[0.465s] -- Up-to-date: /home/ani/blitz_ws/install/robot_interfaces/include/robot_interfaces/robot_interfaces/msg/detail/custom__rosidl_typesupport_introspection_cpp.hpp
[0.465s] -- Up-to-date: /home/ani/blitz_ws/install/robot_interfaces/include/robot_interfaces/robot_interfaces/msg/detail/counter__rosidl_typesupport_introspection_cpp.hpp
[0.466s] -- Up-to-date: /home/ani/blitz_ws/install/robot_interfaces/include/robot_interfaces/robot_interfaces/msg/detail/pwm__rosidl_typesupport_introspection_cpp.hpp
[0.466s] -- Up-to-date: /home/ani/blitz_ws/install/robot_interfaces/include/robot_interfaces/robot_interfaces/msg/detail/custom__type_support.cpp
[0.466s] -- Up-to-date: /home/ani/blitz_ws/install/robot_interfaces/include/robot_interfaces/robot_interfaces/msg/detail/pwm__type_support.cpp
[0.466s] -- Up-to-date: /home/ani/blitz_ws/install/robot_interfaces/include/robot_interfaces/robot_interfaces/msg/detail/speed__type_support.cpp
[0.466s] -- Up-to-date: /home/ani/blitz_ws/install/robot_interfaces/lib/librobot_interfaces__rosidl_typesupport_introspection_cpp.so
[0.466s] -- Up-to-date: /home/ani/blitz_ws/install/robot_interfaces/lib/librobot_interfaces__rosidl_typesupport_cpp.so
[0.466s] -- Up-to-date: /home/ani/blitz_ws/install/robot_interfaces/share/robot_interfaces/environment/pythonpath.sh
[0.466s] -- Up-to-date: /home/ani/blitz_ws/install/robot_interfaces/share/robot_interfaces/environment/pythonpath.dsv
[0.466s] -- Up-to-date: /home/ani/blitz_ws/install/robot_interfaces/lib/python3.12/site-packages/robot_interfaces-0.0.0-py3.12.egg-info
[0.466s] -- Installing: /home/ani/blitz_ws/install/robot_interfaces/lib/python3.12/site-packages/robot_interfaces-0.0.0-py3.12.egg-info/SOURCES.txt
[0.466s] -- Installing: /home/ani/blitz_ws/install/robot_interfaces/lib/python3.12/site-packages/robot_interfaces-0.0.0-py3.12.egg-info/top_level.txt
[0.466s] -- Installing: /home/ani/blitz_ws/install/robot_interfaces/lib/python3.12/site-packages/robot_interfaces-0.0.0-py3.12.egg-info/dependency_links.txt
[0.466s] -- Installing: /home/ani/blitz_ws/install/robot_interfaces/lib/python3.12/site-packages/robot_interfaces-0.0.0-py3.12.egg-info/PKG-INFO
[0.466s] -- Up-to-date: /home/ani/blitz_ws/install/robot_interfaces/lib/python3.12/site-packages/robot_interfaces
[0.466s] -- Up-to-date: /home/ani/blitz_ws/install/robot_interfaces/lib/python3.12/site-packages/robot_interfaces/_robot_interfaces_s.ep.rosidl_typesupport_fastrtps_c.c
[0.466s] -- Up-to-date: /home/ani/blitz_ws/install/robot_interfaces/lib/python3.12/site-packages/robot_interfaces/_robot_interfaces_s.ep.rosidl_typesupport_introspection_c.c
[0.466s] -- Up-to-date: /home/ani/blitz_ws/install/robot_interfaces/lib/python3.12/site-packages/robot_interfaces/msg
[0.466s] -- Up-to-date: /home/ani/blitz_ws/install/robot_interfaces/lib/python3.12/site-packages/robot_interfaces/msg/_counter.py
[0.467s] -- Up-to-date: /home/ani/blitz_ws/install/robot_interfaces/lib/python3.12/site-packages/robot_interfaces/msg/_speed_s.c
[0.467s] -- Up-to-date: /home/ani/blitz_ws/install/robot_interfaces/lib/python3.12/site-packages/robot_interfaces/msg/_speed.py
[0.467s] -- Up-to-date: /home/ani/blitz_ws/install/robot_interfaces/lib/python3.12/site-packages/robot_interfaces/msg/__init__.py
[0.467s] -- Up-to-date: /home/ani/blitz_ws/install/robot_interfaces/lib/python3.12/site-packages/robot_interfaces/msg/_custom_s.c
[0.467s] -- Up-to-date: /home/ani/blitz_ws/install/robot_interfaces/lib/python3.12/site-packages/robot_interfaces/msg/_pwm.py
[0.467s] -- Up-to-date: /home/ani/blitz_ws/install/robot_interfaces/lib/python3.12/site-packages/robot_interfaces/msg/_counter_s.c
[0.467s] -- Up-to-date: /home/ani/blitz_ws/install/robot_interfaces/lib/python3.12/site-packages/robot_interfaces/msg/_custom.py
[0.467s] -- Up-to-date: /home/ani/blitz_ws/install/robot_interfaces/lib/python3.12/site-packages/robot_interfaces/msg/_pwm_s.c
[0.467s] -- Up-to-date: /home/ani/blitz_ws/install/robot_interfaces/lib/python3.12/site-packages/robot_interfaces/_robot_interfaces_s.ep.rosidl_typesupport_c.c
[0.467s] -- Up-to-date: /home/ani/blitz_ws/install/robot_interfaces/lib/python3.12/site-packages/robot_interfaces/robot_interfaces_s__rosidl_typesupport_c.so
[0.467s] -- Up-to-date: /home/ani/blitz_ws/install/robot_interfaces/lib/python3.12/site-packages/robot_interfaces/__init__.py
[0.467s] -- Up-to-date: /home/ani/blitz_ws/install/robot_interfaces/lib/python3.12/site-packages/robot_interfaces/robot_interfaces_s__rosidl_typesupport_fastrtps_c.so
[0.467s] -- Up-to-date: /home/ani/blitz_ws/install/robot_interfaces/lib/python3.12/site-packages/robot_interfaces/robot_interfaces_s__rosidl_typesupport_introspection_c.so
[0.503s] Listing '/home/ani/blitz_ws/install/robot_interfaces/lib/python3.12/site-packages/robot_interfaces'...
[0.504s] Listing '/home/ani/blitz_ws/install/robot_interfaces/lib/python3.12/site-packages/robot_interfaces/msg'...
[0.510s] -- Up-to-date: /home/ani/blitz_ws/install/robot_interfaces/lib/python3.12/site-packages/robot_interfaces/robot_interfaces_s__rosidl_typesupport_fastrtps_c.so
[0.510s] -- Up-to-date: /home/ani/blitz_ws/install/robot_interfaces/lib/python3.12/site-packages/robot_interfaces/robot_interfaces_s__rosidl_typesupport_introspection_c.so
[0.510s] -- Up-to-date: /home/ani/blitz_ws/install/robot_interfaces/lib/python3.12/site-packages/robot_interfaces/robot_interfaces_s__rosidl_typesupport_c.so
[0.510s] -- Up-to-date: /home/ani/blitz_ws/install/robot_interfaces/lib/librobot_interfaces__rosidl_generator_py.so
[0.511s] -- Up-to-date: /home/ani/blitz_ws/install/robot_interfaces/share/robot_interfaces/msg/Counter.idl
[0.511s] -- Up-to-date: /home/ani/blitz_ws/install/robot_interfaces/share/robot_interfaces/msg/Custom.idl
[0.511s] -- Up-to-date: /home/ani/blitz_ws/install/robot_interfaces/share/robot_interfaces/msg/Speed.idl
[0.511s] -- Up-to-date: /home/ani/blitz_ws/install/robot_interfaces/share/robot_interfaces/msg/Pwm.idl
[0.511s] -- Up-to-date: /home/ani/blitz_ws/install/robot_interfaces/share/robot_interfaces/msg/Counter.msg
[0.511s] -- Up-to-date: /home/ani/blitz_ws/install/robot_interfaces/share/robot_interfaces/msg/Custom.msg
[0.511s] -- Up-to-date: /home/ani/blitz_ws/install/robot_interfaces/share/robot_interfaces/msg/Speed.msg
[0.511s] -- Up-to-date: /home/ani/blitz_ws/install/robot_interfaces/share/robot_interfaces/msg/Pwm.msg
[0.511s] -- Up-to-date: /home/ani/blitz_ws/install/robot_interfaces/share/ament_index/resource_index/package_run_dependencies/robot_interfaces
[0.511s] -- Up-to-date: /home/ani/blitz_ws/install/robot_interfaces/share/ament_index/resource_index/parent_prefix_path/robot_interfaces
[0.511s] -- Up-to-date: /home/ani/blitz_ws/install/robot_interfaces/share/robot_interfaces/environment/ament_prefix_path.sh
[0.511s] -- Up-to-date: /home/ani/blitz_ws/install/robot_interfaces/share/robot_interfaces/environment/ament_prefix_path.dsv
[0.511s] -- Up-to-date: /home/ani/blitz_ws/install/robot_interfaces/share/robot_interfaces/environment/path.sh
[0.512s] -- Up-to-date: /home/ani/blitz_ws/install/robot_interfaces/share/robot_interfaces/environment/path.dsv
[0.512s] -- Up-to-date: /home/ani/blitz_ws/install/robot_interfaces/share/robot_interfaces/local_setup.bash
[0.512s] -- Up-to-date: /home/ani/blitz_ws/install/robot_interfaces/share/robot_interfaces/local_setup.sh
[0.512s] -- Up-to-date: /home/ani/blitz_ws/install/robot_interfaces/share/robot_interfaces/local_setup.zsh
[0.512s] -- Up-to-date: /home/ani/blitz_ws/install/robot_interfaces/share/robot_interfaces/local_setup.dsv
[0.512s] -- Installing: /home/ani/blitz_ws/install/robot_interfaces/share/robot_interfaces/package.dsv
[0.512s] -- Up-to-date: /home/ani/blitz_ws/install/robot_interfaces/share/ament_index/resource_index/packages/robot_interfaces
[0.512s] -- Up-to-date: /home/ani/blitz_ws/install/robot_interfaces/share/robot_interfaces/cmake/export_robot_interfaces__rosidl_generator_cExport.cmake
[0.512s] -- Up-to-date: /home/ani/blitz_ws/install/robot_interfaces/share/robot_interfaces/cmake/export_robot_interfaces__rosidl_generator_cExport-noconfig.cmake
[0.512s] -- Up-to-date: /home/ani/blitz_ws/install/robot_interfaces/share/robot_interfaces/cmake/export_robot_interfaces__rosidl_typesupport_fastrtps_cExport.cmake
[0.512s] -- Up-to-date: /home/ani/blitz_ws/install/robot_interfaces/share/robot_interfaces/cmake/export_robot_interfaces__rosidl_typesupport_fastrtps_cExport-noconfig.cmake
[0.512s] -- Up-to-date: /home/ani/blitz_ws/install/robot_interfaces/share/robot_interfaces/cmake/robot_interfaces__rosidl_typesupport_introspection_cExport.cmake
[0.512s] -- Up-to-date: /home/ani/blitz_ws/install/robot_interfaces/share/robot_interfaces/cmake/robot_interfaces__rosidl_typesupport_introspection_cExport-noconfig.cmake
[0.512s] -- Up-to-date: /home/ani/blitz_ws/install/robot_interfaces/share/robot_interfaces/cmake/robot_interfaces__rosidl_typesupport_cExport.cmake
[0.512s] -- Up-to-date: /home/ani/blitz_ws/install/robot_interfaces/share/robot_interfaces/cmake/robot_interfaces__rosidl_typesupport_cExport-noconfig.cmake
[0.513s] -- Up-to-date: /home/ani/blitz_ws/install/robot_interfaces/share/robot_interfaces/cmake/export_robot_interfaces__rosidl_generator_cppExport.cmake
[0.513s] -- Up-to-date: /home/ani/blitz_ws/install/robot_interfaces/share/robot_interfaces/cmake/export_robot_interfaces__rosidl_typesupport_fastrtps_cppExport.cmake
[0.513s] -- Up-to-date: /home/ani/blitz_ws/install/robot_interfaces/share/robot_interfaces/cmake/export_robot_interfaces__rosidl_typesupport_fastrtps_cppExport-noconfig.cmake
[0.513s] -- Up-to-date: /home/ani/blitz_ws/install/robot_interfaces/share/robot_interfaces/cmake/robot_interfaces__rosidl_typesupport_introspection_cppExport.cmake
[0.513s] -- Up-to-date: /home/ani/blitz_ws/install/robot_interfaces/share/robot_interfaces/cmake/robot_interfaces__rosidl_typesupport_introspection_cppExport-noconfig.cmake
[0.513s] -- Up-to-date: /home/ani/blitz_ws/install/robot_interfaces/share/robot_interfaces/cmake/robot_interfaces__rosidl_typesupport_cppExport.cmake
[0.513s] -- Up-to-date: /home/ani/blitz_ws/install/robot_interfaces/share/robot_interfaces/cmake/robot_interfaces__rosidl_typesupport_cppExport-noconfig.cmake
[0.513s] -- Up-to-date: /home/ani/blitz_ws/install/robot_interfaces/share/robot_interfaces/cmake/export_robot_interfaces__rosidl_generator_pyExport.cmake
[0.513s] -- Up-to-date: /home/ani/blitz_ws/install/robot_interfaces/share/robot_interfaces/cmake/export_robot_interfaces__rosidl_generator_pyExport-noconfig.cmake
[0.513s] -- Up-to-date: /home/ani/blitz_ws/install/robot_interfaces/share/robot_interfaces/cmake/rosidl_cmake-extras.cmake
[0.513s] -- Up-to-date: /home/ani/blitz_ws/install/robot_interfaces/share/robot_interfaces/cmake/ament_cmake_export_include_directories-extras.cmake
[0.513s] -- Up-to-date: /home/ani/blitz_ws/install/robot_interfaces/share/robot_interfaces/cmake/ament_cmake_export_libraries-extras.cmake
[0.513s] -- Up-to-date: /home/ani/blitz_ws/install/robot_interfaces/share/robot_interfaces/cmake/ament_cmake_export_targets-extras.cmake
[0.513s] -- Up-to-date: /home/ani/blitz_ws/install/robot_interfaces/share/robot_interfaces/cmake/rosidl_cmake_export_typesupport_targets-extras.cmake
[0.513s] -- Up-to-date: /home/ani/blitz_ws/install/robot_interfaces/share/robot_interfaces/cmake/ament_cmake_export_dependencies-extras.cmake
[0.513s] -- Up-to-date: /home/ani/blitz_ws/install/robot_interfaces/share/robot_interfaces/cmake/rosidl_cmake_export_typesupport_libraries-extras.cmake
[0.513s] -- Up-to-date: /home/ani/blitz_ws/install/robot_interfaces/share/robot_interfaces/cmake/robot_interfacesConfig.cmake
[0.513s] -- Up-to-date: /home/ani/blitz_ws/install/robot_interfaces/share/robot_interfaces/cmake/robot_interfacesConfig-version.cmake
[0.514s] -- Up-to-date: /home/ani/blitz_ws/install/robot_interfaces/share/robot_interfaces/package.xml
[0.514s] Invoked command in '/home/ani/blitz_ws/build/robot_interfaces' returned '0': CMAKE_PREFIX_PATH=${CMAKE_PREFIX_PATH}:/opt/ros/jazzy DEBUGINFOD_URLS=https://debuginfod.ubuntu.com /usr/bin/cmake --install /home/ani/blitz_ws/build/robot_interfaces
